{"C:\\Users\\andre\\OneDrive\\Documentos\\uni\\8vo\\arsw\\proyecto arsw\\The-Matrix-Front\\app\\components\\loadingScreen\\LoadingScreen.tsx": {"path":"C:\\Users\\andre\\OneDrive\\Documentos\\uni\\8vo\\arsw\\proyecto arsw\\The-Matrix-Front\\app\\components\\loadingScreen\\LoadingScreen.tsx","all":false,"statementMap":{"0":{"start":{"line":1,"column":0},"end":{"line":1,"column":44}},"1":{"start":{"line":2,"column":0},"end":{"line":2,"column":22}},"11":{"start":{"line":12,"column":0},"end":{"line":12,"column":39}},"12":{"start":{"line":13,"column":0},"end":{"line":13,"column":34}},"13":{"start":{"line":14,"column":0},"end":{"line":14,"column":17}},"14":{"start":{"line":15,"column":0},"end":{"line":15,"column":15}},"15":{"start":{"line":16,"column":0},"end":{"line":16,"column":14}},"16":{"start":{"line":17,"column":0},"end":{"line":17,"column":25}},"17":{"start":{"line":18,"column":0},"end":{"line":18,"column":24}},"18":{"start":{"line":19,"column":0},"end":{"line":19,"column":58}},"19":{"start":{"line":20,"column":0},"end":{"line":20,"column":58}},"20":{"start":{"line":21,"column":0},"end":{"line":21,"column":66}},"21":{"start":{"line":22,"column":0},"end":{"line":22,"column":60}},"22":{"start":{"line":23,"column":0},"end":{"line":23,"column":56}},"25":{"start":{"line":26,"column":0},"end":{"line":26,"column":21}},"27":{"start":{"line":28,"column":0},"end":{"line":28,"column":75}},"28":{"start":{"line":29,"column":0},"end":{"line":29,"column":49}},"29":{"start":{"line":30,"column":0},"end":{"line":30,"column":38}},"33":{"start":{"line":34,"column":0},"end":{"line":34,"column":31}},"34":{"start":{"line":35,"column":0},"end":{"line":35,"column":65}},"35":{"start":{"line":36,"column":0},"end":{"line":36,"column":38}},"36":{"start":{"line":37,"column":0},"end":{"line":37,"column":67}},"37":{"start":{"line":38,"column":0},"end":{"line":38,"column":38}},"38":{"start":{"line":39,"column":0},"end":{"line":39,"column":65}},"39":{"start":{"line":40,"column":0},"end":{"line":40,"column":38}},"40":{"start":{"line":41,"column":0},"end":{"line":41,"column":60}},"41":{"start":{"line":42,"column":0},"end":{"line":42,"column":16}},"42":{"start":{"line":43,"column":0},"end":{"line":43,"column":74}},"43":{"start":{"line":44,"column":0},"end":{"line":44,"column":9}},"46":{"start":{"line":47,"column":0},"end":{"line":47,"column":48}},"47":{"start":{"line":48,"column":0},"end":{"line":48,"column":32}},"48":{"start":{"line":49,"column":0},"end":{"line":49,"column":29}},"49":{"start":{"line":50,"column":0},"end":{"line":50,"column":95}},"50":{"start":{"line":51,"column":0},"end":{"line":51,"column":13}},"51":{"start":{"line":52,"column":0},"end":{"line":52,"column":9}},"52":{"start":{"line":53,"column":0},"end":{"line":53,"column":67}},"55":{"start":{"line":56,"column":0},"end":{"line":56,"column":21}},"57":{"start":{"line":58,"column":0},"end":{"line":58,"column":31}},"59":{"start":{"line":60,"column":0},"end":{"line":60,"column":39}},"61":{"start":{"line":62,"column":0},"end":{"line":62,"column":28}},"62":{"start":{"line":63,"column":0},"end":{"line":63,"column":29}},"63":{"start":{"line":64,"column":0},"end":{"line":64,"column":28}},"64":{"start":{"line":65,"column":0},"end":{"line":65,"column":27}},"65":{"start":{"line":66,"column":0},"end":{"line":66,"column":25}},"66":{"start":{"line":67,"column":0},"end":{"line":67,"column":25}},"92":{"start":{"line":93,"column":0},"end":{"line":93,"column":10}},"104":{"start":{"line":105,"column":0},"end":{"line":105,"column":28}},"105":{"start":{"line":106,"column":0},"end":{"line":106,"column":57}},"108":{"start":{"line":109,"column":0},"end":{"line":109,"column":38}},"109":{"start":{"line":110,"column":0},"end":{"line":110,"column":26}},"110":{"start":{"line":111,"column":0},"end":{"line":111,"column":93}},"111":{"start":{"line":112,"column":0},"end":{"line":112,"column":42}},"113":{"start":{"line":114,"column":0},"end":{"line":114,"column":46}},"114":{"start":{"line":115,"column":0},"end":{"line":115,"column":38}},"115":{"start":{"line":116,"column":0},"end":{"line":116,"column":13}},"116":{"start":{"line":117,"column":0},"end":{"line":117,"column":10}},"119":{"start":{"line":120,"column":0},"end":{"line":120,"column":46}},"120":{"start":{"line":121,"column":0},"end":{"line":121,"column":36}},"121":{"start":{"line":122,"column":0},"end":{"line":122,"column":40}},"122":{"start":{"line":123,"column":0},"end":{"line":123,"column":97}},"123":{"start":{"line":124,"column":0},"end":{"line":124,"column":26}},"124":{"start":{"line":125,"column":0},"end":{"line":125,"column":11}},"127":{"start":{"line":128,"column":0},"end":{"line":128,"column":43}},"128":{"start":{"line":129,"column":0},"end":{"line":129,"column":32}},"129":{"start":{"line":130,"column":0},"end":{"line":130,"column":96}},"130":{"start":{"line":131,"column":0},"end":{"line":131,"column":38}},"131":{"start":{"line":132,"column":0},"end":{"line":132,"column":73}},"132":{"start":{"line":133,"column":0},"end":{"line":133,"column":13}},"133":{"start":{"line":134,"column":0},"end":{"line":134,"column":50}},"135":{"start":{"line":136,"column":0},"end":{"line":136,"column":44}},"136":{"start":{"line":137,"column":0},"end":{"line":137,"column":20}},"139":{"start":{"line":140,"column":0},"end":{"line":140,"column":21}},"140":{"start":{"line":141,"column":0},"end":{"line":141,"column":27}},"141":{"start":{"line":142,"column":0},"end":{"line":142,"column":39}},"142":{"start":{"line":143,"column":0},"end":{"line":143,"column":9}},"143":{"start":{"line":144,"column":0},"end":{"line":144,"column":19}},"146":{"start":{"line":147,"column":0},"end":{"line":147,"column":12}},"147":{"start":{"line":148,"column":0},"end":{"line":148,"column":40}},"148":{"start":{"line":149,"column":0},"end":{"line":149,"column":47}},"149":{"start":{"line":150,"column":0},"end":{"line":150,"column":67}},"151":{"start":{"line":152,"column":0},"end":{"line":152,"column":51}},"152":{"start":{"line":153,"column":0},"end":{"line":153,"column":60}},"153":{"start":{"line":154,"column":0},"end":{"line":154,"column":22}},"155":{"start":{"line":156,"column":0},"end":{"line":156,"column":67}},"157":{"start":{"line":158,"column":0},"end":{"line":158,"column":56}},"158":{"start":{"line":159,"column":0},"end":{"line":159,"column":24}},"159":{"start":{"line":160,"column":0},"end":{"line":160,"column":53}},"160":{"start":{"line":161,"column":0},"end":{"line":161,"column":62}},"161":{"start":{"line":162,"column":0},"end":{"line":162,"column":27}},"162":{"start":{"line":163,"column":0},"end":{"line":163,"column":22}},"164":{"start":{"line":165,"column":0},"end":{"line":165,"column":70}},"165":{"start":{"line":166,"column":0},"end":{"line":166,"column":18}},"166":{"start":{"line":167,"column":0},"end":{"line":167,"column":14}},"168":{"start":{"line":169,"column":0},"end":{"line":169,"column":1}}},"s":{"0":1,"1":1,"11":53,"12":53,"13":53,"14":53,"15":53,"16":53,"17":53,"18":53,"19":53,"20":53,"21":53,"22":53,"25":53,"27":33,"28":33,"29":33,"33":33,"34":13,"35":33,"36":8,"37":20,"38":5,"39":12,"40":2,"41":7,"42":5,"43":5,"46":33,"47":2,"48":2,"49":2,"50":2,"51":2,"52":53,"55":53,"57":13,"59":1,"61":1,"62":1,"63":1,"64":1,"65":1,"66":1,"92":1,"104":1,"105":1,"108":1,"109":6,"110":6,"111":6,"113":6,"114":1,"115":1,"116":6,"119":1,"120":6,"121":6,"122":6,"123":6,"124":1,"127":1,"128":0,"129":0,"130":0,"131":0,"132":0,"133":1,"135":1,"136":53,"139":53,"140":19,"141":11,"142":11,"143":53,"146":53,"147":53,"148":53,"149":53,"151":53,"152":53,"153":53,"155":53,"157":53,"158":53,"159":53,"160":53,"161":53,"162":53,"164":53,"165":53,"166":53,"168":53},"branchMap":{"0":{"type":"branch","line":12,"loc":{"start":{"line":12,"column":0},"end":{"line":169,"column":1}},"locations":[{"start":{"line":12,"column":0},"end":{"line":169,"column":1}}]},"1":{"type":"branch","line":26,"loc":{"start":{"line":26,"column":14},"end":{"line":53,"column":7}},"locations":[{"start":{"line":26,"column":14},"end":{"line":53,"column":7}}]},"2":{"type":"branch","line":34,"loc":{"start":{"line":34,"column":30},"end":{"line":36,"column":19}},"locations":[{"start":{"line":34,"column":30},"end":{"line":36,"column":19}}]},"3":{"type":"branch","line":36,"loc":{"start":{"line":36,"column":8},"end":{"line":44,"column":9}},"locations":[{"start":{"line":36,"column":8},"end":{"line":44,"column":9}}]},"4":{"type":"branch","line":36,"loc":{"start":{"line":36,"column":37},"end":{"line":38,"column":19}},"locations":[{"start":{"line":36,"column":37},"end":{"line":38,"column":19}}]},"5":{"type":"branch","line":38,"loc":{"start":{"line":38,"column":8},"end":{"line":44,"column":9}},"locations":[{"start":{"line":38,"column":8},"end":{"line":44,"column":9}}]},"6":{"type":"branch","line":38,"loc":{"start":{"line":38,"column":37},"end":{"line":40,"column":19}},"locations":[{"start":{"line":38,"column":37},"end":{"line":40,"column":19}}]},"7":{"type":"branch","line":40,"loc":{"start":{"line":40,"column":8},"end":{"line":44,"column":9}},"locations":[{"start":{"line":40,"column":8},"end":{"line":44,"column":9}}]},"8":{"type":"branch","line":40,"loc":{"start":{"line":40,"column":37},"end":{"line":42,"column":15}},"locations":[{"start":{"line":40,"column":37},"end":{"line":42,"column":15}}]},"9":{"type":"branch","line":42,"loc":{"start":{"line":42,"column":8},"end":{"line":44,"column":9}},"locations":[{"start":{"line":42,"column":8},"end":{"line":44,"column":9}}]},"10":{"type":"branch","line":47,"loc":{"start":{"line":47,"column":27},"end":{"line":47,"column":47}},"locations":[{"start":{"line":47,"column":27},"end":{"line":47,"column":47}}]},"11":{"type":"branch","line":47,"loc":{"start":{"line":47,"column":47},"end":{"line":52,"column":9}},"locations":[{"start":{"line":47,"column":47},"end":{"line":52,"column":9}}]},"12":{"type":"branch","line":50,"loc":{"start":{"line":50,"column":27},"end":{"line":50,"column":47}},"locations":[{"start":{"line":50,"column":27},"end":{"line":50,"column":47}}]},"13":{"type":"branch","line":56,"loc":{"start":{"line":56,"column":14},"end":{"line":137,"column":7}},"locations":[{"start":{"line":56,"column":14},"end":{"line":137,"column":7}}]},"14":{"type":"branch","line":58,"loc":{"start":{"line":58,"column":24},"end":{"line":58,"column":31}},"locations":[{"start":{"line":58,"column":24},"end":{"line":58,"column":31}}]},"15":{"type":"branch","line":58,"loc":{"start":{"line":58,"column":24},"end":{"line":136,"column":44}},"locations":[{"start":{"line":58,"column":24},"end":{"line":136,"column":44}}]},"16":{"type":"branch","line":109,"loc":{"start":{"line":109,"column":31},"end":{"line":117,"column":10}},"locations":[{"start":{"line":109,"column":31},"end":{"line":117,"column":10}}]},"17":{"type":"branch","line":114,"loc":{"start":{"line":114,"column":45},"end":{"line":116,"column":13}},"locations":[{"start":{"line":114,"column":45},"end":{"line":116,"column":13}}]},"18":{"type":"branch","line":120,"loc":{"start":{"line":120,"column":38},"end":{"line":125,"column":9}},"locations":[{"start":{"line":120,"column":38},"end":{"line":125,"column":9}}]},"19":{"type":"branch","line":136,"loc":{"start":{"line":136,"column":15},"end":{"line":136,"column":44}},"locations":[{"start":{"line":136,"column":15},"end":{"line":136,"column":44}}]},"20":{"type":"branch","line":140,"loc":{"start":{"line":140,"column":14},"end":{"line":144,"column":7}},"locations":[{"start":{"line":140,"column":14},"end":{"line":144,"column":7}}]},"21":{"type":"branch","line":141,"loc":{"start":{"line":141,"column":26},"end":{"line":143,"column":9}},"locations":[{"start":{"line":141,"column":26},"end":{"line":143,"column":9}}]}},"b":{"0":[53],"1":[33],"2":[13],"3":[20],"4":[8],"5":[12],"6":[5],"7":[7],"8":[2],"9":[5],"10":[4],"11":[2],"12":[2],"13":[13],"14":[12],"15":[1],"16":[6],"17":[1],"18":[6],"19":[1],"20":[19],"21":[11]},"fnMap":{"0":{"name":"LoadingScreen","decl":{"start":{"line":12,"column":0},"end":{"line":169,"column":1}},"loc":{"start":{"line":12,"column":0},"end":{"line":169,"column":1}},"line":12},"1":{"name":"updateProgress","decl":{"start":{"line":109,"column":31},"end":{"line":117,"column":10}},"loc":{"start":{"line":109,"column":31},"end":{"line":117,"column":10}},"line":109}},"f":{"0":53,"1":6}}
,"C:\\Users\\andre\\OneDrive\\Documentos\\uni\\8vo\\arsw\\proyecto arsw\\The-Matrix-Front\\app\\components\\modal\\Modal.tsx": {"path":"C:\\Users\\andre\\OneDrive\\Documentos\\uni\\8vo\\arsw\\proyecto arsw\\The-Matrix-Front\\app\\components\\modal\\Modal.tsx","all":false,"statementMap":{"0":{"start":{"line":1,"column":0},"end":{"line":1,"column":37}},"12":{"start":{"line":13,"column":0},"end":{"line":13,"column":31}},"13":{"start":{"line":14,"column":0},"end":{"line":14,"column":11}},"14":{"start":{"line":15,"column":0},"end":{"line":15,"column":12}},"15":{"start":{"line":16,"column":0},"end":{"line":16,"column":32}},"16":{"start":{"line":17,"column":0},"end":{"line":17,"column":19}},"17":{"start":{"line":18,"column":0},"end":{"line":18,"column":13}},"18":{"start":{"line":19,"column":0},"end":{"line":19,"column":23}},"19":{"start":{"line":20,"column":0},"end":{"line":20,"column":16}},"20":{"start":{"line":21,"column":0},"end":{"line":21,"column":42}},"21":{"start":{"line":22,"column":0},"end":{"line":22,"column":21}},"22":{"start":{"line":23,"column":0},"end":{"line":23,"column":52}},"23":{"start":{"line":24,"column":0},"end":{"line":24,"column":16}},"24":{"start":{"line":25,"column":0},"end":{"line":25,"column":50}},"25":{"start":{"line":26,"column":0},"end":{"line":26,"column":9}},"26":{"start":{"line":27,"column":0},"end":{"line":27,"column":5}},"28":{"start":{"line":29,"column":0},"end":{"line":29,"column":24}},"29":{"start":{"line":30,"column":0},"end":{"line":30,"column":18}},"30":{"start":{"line":31,"column":0},"end":{"line":31,"column":50}},"31":{"start":{"line":32,"column":0},"end":{"line":32,"column":50}},"32":{"start":{"line":33,"column":0},"end":{"line":33,"column":56}},"33":{"start":{"line":34,"column":0},"end":{"line":34,"column":25}},"34":{"start":{"line":35,"column":0},"end":{"line":35,"column":28}},"35":{"start":{"line":36,"column":0},"end":{"line":36,"column":33}},"36":{"start":{"line":37,"column":0},"end":{"line":37,"column":36}},"37":{"start":{"line":38,"column":0},"end":{"line":38,"column":10}},"38":{"start":{"line":39,"column":0},"end":{"line":39,"column":18}},"39":{"start":{"line":40,"column":0},"end":{"line":40,"column":42}},"40":{"start":{"line":41,"column":0},"end":{"line":41,"column":26}},"41":{"start":{"line":42,"column":0},"end":{"line":42,"column":27}},"42":{"start":{"line":43,"column":0},"end":{"line":43,"column":31}},"43":{"start":{"line":44,"column":0},"end":{"line":44,"column":29}},"44":{"start":{"line":45,"column":0},"end":{"line":45,"column":33}},"45":{"start":{"line":46,"column":0},"end":{"line":46,"column":28}},"46":{"start":{"line":47,"column":0},"end":{"line":47,"column":25}},"47":{"start":{"line":48,"column":0},"end":{"line":48,"column":26}},"48":{"start":{"line":49,"column":0},"end":{"line":49,"column":28}},"49":{"start":{"line":50,"column":0},"end":{"line":50,"column":28}},"50":{"start":{"line":51,"column":0},"end":{"line":51,"column":9}},"51":{"start":{"line":52,"column":0},"end":{"line":52,"column":6}},"53":{"start":{"line":54,"column":0},"end":{"line":54,"column":12}},"54":{"start":{"line":55,"column":0},"end":{"line":55,"column":19}},"55":{"start":{"line":56,"column":0},"end":{"line":56,"column":27}},"56":{"start":{"line":57,"column":0},"end":{"line":57,"column":36}},"57":{"start":{"line":58,"column":0},"end":{"line":58,"column":30}},"58":{"start":{"line":59,"column":0},"end":{"line":59,"column":50}},"59":{"start":{"line":60,"column":0},"end":{"line":60,"column":31}},"61":{"start":{"line":62,"column":0},"end":{"line":62,"column":16}},"62":{"start":{"line":63,"column":0},"end":{"line":63,"column":43}},"63":{"start":{"line":64,"column":0},"end":{"line":64,"column":24}},"64":{"start":{"line":65,"column":0},"end":{"line":65,"column":55}},"65":{"start":{"line":66,"column":0},"end":{"line":66,"column":44}},"66":{"start":{"line":67,"column":0},"end":{"line":67,"column":48}},"67":{"start":{"line":68,"column":0},"end":{"line":68,"column":18}},"69":{"start":{"line":70,"column":0},"end":{"line":70,"column":26}},"71":{"start":{"line":72,"column":0},"end":{"line":72,"column":18}},"72":{"start":{"line":73,"column":0},"end":{"line":73,"column":21}},"74":{"start":{"line":75,"column":0},"end":{"line":75,"column":1}}},"s":{"0":1,"12":30,"13":30,"14":30,"15":30,"16":30,"17":30,"18":30,"19":30,"20":30,"21":30,"22":16,"23":30,"24":14,"25":14,"26":30,"28":30,"29":30,"30":30,"31":30,"32":30,"33":30,"34":30,"35":30,"36":30,"37":30,"38":30,"39":30,"40":30,"41":30,"42":30,"43":30,"44":30,"45":30,"46":30,"47":30,"48":30,"49":30,"50":30,"51":30,"53":30,"54":30,"55":30,"56":30,"57":30,"58":30,"59":30,"61":30,"62":30,"63":30,"64":30,"65":30,"66":30,"67":30,"69":30,"71":30,"72":30,"74":30},"branchMap":{"0":{"type":"branch","line":13,"loc":{"start":{"line":13,"column":0},"end":{"line":75,"column":1}},"locations":[{"start":{"line":13,"column":0},"end":{"line":75,"column":1}}]},"1":{"type":"branch","line":22,"loc":{"start":{"line":22,"column":20},"end":{"line":24,"column":15}},"locations":[{"start":{"line":22,"column":20},"end":{"line":24,"column":15}}]},"2":{"type":"branch","line":24,"loc":{"start":{"line":24,"column":8},"end":{"line":26,"column":9}},"locations":[{"start":{"line":24,"column":8},"end":{"line":26,"column":9}}]}},"b":{"0":[30],"1":[16],"2":[14]},"fnMap":{"0":{"name":"Modal","decl":{"start":{"line":13,"column":0},"end":{"line":75,"column":1}},"loc":{"start":{"line":13,"column":0},"end":{"line":75,"column":1}},"line":13}},"f":{"0":30}}
,"C:\\Users\\andre\\OneDrive\\Documentos\\uni\\8vo\\arsw\\proyecto arsw\\The-Matrix-Front\\app\\components\\shared\\Button.tsx": {"path":"C:\\Users\\andre\\OneDrive\\Documentos\\uni\\8vo\\arsw\\proyecto arsw\\The-Matrix-Front\\app\\components\\shared\\Button.tsx","all":false,"statementMap":{"1":{"start":{"line":2,"column":0},"end":{"line":2,"column":22}},"9":{"start":{"line":10,"column":0},"end":{"line":10,"column":32}},"10":{"start":{"line":11,"column":0},"end":{"line":11,"column":13}},"11":{"start":{"line":12,"column":0},"end":{"line":12,"column":24}},"12":{"start":{"line":13,"column":0},"end":{"line":13,"column":20}},"13":{"start":{"line":14,"column":0},"end":{"line":14,"column":22}},"14":{"start":{"line":15,"column":0},"end":{"line":15,"column":19}},"15":{"start":{"line":16,"column":0},"end":{"line":16,"column":12}},"16":{"start":{"line":17,"column":0},"end":{"line":17,"column":17}},"17":{"start":{"line":18,"column":0},"end":{"line":18,"column":12}},"18":{"start":{"line":19,"column":0},"end":{"line":19,"column":15}},"19":{"start":{"line":20,"column":0},"end":{"line":20,"column":104}},"20":{"start":{"line":21,"column":0},"end":{"line":21,"column":22}},"22":{"start":{"line":23,"column":0},"end":{"line":23,"column":22}},"23":{"start":{"line":24,"column":0},"end":{"line":24,"column":17}},"25":{"start":{"line":26,"column":0},"end":{"line":26,"column":1}}},"s":{"1":1,"9":173,"10":173,"11":173,"12":173,"13":173,"14":173,"15":173,"16":173,"17":173,"18":173,"19":173,"20":173,"22":173,"23":173,"25":173},"branchMap":{"0":{"type":"branch","line":10,"loc":{"start":{"line":10,"column":0},"end":{"line":26,"column":1}},"locations":[{"start":{"line":10,"column":0},"end":{"line":26,"column":1}}]},"1":{"type":"branch","line":20,"loc":{"start":{"line":20,"column":59},"end":{"line":20,"column":86}},"locations":[{"start":{"line":20,"column":59},"end":{"line":20,"column":86}}]},"2":{"type":"branch","line":20,"loc":{"start":{"line":20,"column":71},"end":{"line":20,"column":88}},"locations":[{"start":{"line":20,"column":71},"end":{"line":20,"column":88}}]}},"b":{"0":[173],"1":[1],"2":[172]},"fnMap":{"0":{"name":"Button","decl":{"start":{"line":10,"column":0},"end":{"line":26,"column":1}},"loc":{"start":{"line":10,"column":0},"end":{"line":26,"column":1}},"line":10}},"f":{"0":173}}
,"C:\\Users\\andre\\OneDrive\\Documentos\\uni\\8vo\\arsw\\proyecto arsw\\The-Matrix-Front\\app\\contexts\\UsersContext.tsx": {"path":"C:\\Users\\andre\\OneDrive\\Documentos\\uni\\8vo\\arsw\\proyecto arsw\\The-Matrix-Front\\app\\contexts\\UsersContext.tsx","all":false,"statementMap":{"0":{"start":{"line":1,"column":0},"end":{"line":1,"column":62}},"19":{"start":{"line":20,"column":0},"end":{"line":20,"column":34}},"20":{"start":{"line":21,"column":0},"end":{"line":21,"column":15}},"21":{"start":{"line":22,"column":0},"end":{"line":22,"column":15}},"22":{"start":{"line":23,"column":0},"end":{"line":23,"column":20}},"23":{"start":{"line":24,"column":0},"end":{"line":24,"column":24}},"24":{"start":{"line":25,"column":0},"end":{"line":25,"column":27}},"25":{"start":{"line":26,"column":0},"end":{"line":26,"column":33}},"26":{"start":{"line":27,"column":0},"end":{"line":27,"column":26}},"27":{"start":{"line":28,"column":0},"end":{"line":28,"column":22}},"28":{"start":{"line":29,"column":0},"end":{"line":29,"column":6}},"29":{"start":{"line":30,"column":0},"end":{"line":30,"column":20}},"30":{"start":{"line":31,"column":0},"end":{"line":31,"column":15}},"31":{"start":{"line":32,"column":0},"end":{"line":32,"column":20}},"32":{"start":{"line":33,"column":0},"end":{"line":33,"column":24}},"33":{"start":{"line":34,"column":0},"end":{"line":34,"column":27}},"34":{"start":{"line":35,"column":0},"end":{"line":35,"column":33}},"35":{"start":{"line":36,"column":0},"end":{"line":36,"column":26}},"36":{"start":{"line":37,"column":0},"end":{"line":37,"column":22}},"37":{"start":{"line":38,"column":0},"end":{"line":38,"column":6}},"38":{"start":{"line":39,"column":0},"end":{"line":39,"column":24}},"39":{"start":{"line":40,"column":0},"end":{"line":40,"column":2}},"41":{"start":{"line":42,"column":0},"end":{"line":42,"column":75}},"42":{"start":{"line":43,"column":0},"end":{"line":43,"column":26}},"43":{"start":{"line":44,"column":0},"end":{"line":44,"column":29}},"44":{"start":{"line":45,"column":0},"end":{"line":45,"column":58}},"45":{"start":{"line":46,"column":0},"end":{"line":46,"column":34}},"46":{"start":{"line":47,"column":0},"end":{"line":47,"column":63}},"47":{"start":{"line":48,"column":0},"end":{"line":48,"column":36}},"48":{"start":{"line":49,"column":0},"end":{"line":49,"column":58}},"49":{"start":{"line":50,"column":0},"end":{"line":50,"column":62}},"50":{"start":{"line":51,"column":0},"end":{"line":51,"column":13}},"51":{"start":{"line":52,"column":0},"end":{"line":52,"column":63}},"53":{"start":{"line":54,"column":0},"end":{"line":54,"column":27}},"54":{"start":{"line":55,"column":0},"end":{"line":55,"column":20}},"55":{"start":{"line":56,"column":0},"end":{"line":56,"column":27}},"56":{"start":{"line":57,"column":0},"end":{"line":57,"column":38}},"57":{"start":{"line":58,"column":0},"end":{"line":58,"column":52}},"58":{"start":{"line":59,"column":0},"end":{"line":59,"column":70}},"59":{"start":{"line":60,"column":0},"end":{"line":60,"column":18}},"60":{"start":{"line":61,"column":0},"end":{"line":61,"column":32}},"61":{"start":{"line":62,"column":0},"end":{"line":62,"column":43}},"62":{"start":{"line":63,"column":0},"end":{"line":63,"column":52}},"63":{"start":{"line":64,"column":0},"end":{"line":64,"column":75}},"64":{"start":{"line":65,"column":0},"end":{"line":65,"column":18}},"65":{"start":{"line":66,"column":0},"end":{"line":66,"column":43}},"66":{"start":{"line":67,"column":0},"end":{"line":67,"column":14}},"67":{"start":{"line":68,"column":0},"end":{"line":68,"column":25}},"68":{"start":{"line":69,"column":0},"end":{"line":69,"column":64}},"69":{"start":{"line":70,"column":0},"end":{"line":70,"column":24}},"70":{"start":{"line":71,"column":0},"end":{"line":71,"column":29}},"71":{"start":{"line":72,"column":0},"end":{"line":72,"column":31}},"72":{"start":{"line":73,"column":0},"end":{"line":73,"column":42}},"73":{"start":{"line":74,"column":0},"end":{"line":74,"column":61}},"74":{"start":{"line":75,"column":0},"end":{"line":75,"column":60}},"75":{"start":{"line":76,"column":0},"end":{"line":76,"column":51}},"76":{"start":{"line":77,"column":0},"end":{"line":77,"column":22}},"77":{"start":{"line":78,"column":0},"end":{"line":78,"column":18}},"78":{"start":{"line":79,"column":0},"end":{"line":79,"column":13}},"79":{"start":{"line":80,"column":0},"end":{"line":80,"column":20}},"80":{"start":{"line":81,"column":0},"end":{"line":81,"column":25}},"81":{"start":{"line":82,"column":0},"end":{"line":82,"column":32}},"82":{"start":{"line":83,"column":0},"end":{"line":83,"column":43}},"83":{"start":{"line":84,"column":0},"end":{"line":84,"column":57}},"84":{"start":{"line":85,"column":0},"end":{"line":85,"column":56}},"85":{"start":{"line":86,"column":0},"end":{"line":86,"column":47}},"86":{"start":{"line":87,"column":0},"end":{"line":87,"column":18}},"87":{"start":{"line":88,"column":0},"end":{"line":88,"column":14}},"88":{"start":{"line":89,"column":0},"end":{"line":89,"column":30}},"89":{"start":{"line":90,"column":0},"end":{"line":90,"column":63}},"90":{"start":{"line":91,"column":0},"end":{"line":91,"column":20}},"91":{"start":{"line":92,"column":0},"end":{"line":92,"column":25}},"92":{"start":{"line":93,"column":0},"end":{"line":93,"column":42}},"93":{"start":{"line":94,"column":0},"end":{"line":94,"column":14}},"94":{"start":{"line":95,"column":0},"end":{"line":95,"column":28}},"95":{"start":{"line":96,"column":0},"end":{"line":96,"column":49}},"96":{"start":{"line":97,"column":0},"end":{"line":97,"column":58}},"97":{"start":{"line":98,"column":0},"end":{"line":98,"column":24}},"98":{"start":{"line":99,"column":0},"end":{"line":99,"column":29}},"99":{"start":{"line":100,"column":0},"end":{"line":100,"column":31}},"100":{"start":{"line":101,"column":0},"end":{"line":101,"column":42}},"102":{"start":{"line":103,"column":0},"end":{"line":103,"column":76}},"104":{"start":{"line":105,"column":0},"end":{"line":105,"column":60}},"105":{"start":{"line":106,"column":0},"end":{"line":106,"column":78}},"106":{"start":{"line":107,"column":0},"end":{"line":107,"column":56}},"107":{"start":{"line":108,"column":0},"end":{"line":108,"column":46}},"108":{"start":{"line":109,"column":0},"end":{"line":109,"column":50}},"109":{"start":{"line":110,"column":0},"end":{"line":110,"column":22}},"110":{"start":{"line":111,"column":0},"end":{"line":111,"column":18}},"111":{"start":{"line":112,"column":0},"end":{"line":112,"column":13}},"112":{"start":{"line":113,"column":0},"end":{"line":113,"column":63}},"113":{"start":{"line":114,"column":0},"end":{"line":114,"column":24}},"114":{"start":{"line":115,"column":0},"end":{"line":115,"column":29}},"115":{"start":{"line":116,"column":0},"end":{"line":116,"column":36}},"116":{"start":{"line":117,"column":0},"end":{"line":117,"column":47}},"117":{"start":{"line":118,"column":0},"end":{"line":118,"column":81}},"119":{"start":{"line":120,"column":0},"end":{"line":120,"column":65}},"120":{"start":{"line":121,"column":0},"end":{"line":121,"column":63}},"121":{"start":{"line":122,"column":0},"end":{"line":122,"column":61}},"122":{"start":{"line":123,"column":0},"end":{"line":123,"column":51}},"123":{"start":{"line":124,"column":0},"end":{"line":124,"column":55}},"124":{"start":{"line":125,"column":0},"end":{"line":125,"column":22}},"125":{"start":{"line":126,"column":0},"end":{"line":126,"column":18}},"126":{"start":{"line":127,"column":0},"end":{"line":127,"column":13}},"127":{"start":{"line":128,"column":0},"end":{"line":128,"column":25}},"128":{"start":{"line":129,"column":0},"end":{"line":129,"column":16}},"129":{"start":{"line":130,"column":0},"end":{"line":130,"column":25}},"130":{"start":{"line":131,"column":0},"end":{"line":131,"column":5}},"131":{"start":{"line":132,"column":0},"end":{"line":132,"column":1}},"138":{"start":{"line":139,"column":0},"end":{"line":139,"column":77}},"140":{"start":{"line":141,"column":0},"end":{"line":141,"column":73}},"141":{"start":{"line":142,"column":0},"end":{"line":142,"column":69}},"142":{"start":{"line":143,"column":0},"end":{"line":143,"column":12}},"143":{"start":{"line":144,"column":0},"end":{"line":144,"column":59}},"144":{"start":{"line":145,"column":0},"end":{"line":145,"column":22}},"145":{"start":{"line":146,"column":0},"end":{"line":146,"column":32}},"147":{"start":{"line":148,"column":0},"end":{"line":148,"column":2}},"149":{"start":{"line":150,"column":0},"end":{"line":150,"column":28}},"150":{"start":{"line":151,"column":0},"end":{"line":151,"column":45}},"151":{"start":{"line":152,"column":0},"end":{"line":152,"column":82}},"152":{"start":{"line":153,"column":0},"end":{"line":153,"column":19}},"153":{"start":{"line":154,"column":0},"end":{"line":154,"column":1}}},"s":{"0":1,"19":1,"20":1,"21":1,"22":1,"23":1,"24":1,"25":1,"26":1,"27":1,"28":1,"29":1,"30":1,"31":1,"32":1,"33":1,"34":1,"35":1,"36":1,"37":1,"38":1,"39":1,"41":10,"42":10,"43":10,"44":3,"45":10,"46":1,"47":10,"48":0,"49":0,"50":0,"51":0,"53":10,"54":2,"55":2,"56":2,"57":2,"58":2,"59":2,"60":2,"61":2,"62":2,"63":2,"64":2,"65":2,"66":2,"67":10,"68":2,"69":1,"70":1,"71":1,"72":1,"73":1,"74":1,"75":1,"76":1,"77":1,"78":1,"79":1,"80":1,"81":1,"82":1,"83":1,"84":1,"85":1,"86":1,"87":1,"88":10,"89":2,"90":2,"91":2,"92":2,"93":2,"94":10,"95":0,"96":0,"97":0,"98":0,"99":0,"100":0,"102":0,"104":0,"105":0,"106":0,"107":0,"108":0,"109":0,"110":0,"111":0,"112":0,"113":0,"114":0,"115":0,"116":0,"117":0,"119":0,"120":0,"121":0,"122":0,"123":0,"124":0,"125":0,"126":0,"127":0,"128":10,"129":0,"130":10,"131":10,"138":1,"140":1,"141":24,"142":24,"143":24,"144":24,"145":24,"147":24,"149":1,"150":36,"151":36,"152":31,"153":31},"branchMap":{"0":{"type":"branch","line":42,"loc":{"start":{"line":42,"column":0},"end":{"line":132,"column":1}},"locations":[{"start":{"line":42,"column":0},"end":{"line":132,"column":1}}]},"1":{"type":"branch","line":44,"loc":{"start":{"line":44,"column":8},"end":{"line":45,"column":58}},"locations":[{"start":{"line":44,"column":8},"end":{"line":45,"column":58}}]},"2":{"type":"branch","line":46,"loc":{"start":{"line":46,"column":8},"end":{"line":47,"column":63}},"locations":[{"start":{"line":46,"column":8},"end":{"line":47,"column":63}}]},"3":{"type":"branch","line":48,"loc":{"start":{"line":48,"column":8},"end":{"line":52,"column":63}},"locations":[{"start":{"line":48,"column":8},"end":{"line":52,"column":63}}]},"4":{"type":"branch","line":54,"loc":{"start":{"line":54,"column":8},"end":{"line":67,"column":14}},"locations":[{"start":{"line":54,"column":8},"end":{"line":67,"column":14}}]},"5":{"type":"branch","line":68,"loc":{"start":{"line":68,"column":8},"end":{"line":88,"column":14}},"locations":[{"start":{"line":68,"column":8},"end":{"line":88,"column":14}}]},"6":{"type":"branch","line":69,"loc":{"start":{"line":69,"column":63},"end":{"line":88,"column":14}},"locations":[{"start":{"line":69,"column":63},"end":{"line":88,"column":14}}]},"7":{"type":"branch","line":89,"loc":{"start":{"line":89,"column":8},"end":{"line":94,"column":14}},"locations":[{"start":{"line":89,"column":8},"end":{"line":94,"column":14}}]},"8":{"type":"branch","line":95,"loc":{"start":{"line":95,"column":8},"end":{"line":128,"column":25}},"locations":[{"start":{"line":95,"column":8},"end":{"line":128,"column":25}}]},"9":{"type":"branch","line":129,"loc":{"start":{"line":129,"column":8},"end":{"line":130,"column":25}},"locations":[{"start":{"line":129,"column":8},"end":{"line":130,"column":25}}]},"10":{"type":"branch","line":141,"loc":{"start":{"line":141,"column":29},"end":{"line":148,"column":2}},"locations":[{"start":{"line":141,"column":29},"end":{"line":148,"column":2}}]},"11":{"type":"branch","line":150,"loc":{"start":{"line":150,"column":7},"end":{"line":154,"column":1}},"locations":[{"start":{"line":150,"column":7},"end":{"line":154,"column":1}}]},"12":{"type":"branch","line":152,"loc":{"start":{"line":152,"column":18},"end":{"line":152,"column":82}},"locations":[{"start":{"line":152,"column":18},"end":{"line":152,"column":82}}]},"13":{"type":"branch","line":152,"loc":{"start":{"line":152,"column":80},"end":{"line":154,"column":1}},"locations":[{"start":{"line":152,"column":80},"end":{"line":154,"column":1}}]}},"b":{"0":[10],"1":[3],"2":[1],"3":[0],"4":[2],"5":[2],"6":[1],"7":[2],"8":[0],"9":[0],"10":[24],"11":[36],"12":[4],"13":[31]},"fnMap":{"0":{"name":"usersReducer","decl":{"start":{"line":42,"column":0},"end":{"line":132,"column":1}},"loc":{"start":{"line":42,"column":0},"end":{"line":132,"column":1}},"line":42},"1":{"name":"UsersProvider","decl":{"start":{"line":141,"column":29},"end":{"line":148,"column":2}},"loc":{"start":{"line":141,"column":29},"end":{"line":148,"column":2}},"line":141},"2":{"name":"useUsers","decl":{"start":{"line":150,"column":7},"end":{"line":154,"column":1}},"loc":{"start":{"line":150,"column":7},"end":{"line":154,"column":1}},"line":150}},"f":{"0":10,"1":24,"2":36}}
,"C:\\Users\\andre\\OneDrive\\Documentos\\uni\\8vo\\arsw\\proyecto arsw\\The-Matrix-Front\\app\\contexts\\game\\GameWebSocketProvider.tsx": {"path":"C:\\Users\\andre\\OneDrive\\Documentos\\uni\\8vo\\arsw\\proyecto arsw\\The-Matrix-Front\\app\\contexts\\game\\GameWebSocketProvider.tsx","all":false,"statementMap":{"0":{"start":{"line":1,"column":0},"end":{"line":1,"column":92}},"2":{"start":{"line":3,"column":0},"end":{"line":3,"column":51}},"3":{"start":{"line":4,"column":0},"end":{"line":4,"column":48}},"4":{"start":{"line":5,"column":0},"end":{"line":5,"column":57}},"5":{"start":{"line":6,"column":0},"end":{"line":6,"column":51}},"6":{"start":{"line":7,"column":0},"end":{"line":7,"column":54}},"9":{"start":{"line":10,"column":0},"end":{"line":10,"column":78}},"11":{"start":{"line":12,"column":0},"end":{"line":12,"column":44}},"14":{"start":{"line":15,"column":0},"end":{"line":15,"column":26}},"16":{"start":{"line":17,"column":0},"end":{"line":17,"column":78}},"17":{"start":{"line":18,"column":0},"end":{"line":18,"column":51}},"18":{"start":{"line":19,"column":0},"end":{"line":19,"column":49}},"19":{"start":{"line":20,"column":0},"end":{"line":20,"column":77}},"20":{"start":{"line":21,"column":0},"end":{"line":21,"column":68}},"21":{"start":{"line":22,"column":0},"end":{"line":22,"column":55}},"23":{"start":{"line":24,"column":0},"end":{"line":24,"column":74}},"25":{"start":{"line":26,"column":0},"end":{"line":26,"column":38}},"26":{"start":{"line":27,"column":0},"end":{"line":27,"column":63}},"29":{"start":{"line":30,"column":0},"end":{"line":30,"column":46}},"30":{"start":{"line":31,"column":0},"end":{"line":31,"column":50}},"31":{"start":{"line":32,"column":0},"end":{"line":32,"column":78}},"32":{"start":{"line":33,"column":0},"end":{"line":33,"column":13}},"33":{"start":{"line":34,"column":0},"end":{"line":34,"column":5}},"35":{"start":{"line":36,"column":0},"end":{"line":36,"column":13}},"36":{"start":{"line":37,"column":0},"end":{"line":37,"column":17}},"37":{"start":{"line":38,"column":0},"end":{"line":38,"column":5}},"38":{"start":{"line":39,"column":0},"end":{"line":39,"column":24}},"39":{"start":{"line":40,"column":0},"end":{"line":40,"column":48}},"40":{"start":{"line":41,"column":0},"end":{"line":41,"column":118}},"41":{"start":{"line":42,"column":0},"end":{"line":42,"column":18}},"42":{"start":{"line":43,"column":0},"end":{"line":43,"column":20}},"44":{"start":{"line":45,"column":0},"end":{"line":45,"column":44}},"47":{"start":{"line":48,"column":0},"end":{"line":48,"column":59}},"48":{"start":{"line":49,"column":0},"end":{"line":49,"column":49}},"49":{"start":{"line":50,"column":0},"end":{"line":50,"column":67}},"50":{"start":{"line":51,"column":0},"end":{"line":51,"column":12}},"51":{"start":{"line":52,"column":0},"end":{"line":52,"column":82}},"52":{"start":{"line":53,"column":0},"end":{"line":53,"column":5}},"53":{"start":{"line":54,"column":0},"end":{"line":54,"column":11}},"56":{"start":{"line":57,"column":0},"end":{"line":57,"column":19}},"57":{"start":{"line":58,"column":0},"end":{"line":58,"column":20}},"58":{"start":{"line":59,"column":0},"end":{"line":59,"column":53}},"59":{"start":{"line":60,"column":0},"end":{"line":60,"column":23}},"60":{"start":{"line":61,"column":0},"end":{"line":61,"column":42}},"61":{"start":{"line":62,"column":0},"end":{"line":62,"column":6}},"63":{"start":{"line":64,"column":0},"end":{"line":64,"column":29}},"64":{"start":{"line":65,"column":0},"end":{"line":65,"column":51}},"65":{"start":{"line":66,"column":0},"end":{"line":66,"column":23}},"67":{"start":{"line":68,"column":0},"end":{"line":68,"column":33}},"68":{"start":{"line":69,"column":0},"end":{"line":69,"column":36}},"69":{"start":{"line":70,"column":0},"end":{"line":70,"column":11}},"70":{"start":{"line":71,"column":0},"end":{"line":71,"column":87}},"71":{"start":{"line":72,"column":0},"end":{"line":72,"column":41}},"72":{"start":{"line":73,"column":0},"end":{"line":73,"column":125}},"73":{"start":{"line":74,"column":0},"end":{"line":74,"column":55}},"74":{"start":{"line":75,"column":0},"end":{"line":75,"column":31}},"75":{"start":{"line":76,"column":0},"end":{"line":76,"column":93}},"76":{"start":{"line":77,"column":0},"end":{"line":77,"column":33}},"77":{"start":{"line":78,"column":0},"end":{"line":78,"column":16}},"78":{"start":{"line":79,"column":0},"end":{"line":79,"column":73}},"79":{"start":{"line":80,"column":0},"end":{"line":80,"column":9}},"80":{"start":{"line":81,"column":0},"end":{"line":81,"column":14}},"81":{"start":{"line":82,"column":0},"end":{"line":82,"column":98}},"82":{"start":{"line":83,"column":0},"end":{"line":83,"column":7}},"83":{"start":{"line":84,"column":0},"end":{"line":84,"column":6}},"85":{"start":{"line":86,"column":0},"end":{"line":86,"column":29}},"86":{"start":{"line":87,"column":0},"end":{"line":87,"column":47}},"87":{"start":{"line":88,"column":0},"end":{"line":88,"column":6}},"88":{"start":{"line":89,"column":0},"end":{"line":89,"column":31}},"89":{"start":{"line":90,"column":0},"end":{"line":90,"column":11}},"90":{"start":{"line":91,"column":0},"end":{"line":91,"column":47}},"91":{"start":{"line":92,"column":0},"end":{"line":92,"column":70}},"93":{"start":{"line":94,"column":0},"end":{"line":94,"column":45}},"94":{"start":{"line":95,"column":0},"end":{"line":95,"column":88}},"95":{"start":{"line":96,"column":0},"end":{"line":96,"column":88}},"96":{"start":{"line":97,"column":0},"end":{"line":97,"column":9}},"97":{"start":{"line":98,"column":0},"end":{"line":98,"column":50}},"98":{"start":{"line":99,"column":0},"end":{"line":99,"column":25}},"99":{"start":{"line":100,"column":0},"end":{"line":100,"column":30}},"100":{"start":{"line":101,"column":0},"end":{"line":101,"column":22}},"101":{"start":{"line":102,"column":0},"end":{"line":102,"column":43}},"102":{"start":{"line":103,"column":0},"end":{"line":103,"column":55}},"103":{"start":{"line":104,"column":0},"end":{"line":104,"column":51}},"104":{"start":{"line":105,"column":0},"end":{"line":105,"column":43}},"105":{"start":{"line":106,"column":0},"end":{"line":106,"column":13}},"106":{"start":{"line":107,"column":0},"end":{"line":107,"column":13}},"107":{"start":{"line":108,"column":0},"end":{"line":108,"column":47}},"109":{"start":{"line":110,"column":0},"end":{"line":110,"column":83}},"110":{"start":{"line":111,"column":0},"end":{"line":111,"column":56}},"111":{"start":{"line":112,"column":0},"end":{"line":112,"column":93}},"112":{"start":{"line":113,"column":0},"end":{"line":113,"column":11}},"113":{"start":{"line":114,"column":0},"end":{"line":114,"column":9}},"115":{"start":{"line":116,"column":0},"end":{"line":116,"column":51}},"117":{"start":{"line":118,"column":0},"end":{"line":118,"column":76}},"118":{"start":{"line":119,"column":0},"end":{"line":119,"column":9}},"120":{"start":{"line":121,"column":0},"end":{"line":121,"column":42}},"122":{"start":{"line":123,"column":0},"end":{"line":123,"column":86}},"123":{"start":{"line":124,"column":0},"end":{"line":124,"column":30}},"124":{"start":{"line":125,"column":0},"end":{"line":125,"column":29}},"125":{"start":{"line":126,"column":0},"end":{"line":126,"column":39}},"126":{"start":{"line":127,"column":0},"end":{"line":127,"column":47}},"127":{"start":{"line":128,"column":0},"end":{"line":128,"column":17}},"128":{"start":{"line":129,"column":0},"end":{"line":129,"column":21}},"129":{"start":{"line":130,"column":0},"end":{"line":130,"column":18}},"130":{"start":{"line":131,"column":0},"end":{"line":131,"column":27}},"131":{"start":{"line":132,"column":0},"end":{"line":132,"column":37}},"132":{"start":{"line":133,"column":0},"end":{"line":133,"column":45}},"133":{"start":{"line":134,"column":0},"end":{"line":134,"column":15}},"134":{"start":{"line":135,"column":0},"end":{"line":135,"column":11}},"135":{"start":{"line":136,"column":0},"end":{"line":136,"column":9}},"137":{"start":{"line":138,"column":0},"end":{"line":138,"column":52}},"138":{"start":{"line":139,"column":0},"end":{"line":139,"column":65}},"139":{"start":{"line":140,"column":0},"end":{"line":140,"column":80}},"140":{"start":{"line":141,"column":0},"end":{"line":141,"column":93}},"141":{"start":{"line":142,"column":0},"end":{"line":142,"column":9}},"143":{"start":{"line":144,"column":0},"end":{"line":144,"column":58}},"144":{"start":{"line":145,"column":0},"end":{"line":145,"column":57}},"145":{"start":{"line":146,"column":0},"end":{"line":146,"column":25}},"146":{"start":{"line":147,"column":0},"end":{"line":147,"column":38}},"147":{"start":{"line":148,"column":0},"end":{"line":148,"column":22}},"148":{"start":{"line":149,"column":0},"end":{"line":149,"column":43}},"149":{"start":{"line":150,"column":0},"end":{"line":150,"column":53}},"150":{"start":{"line":151,"column":0},"end":{"line":151,"column":13}},"151":{"start":{"line":152,"column":0},"end":{"line":152,"column":13}},"152":{"start":{"line":153,"column":0},"end":{"line":153,"column":9}},"154":{"start":{"line":155,"column":0},"end":{"line":155,"column":49}},"156":{"start":{"line":157,"column":0},"end":{"line":157,"column":93}},"157":{"start":{"line":158,"column":0},"end":{"line":158,"column":93}},"159":{"start":{"line":160,"column":0},"end":{"line":160,"column":50}},"160":{"start":{"line":161,"column":0},"end":{"line":161,"column":51}},"161":{"start":{"line":162,"column":0},"end":{"line":162,"column":68}},"162":{"start":{"line":163,"column":0},"end":{"line":163,"column":25}},"163":{"start":{"line":164,"column":0},"end":{"line":164,"column":34}},"164":{"start":{"line":165,"column":0},"end":{"line":165,"column":22}},"165":{"start":{"line":166,"column":0},"end":{"line":166,"column":37}},"166":{"start":{"line":167,"column":0},"end":{"line":167,"column":63}},"167":{"start":{"line":168,"column":0},"end":{"line":168,"column":65}},"168":{"start":{"line":169,"column":0},"end":{"line":169,"column":13}},"169":{"start":{"line":170,"column":0},"end":{"line":170,"column":13}},"170":{"start":{"line":171,"column":0},"end":{"line":171,"column":25}},"171":{"start":{"line":172,"column":0},"end":{"line":172,"column":39}},"172":{"start":{"line":173,"column":0},"end":{"line":173,"column":22}},"173":{"start":{"line":174,"column":0},"end":{"line":174,"column":42}},"174":{"start":{"line":175,"column":0},"end":{"line":175,"column":64}},"175":{"start":{"line":176,"column":0},"end":{"line":176,"column":66}},"176":{"start":{"line":177,"column":0},"end":{"line":177,"column":13}},"177":{"start":{"line":178,"column":0},"end":{"line":178,"column":13}},"180":{"start":{"line":181,"column":0},"end":{"line":181,"column":79}},"182":{"start":{"line":183,"column":0},"end":{"line":183,"column":25}},"183":{"start":{"line":184,"column":0},"end":{"line":184,"column":35}},"184":{"start":{"line":185,"column":0},"end":{"line":185,"column":30}},"185":{"start":{"line":186,"column":0},"end":{"line":186,"column":13}},"186":{"start":{"line":187,"column":0},"end":{"line":187,"column":9}},"188":{"start":{"line":189,"column":0},"end":{"line":189,"column":59}},"190":{"start":{"line":191,"column":0},"end":{"line":191,"column":63}},"191":{"start":{"line":192,"column":0},"end":{"line":192,"column":84}},"192":{"start":{"line":193,"column":0},"end":{"line":193,"column":9}},"193":{"start":{"line":194,"column":0},"end":{"line":194,"column":45}},"194":{"start":{"line":195,"column":0},"end":{"line":195,"column":25}},"195":{"start":{"line":196,"column":0},"end":{"line":196,"column":35}},"196":{"start":{"line":197,"column":0},"end":{"line":197,"column":68}},"197":{"start":{"line":198,"column":0},"end":{"line":198,"column":13}},"198":{"start":{"line":199,"column":0},"end":{"line":199,"column":80}},"199":{"start":{"line":200,"column":0},"end":{"line":200,"column":9}},"200":{"start":{"line":201,"column":0},"end":{"line":201,"column":51}},"201":{"start":{"line":202,"column":0},"end":{"line":202,"column":25}},"202":{"start":{"line":203,"column":0},"end":{"line":203,"column":33}},"203":{"start":{"line":204,"column":0},"end":{"line":204,"column":36}},"204":{"start":{"line":205,"column":0},"end":{"line":205,"column":13}},"205":{"start":{"line":206,"column":0},"end":{"line":206,"column":9}},"206":{"start":{"line":207,"column":0},"end":{"line":207,"column":14}},"207":{"start":{"line":208,"column":0},"end":{"line":208,"column":58}},"208":{"start":{"line":209,"column":0},"end":{"line":209,"column":9}},"209":{"start":{"line":210,"column":0},"end":{"line":210,"column":23}},"210":{"start":{"line":211,"column":0},"end":{"line":211,"column":93}},"211":{"start":{"line":212,"column":0},"end":{"line":212,"column":7}},"212":{"start":{"line":213,"column":0},"end":{"line":213,"column":6}},"213":{"start":{"line":214,"column":0},"end":{"line":214,"column":52}},"214":{"start":{"line":215,"column":0},"end":{"line":215,"column":11}},"217":{"start":{"line":218,"column":0},"end":{"line":218,"column":10}},"218":{"start":{"line":219,"column":0},"end":{"line":219,"column":77}},"219":{"start":{"line":220,"column":0},"end":{"line":220,"column":16}},"220":{"start":{"line":221,"column":0},"end":{"line":221,"column":36}},"222":{"start":{"line":223,"column":0},"end":{"line":223,"column":1}},"224":{"start":{"line":225,"column":0},"end":{"line":225,"column":36}},"225":{"start":{"line":226,"column":0},"end":{"line":226,"column":47}},"226":{"start":{"line":227,"column":0},"end":{"line":227,"column":92}},"227":{"start":{"line":228,"column":0},"end":{"line":228,"column":13}},"228":{"start":{"line":229,"column":0},"end":{"line":229,"column":1}}},"s":{"0":1,"2":1,"3":1,"4":1,"5":1,"6":1,"9":1,"11":1,"14":1,"16":1,"17":15,"18":15,"19":15,"20":15,"21":15,"23":15,"25":15,"26":15,"29":15,"30":5,"31":0,"32":0,"33":0,"35":5,"36":0,"37":0,"38":5,"39":5,"40":5,"41":5,"42":5,"44":15,"47":15,"48":1,"49":1,"50":1,"51":0,"52":0,"53":15,"56":15,"57":11,"58":5,"59":5,"60":5,"61":5,"63":5,"64":1,"65":0,"67":0,"68":0,"69":0,"70":0,"71":0,"72":0,"73":0,"74":0,"75":0,"76":0,"77":0,"78":0,"79":0,"80":1,"81":1,"82":1,"83":1,"85":5,"86":1,"87":1,"88":5,"89":4,"90":4,"91":4,"93":4,"94":1,"95":1,"96":1,"97":3,"98":1,"99":1,"100":1,"101":1,"102":1,"103":1,"104":1,"105":1,"106":1,"107":1,"109":1,"110":1,"111":1,"112":1,"113":1,"115":2,"117":1,"118":1,"120":1,"122":0,"123":0,"124":0,"125":0,"126":0,"127":0,"128":0,"129":0,"130":0,"131":0,"132":0,"133":0,"134":0,"135":0,"137":1,"138":1,"139":1,"140":1,"141":1,"143":0,"144":0,"145":0,"146":0,"147":0,"148":0,"149":0,"150":0,"151":0,"152":0,"154":0,"156":0,"157":0,"159":0,"160":0,"161":0,"162":0,"163":0,"164":0,"165":0,"166":0,"167":0,"168":0,"169":0,"170":0,"171":0,"172":0,"173":0,"174":0,"175":0,"176":0,"177":0,"180":0,"182":0,"183":0,"184":0,"185":0,"186":0,"188":0,"190":0,"191":0,"192":0,"193":0,"194":0,"195":0,"196":0,"197":0,"198":0,"199":0,"200":0,"201":0,"202":0,"203":0,"204":0,"205":0,"206":0,"207":0,"208":0,"209":4,"210":0,"211":0,"212":4,"213":5,"214":15,"217":15,"218":15,"219":15,"220":15,"222":15,"224":1,"225":19,"226":19,"227":14,"228":14},"branchMap":{"0":{"type":"branch","line":10,"loc":{"start":{"line":10,"column":36},"end":{"line":10,"column":78}},"locations":[{"start":{"line":10,"column":36},"end":{"line":10,"column":78}}]},"1":{"type":"branch","line":17,"loc":{"start":{"line":17,"column":7},"end":{"line":223,"column":1}},"locations":[{"start":{"line":17,"column":7},"end":{"line":223,"column":1}}]},"2":{"type":"branch","line":30,"loc":{"start":{"line":30,"column":39},"end":{"line":45,"column":5}},"locations":[{"start":{"line":30,"column":39},"end":{"line":45,"column":5}}]},"3":{"type":"branch","line":31,"loc":{"start":{"line":31,"column":49},"end":{"line":34,"column":5}},"locations":[{"start":{"line":31,"column":49},"end":{"line":34,"column":5}}]},"4":{"type":"branch","line":36,"loc":{"start":{"line":36,"column":12},"end":{"line":38,"column":5}},"locations":[{"start":{"line":36,"column":12},"end":{"line":38,"column":5}}]},"5":{"type":"branch","line":48,"loc":{"start":{"line":48,"column":34},"end":{"line":54,"column":5}},"locations":[{"start":{"line":48,"column":34},"end":{"line":54,"column":5}}]},"6":{"type":"branch","line":50,"loc":{"start":{"line":50,"column":29},"end":{"line":50,"column":46}},"locations":[{"start":{"line":50,"column":29},"end":{"line":50,"column":46}}]},"7":{"type":"branch","line":51,"loc":{"start":{"line":51,"column":4},"end":{"line":53,"column":5}},"locations":[{"start":{"line":51,"column":4},"end":{"line":53,"column":5}}]},"8":{"type":"branch","line":57,"loc":{"start":{"line":57,"column":12},"end":{"line":215,"column":5}},"locations":[{"start":{"line":57,"column":12},"end":{"line":215,"column":5}}]},"9":{"type":"branch","line":58,"loc":{"start":{"line":58,"column":13},"end":{"line":58,"column":20}},"locations":[{"start":{"line":58,"column":13},"end":{"line":58,"column":20}}]},"10":{"type":"branch","line":58,"loc":{"start":{"line":58,"column":13},"end":{"line":214,"column":52}},"locations":[{"start":{"line":58,"column":13},"end":{"line":214,"column":52}}]},"11":{"type":"branch","line":60,"loc":{"start":{"line":60,"column":16},"end":{"line":62,"column":6}},"locations":[{"start":{"line":60,"column":16},"end":{"line":62,"column":6}}]},"12":{"type":"branch","line":64,"loc":{"start":{"line":64,"column":17},"end":{"line":84,"column":6}},"locations":[{"start":{"line":64,"column":17},"end":{"line":84,"column":6}}]},"13":{"type":"branch","line":65,"loc":{"start":{"line":65,"column":50},"end":{"line":81,"column":13}},"locations":[{"start":{"line":65,"column":50},"end":{"line":81,"column":13}}]},"14":{"type":"branch","line":86,"loc":{"start":{"line":86,"column":17},"end":{"line":88,"column":6}},"locations":[{"start":{"line":86,"column":17},"end":{"line":88,"column":6}}]},"15":{"type":"branch","line":89,"loc":{"start":{"line":89,"column":19},"end":{"line":213,"column":6}},"locations":[{"start":{"line":89,"column":19},"end":{"line":213,"column":6}}]},"16":{"type":"branch","line":94,"loc":{"start":{"line":94,"column":44},"end":{"line":97,"column":9}},"locations":[{"start":{"line":94,"column":44},"end":{"line":97,"column":9}}]},"17":{"type":"branch","line":97,"loc":{"start":{"line":97,"column":8},"end":{"line":209,"column":9}},"locations":[{"start":{"line":97,"column":8},"end":{"line":209,"column":9}}]},"18":{"type":"branch","line":98,"loc":{"start":{"line":98,"column":49},"end":{"line":114,"column":9}},"locations":[{"start":{"line":98,"column":49},"end":{"line":114,"column":9}}]},"19":{"type":"branch","line":114,"loc":{"start":{"line":114,"column":8},"end":{"line":209,"column":9}},"locations":[{"start":{"line":114,"column":8},"end":{"line":209,"column":9}}]},"20":{"type":"branch","line":116,"loc":{"start":{"line":116,"column":50},"end":{"line":209,"column":9}},"locations":[{"start":{"line":116,"column":50},"end":{"line":209,"column":9}}]},"21":{"type":"branch","line":121,"loc":{"start":{"line":121,"column":41},"end":{"line":136,"column":9}},"locations":[{"start":{"line":121,"column":41},"end":{"line":136,"column":9}}]},"22":{"type":"branch","line":142,"loc":{"start":{"line":142,"column":8},"end":{"line":209,"column":9}},"locations":[{"start":{"line":142,"column":8},"end":{"line":209,"column":9}}]},"23":{"type":"branch","line":210,"loc":{"start":{"line":210,"column":6},"end":{"line":212,"column":7}},"locations":[{"start":{"line":210,"column":6},"end":{"line":212,"column":7}}]},"24":{"type":"branch","line":225,"loc":{"start":{"line":225,"column":7},"end":{"line":229,"column":1}},"locations":[{"start":{"line":225,"column":7},"end":{"line":229,"column":1}}]},"25":{"type":"branch","line":227,"loc":{"start":{"line":227,"column":12},"end":{"line":227,"column":92}},"locations":[{"start":{"line":227,"column":12},"end":{"line":227,"column":92}}]},"26":{"type":"branch","line":227,"loc":{"start":{"line":227,"column":90},"end":{"line":229,"column":1}},"locations":[{"start":{"line":227,"column":90},"end":{"line":229,"column":1}}]}},"b":{"0":[0],"1":[15],"2":[5],"3":[0],"4":[0],"5":[1],"6":[0],"7":[0],"8":[11],"9":[6],"10":[5],"11":[5],"12":[1],"13":[0],"14":[1],"15":[4],"16":[1],"17":[3],"18":[1],"19":[2],"20":[1],"21":[0],"22":[0],"23":[0],"24":[19],"25":[4],"26":[14]},"fnMap":{"0":{"name":"GameWebSocketProvider","decl":{"start":{"line":17,"column":7},"end":{"line":223,"column":1}},"loc":{"start":{"line":17,"column":7},"end":{"line":223,"column":1}},"line":17},"1":{"name":"ws.onopen","decl":{"start":{"line":60,"column":16},"end":{"line":62,"column":6}},"loc":{"start":{"line":60,"column":16},"end":{"line":62,"column":6}},"line":60},"2":{"name":"ws.onclose","decl":{"start":{"line":64,"column":17},"end":{"line":84,"column":6}},"loc":{"start":{"line":64,"column":17},"end":{"line":84,"column":6}},"line":64},"3":{"name":"ws.onerror","decl":{"start":{"line":86,"column":17},"end":{"line":88,"column":6}},"loc":{"start":{"line":86,"column":17},"end":{"line":88,"column":6}},"line":86},"4":{"name":"ws.onmessage","decl":{"start":{"line":89,"column":19},"end":{"line":213,"column":6}},"loc":{"start":{"line":89,"column":19},"end":{"line":213,"column":6}},"line":89},"5":{"name":"useGameWebSocket","decl":{"start":{"line":225,"column":7},"end":{"line":229,"column":1}},"loc":{"start":{"line":225,"column":7},"end":{"line":229,"column":1}},"line":225}},"f":{"0":15,"1":5,"2":1,"3":1,"4":4,"5":19}}
,"C:\\Users\\andre\\OneDrive\\Documentos\\uni\\8vo\\arsw\\proyecto arsw\\The-Matrix-Front\\app\\contexts\\game\\Board\\BoardContext.tsx": {"path":"C:\\Users\\andre\\OneDrive\\Documentos\\uni\\8vo\\arsw\\proyecto arsw\\The-Matrix-Front\\app\\contexts\\game\\Board\\BoardContext.tsx","all":false,"statementMap":{"0":{"start":{"line":1,"column":0},"end":{"line":1,"column":81}},"3":{"start":{"line":4,"column":0},"end":{"line":4,"column":60}},"29":{"start":{"line":30,"column":0},"end":{"line":30,"column":34}},"30":{"start":{"line":31,"column":0},"end":{"line":31,"column":13}},"31":{"start":{"line":32,"column":0},"end":{"line":32,"column":14}},"32":{"start":{"line":33,"column":0},"end":{"line":33,"column":16}},"33":{"start":{"line":34,"column":0},"end":{"line":34,"column":29}},"34":{"start":{"line":35,"column":0},"end":{"line":35,"column":18}},"35":{"start":{"line":36,"column":0},"end":{"line":36,"column":20}},"36":{"start":{"line":37,"column":0},"end":{"line":37,"column":2}},"38":{"start":{"line":39,"column":0},"end":{"line":39,"column":75}},"39":{"start":{"line":40,"column":0},"end":{"line":40,"column":24}},"40":{"start":{"line":41,"column":0},"end":{"line":41,"column":21}},"41":{"start":{"line":42,"column":0},"end":{"line":42,"column":38}},"42":{"start":{"line":43,"column":0},"end":{"line":43,"column":22}},"43":{"start":{"line":44,"column":0},"end":{"line":44,"column":46}},"44":{"start":{"line":45,"column":0},"end":{"line":45,"column":24}},"45":{"start":{"line":46,"column":0},"end":{"line":46,"column":48}},"46":{"start":{"line":47,"column":0},"end":{"line":47,"column":29}},"47":{"start":{"line":48,"column":0},"end":{"line":48,"column":14}},"48":{"start":{"line":49,"column":0},"end":{"line":49,"column":17}},"49":{"start":{"line":50,"column":0},"end":{"line":50,"column":53}},"50":{"start":{"line":51,"column":0},"end":{"line":51,"column":47}},"51":{"start":{"line":52,"column":0},"end":{"line":52,"column":8}},"52":{"start":{"line":53,"column":0},"end":{"line":53,"column":24}},"53":{"start":{"line":54,"column":0},"end":{"line":54,"column":48}},"54":{"start":{"line":55,"column":0},"end":{"line":55,"column":38}},"55":{"start":{"line":56,"column":0},"end":{"line":56,"column":14}},"56":{"start":{"line":57,"column":0},"end":{"line":57,"column":17}},"57":{"start":{"line":58,"column":0},"end":{"line":58,"column":58}},"58":{"start":{"line":59,"column":0},"end":{"line":59,"column":48}},"59":{"start":{"line":60,"column":0},"end":{"line":60,"column":8}},"60":{"start":{"line":61,"column":0},"end":{"line":61,"column":39}},"61":{"start":{"line":62,"column":0},"end":{"line":62,"column":99}},"62":{"start":{"line":63,"column":0},"end":{"line":63,"column":63}},"64":{"start":{"line":65,"column":0},"end":{"line":65,"column":85}},"65":{"start":{"line":66,"column":0},"end":{"line":66,"column":14}},"66":{"start":{"line":67,"column":0},"end":{"line":67,"column":24}},"67":{"start":{"line":68,"column":0},"end":{"line":68,"column":37}},"68":{"start":{"line":69,"column":0},"end":{"line":69,"column":8}},"69":{"start":{"line":70,"column":0},"end":{"line":70,"column":5}},"70":{"start":{"line":71,"column":0},"end":{"line":71,"column":32}},"71":{"start":{"line":72,"column":0},"end":{"line":72,"column":45}},"72":{"start":{"line":73,"column":0},"end":{"line":73,"column":12}},"73":{"start":{"line":74,"column":0},"end":{"line":74,"column":19}},"74":{"start":{"line":75,"column":0},"end":{"line":75,"column":3}},"75":{"start":{"line":76,"column":0},"end":{"line":76,"column":1}},"79":{"start":{"line":80,"column":0},"end":{"line":80,"column":53}},"81":{"start":{"line":82,"column":0},"end":{"line":82,"column":10}},"82":{"start":{"line":83,"column":0},"end":{"line":83,"column":64}},"83":{"start":{"line":84,"column":0},"end":{"line":84,"column":22}},"84":{"start":{"line":85,"column":0},"end":{"line":85,"column":92}},"85":{"start":{"line":86,"column":0},"end":{"line":86,"column":21}},"86":{"start":{"line":87,"column":0},"end":{"line":87,"column":16}},"87":{"start":{"line":88,"column":0},"end":{"line":88,"column":20}},"88":{"start":{"line":89,"column":0},"end":{"line":89,"column":28}},"89":{"start":{"line":90,"column":0},"end":{"line":90,"column":48}},"90":{"start":{"line":91,"column":0},"end":{"line":91,"column":97}},"91":{"start":{"line":92,"column":0},"end":{"line":92,"column":61}},"92":{"start":{"line":93,"column":0},"end":{"line":93,"column":39}},"93":{"start":{"line":94,"column":0},"end":{"line":94,"column":9}},"94":{"start":{"line":95,"column":0},"end":{"line":95,"column":10}},"95":{"start":{"line":96,"column":0},"end":{"line":96,"column":60}},"96":{"start":{"line":97,"column":0},"end":{"line":97,"column":71}},"97":{"start":{"line":98,"column":0},"end":{"line":98,"column":3}},"98":{"start":{"line":99,"column":0},"end":{"line":99,"column":1}},"100":{"start":{"line":101,"column":0},"end":{"line":101,"column":70}},"101":{"start":{"line":102,"column":0},"end":{"line":102,"column":10}},"102":{"start":{"line":103,"column":0},"end":{"line":103,"column":13}},"103":{"start":{"line":104,"column":0},"end":{"line":104,"column":82}},"104":{"start":{"line":105,"column":0},"end":{"line":105,"column":4}},"105":{"start":{"line":106,"column":0},"end":{"line":106,"column":1}},"106":{"start":{"line":107,"column":0},"end":{"line":107,"column":75}},"107":{"start":{"line":108,"column":0},"end":{"line":108,"column":10}},"108":{"start":{"line":109,"column":0},"end":{"line":109,"column":13}},"109":{"start":{"line":110,"column":0},"end":{"line":110,"column":27}},"110":{"start":{"line":111,"column":0},"end":{"line":111,"column":4}},"111":{"start":{"line":112,"column":0},"end":{"line":112,"column":1}},"112":{"start":{"line":113,"column":0},"end":{"line":113,"column":71}},"113":{"start":{"line":114,"column":0},"end":{"line":114,"column":10}},"114":{"start":{"line":115,"column":0},"end":{"line":115,"column":13}},"115":{"start":{"line":116,"column":0},"end":{"line":116,"column":40}},"116":{"start":{"line":117,"column":0},"end":{"line":117,"column":4}},"117":{"start":{"line":118,"column":0},"end":{"line":118,"column":1}},"119":{"start":{"line":120,"column":0},"end":{"line":120,"column":106}},"120":{"start":{"line":121,"column":0},"end":{"line":121,"column":38}},"121":{"start":{"line":122,"column":0},"end":{"line":122,"column":42}},"124":{"start":{"line":125,"column":0},"end":{"line":125,"column":33}},"125":{"start":{"line":126,"column":0},"end":{"line":126,"column":39}},"126":{"start":{"line":127,"column":0},"end":{"line":127,"column":12}},"127":{"start":{"line":128,"column":0},"end":{"line":128,"column":62}},"128":{"start":{"line":129,"column":0},"end":{"line":129,"column":59}},"129":{"start":{"line":130,"column":0},"end":{"line":130,"column":8}},"130":{"start":{"line":131,"column":0},"end":{"line":131,"column":46}},"131":{"start":{"line":132,"column":0},"end":{"line":132,"column":27}},"132":{"start":{"line":133,"column":0},"end":{"line":133,"column":15}},"133":{"start":{"line":134,"column":0},"end":{"line":134,"column":34}},"134":{"start":{"line":135,"column":0},"end":{"line":135,"column":28}},"135":{"start":{"line":136,"column":0},"end":{"line":136,"column":9}},"136":{"start":{"line":137,"column":0},"end":{"line":137,"column":26}},"137":{"start":{"line":138,"column":0},"end":{"line":138,"column":20}},"138":{"start":{"line":139,"column":0},"end":{"line":139,"column":35}},"139":{"start":{"line":140,"column":0},"end":{"line":140,"column":7}},"140":{"start":{"line":141,"column":0},"end":{"line":141,"column":5}},"142":{"start":{"line":143,"column":0},"end":{"line":143,"column":10}},"143":{"start":{"line":144,"column":0},"end":{"line":144,"column":41}},"144":{"start":{"line":145,"column":0},"end":{"line":145,"column":12}},"145":{"start":{"line":146,"column":0},"end":{"line":146,"column":64}},"146":{"start":{"line":147,"column":0},"end":{"line":147,"column":62}},"147":{"start":{"line":148,"column":0},"end":{"line":148,"column":8}},"148":{"start":{"line":149,"column":0},"end":{"line":149,"column":5}},"149":{"start":{"line":150,"column":0},"end":{"line":150,"column":72}},"150":{"start":{"line":151,"column":0},"end":{"line":151,"column":99}},"151":{"start":{"line":152,"column":0},"end":{"line":152,"column":30}},"152":{"start":{"line":153,"column":0},"end":{"line":153,"column":33}},"153":{"start":{"line":154,"column":0},"end":{"line":154,"column":35}},"154":{"start":{"line":155,"column":0},"end":{"line":155,"column":41}},"155":{"start":{"line":156,"column":0},"end":{"line":156,"column":15}},"156":{"start":{"line":157,"column":0},"end":{"line":157,"column":40}},"157":{"start":{"line":158,"column":0},"end":{"line":158,"column":83}},"158":{"start":{"line":159,"column":0},"end":{"line":159,"column":28}},"159":{"start":{"line":160,"column":0},"end":{"line":160,"column":10}},"160":{"start":{"line":161,"column":0},"end":{"line":161,"column":10}},"161":{"start":{"line":162,"column":0},"end":{"line":162,"column":7}},"162":{"start":{"line":163,"column":0},"end":{"line":163,"column":5}},"164":{"start":{"line":165,"column":0},"end":{"line":165,"column":10}},"165":{"start":{"line":166,"column":0},"end":{"line":166,"column":13}},"166":{"start":{"line":167,"column":0},"end":{"line":167,"column":22}},"167":{"start":{"line":168,"column":0},"end":{"line":168,"column":28}},"168":{"start":{"line":169,"column":0},"end":{"line":169,"column":4}},"169":{"start":{"line":170,"column":0},"end":{"line":170,"column":1}},"171":{"start":{"line":172,"column":0},"end":{"line":172,"column":75}},"172":{"start":{"line":173,"column":0},"end":{"line":173,"column":10}},"173":{"start":{"line":174,"column":0},"end":{"line":174,"column":13}},"174":{"start":{"line":175,"column":0},"end":{"line":175,"column":39}},"175":{"start":{"line":176,"column":0},"end":{"line":176,"column":47}},"176":{"start":{"line":177,"column":0},"end":{"line":177,"column":11}},"177":{"start":{"line":178,"column":0},"end":{"line":178,"column":21}},"178":{"start":{"line":179,"column":0},"end":{"line":179,"column":47}},"179":{"start":{"line":180,"column":0},"end":{"line":180,"column":24}},"180":{"start":{"line":181,"column":0},"end":{"line":181,"column":33}},"181":{"start":{"line":182,"column":0},"end":{"line":182,"column":47}},"182":{"start":{"line":183,"column":0},"end":{"line":183,"column":89}},"183":{"start":{"line":184,"column":0},"end":{"line":184,"column":13}},"184":{"start":{"line":185,"column":0},"end":{"line":185,"column":11}},"185":{"start":{"line":186,"column":0},"end":{"line":186,"column":15}},"186":{"start":{"line":187,"column":0},"end":{"line":187,"column":5}},"187":{"start":{"line":188,"column":0},"end":{"line":188,"column":4}},"188":{"start":{"line":189,"column":0},"end":{"line":189,"column":1}},"197":{"start":{"line":198,"column":0},"end":{"line":198,"column":77}},"199":{"start":{"line":200,"column":0},"end":{"line":200,"column":73}},"200":{"start":{"line":201,"column":0},"end":{"line":201,"column":67}},"201":{"start":{"line":202,"column":0},"end":{"line":202,"column":55}},"203":{"start":{"line":204,"column":0},"end":{"line":204,"column":19}},"204":{"start":{"line":205,"column":0},"end":{"line":205,"column":82}},"205":{"start":{"line":206,"column":0},"end":{"line":206,"column":43}},"206":{"start":{"line":207,"column":0},"end":{"line":207,"column":56}},"207":{"start":{"line":208,"column":0},"end":{"line":208,"column":14}},"208":{"start":{"line":209,"column":0},"end":{"line":209,"column":34}},"209":{"start":{"line":210,"column":0},"end":{"line":210,"column":37}},"210":{"start":{"line":211,"column":0},"end":{"line":211,"column":5}},"211":{"start":{"line":212,"column":0},"end":{"line":212,"column":18}},"212":{"start":{"line":213,"column":0},"end":{"line":213,"column":59}},"213":{"start":{"line":214,"column":0},"end":{"line":214,"column":6}},"214":{"start":{"line":215,"column":0},"end":{"line":215,"column":37}},"216":{"start":{"line":217,"column":0},"end":{"line":217,"column":10}},"217":{"start":{"line":218,"column":0},"end":{"line":218,"column":55}},"218":{"start":{"line":219,"column":0},"end":{"line":219,"column":16}},"219":{"start":{"line":220,"column":0},"end":{"line":220,"column":28}},"221":{"start":{"line":222,"column":0},"end":{"line":222,"column":2}},"223":{"start":{"line":224,"column":0},"end":{"line":224,"column":28}},"224":{"start":{"line":225,"column":0},"end":{"line":225,"column":43}},"225":{"start":{"line":226,"column":0},"end":{"line":226,"column":80}},"226":{"start":{"line":227,"column":0},"end":{"line":227,"column":17}},"227":{"start":{"line":228,"column":0},"end":{"line":228,"column":1}}},"s":{"0":1,"3":1,"29":1,"30":1,"31":1,"32":1,"33":1,"34":1,"35":1,"36":1,"38":12,"39":12,"40":12,"41":3,"42":12,"43":3,"44":12,"45":2,"46":12,"47":0,"48":0,"49":0,"50":0,"51":0,"52":12,"53":1,"54":12,"55":0,"56":0,"57":0,"58":0,"59":0,"60":12,"61":0,"62":0,"64":0,"65":0,"66":0,"67":0,"68":0,"69":0,"70":12,"71":0,"72":12,"73":3,"74":12,"75":12,"79":3,"81":3,"82":3,"83":3,"84":3,"85":3,"86":3,"87":3,"88":3,"89":3,"90":3,"91":3,"92":3,"93":3,"94":3,"95":3,"96":3,"97":3,"98":3,"100":2,"101":2,"102":2,"103":2,"104":2,"105":2,"106":3,"107":3,"108":3,"109":3,"110":3,"111":3,"112":0,"113":0,"114":0,"115":0,"116":0,"117":0,"119":0,"120":0,"121":0,"124":0,"125":0,"126":0,"127":0,"128":0,"129":0,"130":0,"131":0,"132":0,"133":0,"134":0,"135":0,"136":0,"137":0,"138":0,"139":0,"140":0,"142":0,"143":0,"144":0,"145":0,"146":0,"147":0,"148":0,"149":0,"150":0,"151":0,"152":0,"153":0,"154":0,"155":0,"156":0,"157":0,"158":0,"159":0,"160":0,"161":0,"162":0,"164":0,"165":0,"166":0,"167":0,"168":0,"169":0,"171":1,"172":1,"173":1,"174":1,"175":0,"176":0,"177":0,"178":0,"179":0,"180":0,"181":0,"182":0,"183":0,"184":0,"185":0,"186":1,"187":1,"188":1,"197":1,"199":1,"200":25,"201":25,"203":25,"204":16,"205":0,"206":0,"207":0,"208":16,"209":0,"210":0,"211":16,"212":16,"213":16,"214":25,"216":25,"217":25,"218":25,"219":25,"221":25,"223":1,"224":33,"225":33,"226":28,"227":28},"branchMap":{"0":{"type":"branch","line":39,"loc":{"start":{"line":39,"column":0},"end":{"line":76,"column":1}},"locations":[{"start":{"line":39,"column":0},"end":{"line":76,"column":1}}]},"1":{"type":"branch","line":41,"loc":{"start":{"line":41,"column":4},"end":{"line":42,"column":38}},"locations":[{"start":{"line":41,"column":4},"end":{"line":42,"column":38}}]},"2":{"type":"branch","line":43,"loc":{"start":{"line":43,"column":4},"end":{"line":44,"column":46}},"locations":[{"start":{"line":43,"column":4},"end":{"line":44,"column":46}}]},"3":{"type":"branch","line":45,"loc":{"start":{"line":45,"column":4},"end":{"line":46,"column":48}},"locations":[{"start":{"line":45,"column":4},"end":{"line":46,"column":48}}]},"4":{"type":"branch","line":47,"loc":{"start":{"line":47,"column":4},"end":{"line":52,"column":8}},"locations":[{"start":{"line":47,"column":4},"end":{"line":52,"column":8}}]},"5":{"type":"branch","line":53,"loc":{"start":{"line":53,"column":4},"end":{"line":54,"column":48}},"locations":[{"start":{"line":53,"column":4},"end":{"line":54,"column":48}}]},"6":{"type":"branch","line":55,"loc":{"start":{"line":55,"column":4},"end":{"line":60,"column":8}},"locations":[{"start":{"line":55,"column":4},"end":{"line":60,"column":8}}]},"7":{"type":"branch","line":61,"loc":{"start":{"line":61,"column":4},"end":{"line":70,"column":5}},"locations":[{"start":{"line":61,"column":4},"end":{"line":70,"column":5}}]},"8":{"type":"branch","line":71,"loc":{"start":{"line":71,"column":4},"end":{"line":72,"column":45}},"locations":[{"start":{"line":71,"column":4},"end":{"line":72,"column":45}}]},"9":{"type":"branch","line":73,"loc":{"start":{"line":73,"column":4},"end":{"line":74,"column":19}},"locations":[{"start":{"line":73,"column":4},"end":{"line":74,"column":19}}]},"10":{"type":"branch","line":80,"loc":{"start":{"line":80,"column":0},"end":{"line":99,"column":1}},"locations":[{"start":{"line":80,"column":0},"end":{"line":99,"column":1}}]},"11":{"type":"branch","line":83,"loc":{"start":{"line":83,"column":27},"end":{"line":83,"column":62}},"locations":[{"start":{"line":83,"column":27},"end":{"line":83,"column":62}}]},"12":{"type":"branch","line":83,"loc":{"start":{"line":83,"column":40},"end":{"line":83,"column":55}},"locations":[{"start":{"line":83,"column":40},"end":{"line":83,"column":55}}]},"13":{"type":"branch","line":85,"loc":{"start":{"line":85,"column":14},"end":{"line":85,"column":91}},"locations":[{"start":{"line":85,"column":14},"end":{"line":85,"column":91}}]},"14":{"type":"branch","line":85,"loc":{"start":{"line":85,"column":27},"end":{"line":85,"column":46}},"locations":[{"start":{"line":85,"column":27},"end":{"line":85,"column":46}}]},"15":{"type":"branch","line":85,"loc":{"start":{"line":85,"column":38},"end":{"line":85,"column":91}},"locations":[{"start":{"line":85,"column":38},"end":{"line":85,"column":91}}]},"16":{"type":"branch","line":86,"loc":{"start":{"line":86,"column":11},"end":{"line":95,"column":8}},"locations":[{"start":{"line":86,"column":11},"end":{"line":95,"column":8}}]},"17":{"type":"branch","line":90,"loc":{"start":{"line":90,"column":32},"end":{"line":90,"column":48}},"locations":[{"start":{"line":90,"column":32},"end":{"line":90,"column":48}}]},"18":{"type":"branch","line":93,"loc":{"start":{"line":93,"column":30},"end":{"line":93,"column":39}},"locations":[{"start":{"line":93,"column":30},"end":{"line":93,"column":39}}]},"19":{"type":"branch","line":96,"loc":{"start":{"line":96,"column":30},"end":{"line":96,"column":58}},"locations":[{"start":{"line":96,"column":30},"end":{"line":96,"column":58}}]},"20":{"type":"branch","line":97,"loc":{"start":{"line":97,"column":35},"end":{"line":97,"column":69}},"locations":[{"start":{"line":97,"column":35},"end":{"line":97,"column":69}}]},"21":{"type":"branch","line":97,"loc":{"start":{"line":97,"column":48},"end":{"line":97,"column":63}},"locations":[{"start":{"line":97,"column":48},"end":{"line":97,"column":63}}]},"22":{"type":"branch","line":101,"loc":{"start":{"line":101,"column":0},"end":{"line":106,"column":1}},"locations":[{"start":{"line":101,"column":0},"end":{"line":106,"column":1}}]},"23":{"type":"branch","line":104,"loc":{"start":{"line":104,"column":32},"end":{"line":104,"column":80}},"locations":[{"start":{"line":104,"column":32},"end":{"line":104,"column":80}}]},"24":{"type":"branch","line":107,"loc":{"start":{"line":107,"column":0},"end":{"line":112,"column":1}},"locations":[{"start":{"line":107,"column":0},"end":{"line":112,"column":1}}]},"25":{"type":"branch","line":172,"loc":{"start":{"line":172,"column":0},"end":{"line":189,"column":1}},"locations":[{"start":{"line":172,"column":0},"end":{"line":189,"column":1}}]},"26":{"type":"branch","line":200,"loc":{"start":{"line":200,"column":29},"end":{"line":222,"column":2}},"locations":[{"start":{"line":200,"column":29},"end":{"line":222,"column":2}}]},"27":{"type":"branch","line":204,"loc":{"start":{"line":204,"column":12},"end":{"line":215,"column":5}},"locations":[{"start":{"line":204,"column":12},"end":{"line":215,"column":5}}]},"28":{"type":"branch","line":205,"loc":{"start":{"line":205,"column":14},"end":{"line":205,"column":81}},"locations":[{"start":{"line":205,"column":14},"end":{"line":205,"column":81}}]},"29":{"type":"branch","line":205,"loc":{"start":{"line":205,"column":81},"end":{"line":209,"column":15}},"locations":[{"start":{"line":205,"column":81},"end":{"line":209,"column":15}}]},"30":{"type":"branch","line":209,"loc":{"start":{"line":209,"column":33},"end":{"line":211,"column":5}},"locations":[{"start":{"line":209,"column":33},"end":{"line":211,"column":5}}]},"31":{"type":"branch","line":212,"loc":{"start":{"line":212,"column":11},"end":{"line":214,"column":6}},"locations":[{"start":{"line":212,"column":11},"end":{"line":214,"column":6}}]},"32":{"type":"branch","line":213,"loc":{"start":{"line":213,"column":28},"end":{"line":213,"column":59}},"locations":[{"start":{"line":213,"column":28},"end":{"line":213,"column":59}}]},"33":{"type":"branch","line":224,"loc":{"start":{"line":224,"column":7},"end":{"line":228,"column":1}},"locations":[{"start":{"line":224,"column":7},"end":{"line":228,"column":1}}]},"34":{"type":"branch","line":226,"loc":{"start":{"line":226,"column":16},"end":{"line":226,"column":80}},"locations":[{"start":{"line":226,"column":16},"end":{"line":226,"column":80}}]},"35":{"type":"branch","line":226,"loc":{"start":{"line":226,"column":78},"end":{"line":228,"column":1}},"locations":[{"start":{"line":226,"column":78},"end":{"line":228,"column":1}}]}},"b":{"0":[12],"1":[3],"2":[3],"3":[2],"4":[0],"5":[1],"6":[0],"7":[0],"8":[0],"9":[3],"10":[3],"11":[9],"12":[6],"13":[9],"14":[3],"15":[3],"16":[3],"17":[0],"18":[0],"19":[9],"20":[9],"21":[6],"22":[2],"23":[1],"24":[3],"25":[1],"26":[25],"27":[16],"28":[13],"29":[0],"30":[0],"31":[16],"32":[0],"33":[33],"34":[4],"35":[28]},"fnMap":{"0":{"name":"boardReducer","decl":{"start":{"line":39,"column":0},"end":{"line":76,"column":1}},"loc":{"start":{"line":39,"column":0},"end":{"line":76,"column":1}},"line":39},"1":{"name":"setBoard","decl":{"start":{"line":80,"column":0},"end":{"line":99,"column":1}},"loc":{"start":{"line":80,"column":0},"end":{"line":99,"column":1}},"line":80},"2":{"name":"deleteFruit","decl":{"start":{"line":101,"column":0},"end":{"line":106,"column":1}},"loc":{"start":{"line":101,"column":0},"end":{"line":106,"column":1}},"line":101},"3":{"name":"setFruits","decl":{"start":{"line":107,"column":0},"end":{"line":112,"column":1}},"loc":{"start":{"line":107,"column":0},"end":{"line":112,"column":1}},"line":107},"4":{"name":"addFruit","decl":{"start":{"line":113,"column":0},"end":{"line":118,"column":1}},"loc":{"start":{"line":113,"column":0},"end":{"line":118,"column":1}},"line":113},"5":{"name":"updateIceBlocks","decl":{"start":{"line":120,"column":0},"end":{"line":170,"column":1}},"loc":{"start":{"line":120,"column":0},"end":{"line":170,"column":1}},"line":120},"6":{"name":"updateEnemy","decl":{"start":{"line":172,"column":0},"end":{"line":189,"column":1}},"loc":{"start":{"line":172,"column":0},"end":{"line":189,"column":1}},"line":172},"7":{"name":"BoardProvider","decl":{"start":{"line":200,"column":29},"end":{"line":222,"column":2}},"loc":{"start":{"line":200,"column":29},"end":{"line":222,"column":2}},"line":200},"8":{"name":"useBoard","decl":{"start":{"line":224,"column":7},"end":{"line":228,"column":1}},"loc":{"start":{"line":224,"column":7},"end":{"line":228,"column":1}},"line":224}},"f":{"0":12,"1":3,"2":2,"3":3,"4":0,"5":0,"6":1,"7":25,"8":33}}
,"C:\\Users\\andre\\OneDrive\\Documentos\\uni\\8vo\\arsw\\proyecto arsw\\The-Matrix-Front\\app\\contexts\\game\\FruitBar\\FruitBarContext.tsx": {"path":"C:\\Users\\andre\\OneDrive\\Documentos\\uni\\8vo\\arsw\\proyecto arsw\\The-Matrix-Front\\app\\contexts\\game\\FruitBar\\FruitBarContext.tsx","all":false,"statementMap":{"0":{"start":{"line":1,"column":0},"end":{"line":1,"column":62}},"12":{"start":{"line":13,"column":0},"end":{"line":13,"column":37}},"13":{"start":{"line":14,"column":0},"end":{"line":14,"column":13}},"14":{"start":{"line":15,"column":0},"end":{"line":15,"column":18}},"15":{"start":{"line":16,"column":0},"end":{"line":16,"column":2}},"17":{"start":{"line":18,"column":0},"end":{"line":18,"column":87}},"18":{"start":{"line":19,"column":0},"end":{"line":19,"column":24}},"19":{"start":{"line":20,"column":0},"end":{"line":20,"column":22}},"20":{"start":{"line":21,"column":0},"end":{"line":21,"column":50}},"21":{"start":{"line":22,"column":0},"end":{"line":22,"column":28}},"22":{"start":{"line":23,"column":0},"end":{"line":23,"column":55}},"23":{"start":{"line":24,"column":0},"end":{"line":24,"column":12}},"24":{"start":{"line":25,"column":0},"end":{"line":25,"column":19}},"25":{"start":{"line":26,"column":0},"end":{"line":26,"column":3}},"26":{"start":{"line":27,"column":0},"end":{"line":27,"column":1}},"33":{"start":{"line":34,"column":0},"end":{"line":34,"column":83}},"35":{"start":{"line":36,"column":0},"end":{"line":36,"column":76}},"36":{"start":{"line":37,"column":0},"end":{"line":37,"column":70}},"37":{"start":{"line":38,"column":0},"end":{"line":38,"column":10}},"38":{"start":{"line":39,"column":0},"end":{"line":39,"column":58}},"39":{"start":{"line":40,"column":0},"end":{"line":40,"column":16}},"40":{"start":{"line":41,"column":0},"end":{"line":41,"column":31}},"42":{"start":{"line":43,"column":0},"end":{"line":43,"column":2}},"44":{"start":{"line":45,"column":0},"end":{"line":45,"column":31}},"45":{"start":{"line":46,"column":0},"end":{"line":46,"column":46}},"46":{"start":{"line":47,"column":0},"end":{"line":47,"column":86}},"47":{"start":{"line":48,"column":0},"end":{"line":48,"column":17}},"48":{"start":{"line":49,"column":0},"end":{"line":49,"column":1}}},"s":{"0":1,"12":1,"13":1,"14":1,"15":1,"17":5,"18":5,"19":5,"20":2,"21":5,"22":3,"23":5,"24":0,"25":5,"26":5,"33":1,"35":1,"36":15,"37":15,"38":15,"39":15,"40":15,"42":15,"44":1,"45":28,"46":28,"47":23,"48":23},"branchMap":{"0":{"type":"branch","line":18,"loc":{"start":{"line":18,"column":0},"end":{"line":27,"column":1}},"locations":[{"start":{"line":18,"column":0},"end":{"line":27,"column":1}}]},"1":{"type":"branch","line":20,"loc":{"start":{"line":20,"column":4},"end":{"line":21,"column":50}},"locations":[{"start":{"line":20,"column":4},"end":{"line":21,"column":50}}]},"2":{"type":"branch","line":22,"loc":{"start":{"line":22,"column":4},"end":{"line":23,"column":55}},"locations":[{"start":{"line":22,"column":4},"end":{"line":23,"column":55}}]},"3":{"type":"branch","line":24,"loc":{"start":{"line":24,"column":4},"end":{"line":25,"column":19}},"locations":[{"start":{"line":24,"column":4},"end":{"line":25,"column":19}}]},"4":{"type":"branch","line":36,"loc":{"start":{"line":36,"column":32},"end":{"line":43,"column":2}},"locations":[{"start":{"line":36,"column":32},"end":{"line":43,"column":2}}]},"5":{"type":"branch","line":45,"loc":{"start":{"line":45,"column":7},"end":{"line":49,"column":1}},"locations":[{"start":{"line":45,"column":7},"end":{"line":49,"column":1}}]},"6":{"type":"branch","line":47,"loc":{"start":{"line":47,"column":16},"end":{"line":47,"column":86}},"
[...]
:6,"44":6,"45":6,"46":6,"48":6,"49":6,"50":0,"51":0,"52":0,"53":0,"54":0,"55":0,"56":0,"57":0,"58":0,"59":0,"60":0,"61":0,"62":6,"64":6,"65":6,"66":6,"68":6,"69":2,"70":2,"71":2,"72":2,"73":2,"74":2,"75":2,"77":1,"78":2,"79":1,"80":0,"81":0,"82":0,"84":1,"85":1,"86":1,"87":1,"88":1,"89":1,"90":1,"91":1,"92":1,"95":1,"96":1,"97":2,"98":0,"99":0,"100":0,"101":2,"102":1,"103":1,"104":1,"106":1,"107":1,"108":1,"109":0,"110":0,"111":0,"112":0,"113":1,"114":2,"116":6,"117":6,"118":6,"119":6,"120":6,"121":6,"122":6,"123":6,"124":6,"125":6,"127":6,"128":6,"129":6,"130":6,"131":6,"132":6,"134":6,"135":6,"136":6,"137":6,"138":1,"139":1,"140":1,"144":6,"145":6,"146":6,"147":6,"148":6,"149":6,"151":6,"152":6,"153":6,"154":6,"155":6,"156":6,"157":6,"158":6,"160":6,"161":6,"162":6,"163":6,"164":6,"165":6,"166":6,"167":6,"168":6,"169":6,"170":6,"171":6,"172":6,"173":6,"174":6,"175":6,"176":6,"177":6,"178":6,"179":6,"180":6,"181":6,"182":6,"183":6,"184":6,"185":6,"186":6,"187":6,"188":6,"189":6,"190":6,"191":6,"192":6,"193":6,"194":6,"195":6,"196":6,"197":6,"198":6,"199":6,"200":6,"201":6,"202":6,"203":6,"204":6,"205":6,"206":6,"207":6,"209":6,"210":6,"211":6,"212":6,"214":6},"branchMap":{"0":{"type":"branch","line":36,"loc":{"start":{"line":36,"column":0},"end":{"line":215,"column":1}},"locations":[{"start":{"line":36,"column":0},"end":{"line":215,"column":1}}]},"1":{"type":"branch","line":138,"loc":{"start":{"line":138,"column":13},"end":{"line":141,"column":22}},"locations":[{"start":{"line":138,"column":13},"end":{"line":141,"column":22}}]},"2":{"type":"branch","line":44,"loc":{"start":{"line":44,"column":27},"end":{"line":63,"column":6}},"locations":[{"start":{"line":44,"column":27},"end":{"line":63,"column":6}}]},"3":{"type":"branch","line":50,"loc":{"start":{"line":50,"column":12},"end":{"line":50,"column":29}},"locations":[{"start":{"line":50,"column":12},"end":{"line":50,"column":29}}]},"4":{"type":"branch","line":50,"loc":{"start":{"line":50,"column":20},"end":{"line":50,"column":43}},"locations":[{"start":{"line":50,"column":20},"end":{"line":50,"column":43}}]},"5":{"type":"branch","line":50,"loc":{"start":{"line":50,"column":43},"end":{"line":62,"column":9}},"locations":[{"start":{"line":50,"column":43},"end":{"line":62,"column":9}}]},"6":{"type":"branch","line":65,"loc":{"start":{"line":65,"column":14},"end":{"line":67,"column":7}},"locations":[{"start":{"line":65,"column":14},"end":{"line":67,"column":7}}]},"7":{"type":"branch","line":69,"loc":{"start":{"line":69,"column":28},"end":{"line":115,"column":6}},"locations":[{"start":{"line":69,"column":28},"end":{"line":115,"column":6}}]},"8":{"type":"branch","line":76,"loc":{"start":{"line":76,"column":13},"end":{"line":78,"column":50}},"locations":[{"start":{"line":76,"column":13},"end":{"line":78,"column":50}}]},"9":{"type":"branch","line":79,"loc":{"start":{"line":79,"column":24},"end":{"line":98,"column":19}},"locations":[{"start":{"line":79,"column":24},"end":{"line":98,"column":19}}]},"10":{"type":"branch","line":80,"loc":{"start":{"line":80,"column":55},"end":{"line":83,"column":17}},"locations":[{"start":{"line":80,"column":55},"end":{"line":83,"column":17}}]},"11":{"type":"branch","line":97,"loc":{"start":{"line":97,"column":37},"end":{"line":97,"column":53}},"locations":[{"start":{"line":97,"column":37},"end":{"line":97,"column":53}}]},"12":{"type":"branch","line":98,"loc":{"start":{"line":98,"column":12},"end":{"line":101,"column":13}},"locations":[{"start":{"line":98,"column":12},"end":{"line":101,"column":13}}]},"13":{"type":"branch","line":102,"loc":{"start":{"line":102,"column":8},"end":{"line":114,"column":9}},"locations":[{"start":{"line":102,"column":8},"end":{"line":114,"column":9}}]},"14":{"type":"branch","line":108,"loc":{"start":{"line":108,"column":66},"end":{"line":108,"column":105}},"locations":[{"start":{"line":108,"column":66},"end":{"line":108,"column":105}}]},"15":{"type":"branch","line":109,"loc":{"start":{"line":109,"column":12},"end":{"line":113,"column":13}},"locations":[{"start":{"line":109,"column":12},"end":{"line":113,"column":13}}]},"16":{"type":"branch","line":132,"loc":{"start":{"line":132,"column":33},"end":{"line":132,"column":63}},"locations":[{"start":{"line":132,"column":33},"end":{"line":132,"column":63}}]}},"b":{"0":[6],"1":[1],"2":[6],"3":[0],"4":[0],"5":[0],"6":[6],"7":[2],"8":[1],"9":[1],"10":[0],"11":[0],"12":[0],"13":[1],"14":[0],"15":[0],"16":[1]},"fnMap":{"0":{"name":"MicrosoftLoginButton","decl":{"start":{"line":25,"column":7},"end":{"line":34,"column":1}},"loc":{"start":{"line":25,"column":7},"end":{"line":34,"column":1}},"line":25},"1":{"name":"StartScreen","decl":{"start":{"line":36,"column":0},"end":{"line":215,"column":1}},"loc":{"start":{"line":36,"column":0},"end":{"line":215,"column":1}},"line":36},"2":{"name":"handleAuthCode","decl":{"start":{"line":44,"column":27},"end":{"line":63,"column":6}},"loc":{"start":{"line":44,"column":27},"end":{"line":63,"column":6}},"line":44},"3":{"name":"handleStartGame","decl":{"start":{"line":69,"column":28},"end":{"line":115,"column":6}},"loc":{"start":{"line":69,"column":28},"end":{"line":115,"column":6}},"line":69},"4":{"name":"onClick","decl":{"start":{"line":132,"column":33},"end":{"line":132,"column":63}},"loc":{"start":{"line":132,"column":33},"end":{"line":132,"column":63}},"line":132},"5":{"name":"onClose","decl":{"start":{"line":147,"column":25},"end":{"line":147,"column":56}},"loc":{"start":{"line":147,"column":25},"end":{"line":147,"column":56}},"line":147},"6":{"name":"onClick","decl":{"start":{"line":206,"column":33},"end":{"line":206,"column":64}},"loc":{"start":{"line":206,"column":33},"end":{"line":206,"column":64}},"line":206}},"f":{"0":0,"1":6,"2":6,"3":2,"4":1,"5":0,"6":0}}
,"C:\\Users\\andre\\OneDrive\\Documentos\\uni\\8vo\\arsw\\proyecto arsw\\The-Matrix-Front\\app\\types\\animation.ts": {"path":"C:\\Users\\andre\\OneDrive\\Documentos\\uni\\8vo\\arsw\\proyecto arsw\\The-Matrix-Front\\app\\types\\animation.ts","all":true,"statementMap":{"0":{"start":{"line":1,"column":0},"end":{"line":1,"column":35}},"1":{"start":{"line":2,"column":0},"end":{"line":2,"column":24}},"2":{"start":{"line":3,"column":0},"end":{"line":3,"column":53}},"3":{"start":{"line":4,"column":0},"end":{"line":4,"column":48}},"4":{"start":{"line":5,"column":0},"end":{"line":5,"column":37}},"5":{"start":{"line":6,"column":0},"end":{"line":6,"column":36}},"6":{"start":{"line":7,"column":0},"end":{"line":7,"column":1}},"7":{"start":{"line":8,"column":0},"end":{"line":8,"column":0}},"8":{"start":{"line":9,"column":0},"end":{"line":9,"column":26}},"9":{"start":{"line":10,"column":0},"end":{"line":10,"column":28}},"10":{"start":{"line":11,"column":0},"end":{"line":11,"column":47}},"11":{"start":{"line":12,"column":0},"end":{"line":12,"column":45}},"12":{"start":{"line":13,"column":0},"end":{"line":13,"column":1}},"13":{"start":{"line":14,"column":0},"end":{"line":14,"column":0}},"14":{"start":{"line":15,"column":0},"end":{"line":15,"column":47}},"15":{"start":{"line":16,"column":0},"end":{"line":16,"column":34}},"16":{"start":{"line":17,"column":0},"end":{"line":17,"column":19}},"17":{"start":{"line":18,"column":0},"end":{"line":18,"column":40}},"18":{"start":{"line":19,"column":0},"end":{"line":19,"column":1}}},"s":{"0":0,"1":0,"2":0,"3":0,"4":0,"5":0,"6":0,"7":0,"8":0,"9":0,"10":0,"11":0,"12":0,"13":0,"14":0,"15":0,"16":0,"17":0,"18":0},"branchMap":{"0":{"type":"branch","line":1,"loc":{"start":{"line":1,"column":0},"end":{"line":19,"column":1}},"locations":[{"start":{"line":1,"column":0},"end":{"line":19,"column":1}}]}},"b":{"0":[0]},"fnMap":{"0":{"name":"(empty-report)","decl":{"start":{"line":1,"column":0},"end":{"line":19,"column":1}},"loc":{"start":{"line":1,"column":0},"end":{"line":19,"column":1}},"line":1}},"f":{"0":0}}
,"C:\\Users\\andre\\OneDrive\\Documentos\\uni\\8vo\\arsw\\proyecto arsw\\The-Matrix-Front\\app\\types\\enemyTypes.ts": {"path":"C:\\Users\\andre\\OneDrive\\Documentos\\uni\\8vo\\arsw\\proyecto arsw\\The-Matrix-Front\\app\\types\\enemyTypes.ts","all":false,"statementMap":{"2":{"start":{"line":3,"column":0},"end":{"line":3,"column":64}},"3":{"start":{"line":4,"column":0},"end":{"line":4,"column":17}},"4":{"start":{"line":5,"column":0},"end":{"line":5,"column":18}},"5":{"start":{"line":6,"column":0},"end":{"line":6,"column":22}},"6":{"start":{"line":7,"column":0},"end":{"line":7,"column":26}},"7":{"start":{"line":8,"column":0},"end":{"line":8,"column":24}},"8":{"start":{"line":9,"column":0},"end":{"line":9,"column":2}},"10":{"start":{"line":11,"column":0},"end":{"line":11,"column":59}}},"s":{"2":1,"3":1,"4":1,"5":1,"6":1,"7":1,"8":1,"10":1},"branchMap":{},"b":{},"fnMap":{},"f":{}}
,"C:\\Users\\andre\\OneDrive\\Documentos\\uni\\8vo\\arsw\\proyecto arsw\\The-Matrix-Front\\app\\types\\outputMessage.ts": {"path":"C:\\Users\\andre\\OneDrive\\Documentos\\uni\\8vo\\arsw\\proyecto arsw\\The-Matrix-Front\\app\\types\\outputMessage.ts","all":true,"statementMap":{"0":{"start":{"line":1,"column":0},"end":{"line":1,"column":31}},"1":{"start":{"line":2,"column":0},"end":{"line":2,"column":21}},"2":{"start":{"line":3,"column":0},"end":{"line":3,"column":46}},"3":{"start":{"line":4,"column":0},"end":{"line":4,"column":2}},"4":{"start":{"line":5,"column":0},"end":{"line":5,"column":0}},"5":{"start":{"line":6,"column":0},"end":{"line":6,"column":38}},"6":{"start":{"line":7,"column":0},"end":{"line":7,"column":19}},"7":{"start":{"line":8,"column":0},"end":{"line":8,"column":46}},"8":{"start":{"line":9,"column":0},"end":{"line":9,"column":2}},"9":{"start":{"line":10,"column":0},"end":{"line":10,"column":0}},"10":{"start":{"line":11,"column":0},"end":{"line":11,"column":31}},"11":{"start":{"line":12,"column":0},"end":{"line":12,"column":22}},"12":{"start":{"line":13,"column":0},"end":{"line":13,"column":20}},"13":{"start":{"line":14,"column":0},"end":{"line":14,"column":2}},"14":{"start":{"line":15,"column":0},"end":{"line":15,"column":0}},"15":{"start":{"line":16,"column":0},"end":{"line":16,"column":32}},"16":{"start":{"line":17,"column":0},"end":{"line":17,"column":23}},"17":{"start":{"line":18,"column":0},"end":{"line":18,"column":20}},"18":{"start":{"line":19,"column":0},"end":{"line":19,"column":2}},"19":{"start":{"line":20,"column":0},"end":{"line":20,"column":0}},"20":{"start":{"line":21,"column":0},"end":{"line":21,"column":32}},"21":{"start":{"line":22,"column":0},"end":{"line":22,"column":23}},"22":{"start":{"line":23,"column":0},"end":{"line":23,"column":20}},"23":{"start":{"line":24,"column":0},"end":{"line":24,"column":2}},"24":{"start":{"line":25,"column":0},"end":{"line":25,"column":0}},"25":{"start":{"line":26,"column":0},"end":{"line":26,"column":34}},"26":{"start":{"line":27,"column":0},"end":{"line":27,"column":29}},"27":{"start":{"line":28,"column":0},"end":{"line":28,"column":20}},"28":{"start":{"line":29,"column":0},"end":{"line":29,"column":2}},"29":{"start":{"line":30,"column":0},"end":{"line":30,"column":0}},"30":{"start":{"line":31,"column":0},"end":{"line":31,"column":27}},"31":{"start":{"line":32,"column":0},"end":{"line":32,"column":21}},"32":{"start":{"line":33,"column":0},"end":{"line":33,"column":28}},"33":{"start":{"line":34,"column":0},"end":{"line":34,"column":21}},"34":{"start":{"line":35,"column":0},"end":{"line":35,"column":22}},"35":{"start":{"line":36,"column":0},"end":{"line":36,"column":22}},"36":{"start":{"line":37,"column":0},"end":{"line":37,"column":25}}},"s":{"0":0,"1":0,"2":0,"3":0,"4":0,"5":0,"6":0,"7":0,"8":0,"9":0,"10":0,"11":0,"12":0,"13":0,"14":0,"15":0,"16":0,"17":0,"18":0,"19":0,"20":0,"21":0,"22":0,"23":0,"24":0,"25":0,"26":0,"27":0,"28":0,"29":0,"30":0,"31":0,"32":0,"33":0,"34":0,"35":0,"36":0},"branchMap":{"0":{"type":"branch","line":1,"loc":{"start":{"line":1,"column":0},"end":{"line":37,"column":25}},"locations":[{"start":{"line":1,"column":0},"end":{"line":37,"column":25}}]}},"b":{"0":[0]},"fnMap":{"0":{"name":"(empty-report)","decl":{"start":{"line":1,"column":0},"end":{"line":37,"column":25}},"loc":{"start":{"line":1,"column":0},"end":{"line":37,"column":25}},"line":1}},"f":{"0":0}}
,"C:\\Users\\andre\\OneDrive\\Documentos\\uni\\8vo\\arsw\\proyecto arsw\\The-Matrix-Front\\app\\types\\types.ts": {"path":"C:\\Users\\andre\\OneDrive\\Documentos\\uni\\8vo\\arsw\\proyecto arsw\\The-Matrix-Front\\app\\types\\types.ts","all":true,"statementMap":{"0":{"start":{"line":1,"column":0},"end":{"line":1,"column":25}},"1":{"start":{"line":2,"column":0},"end":{"line":2,"column":59}},"2":{"start":{"line":3,"column":0},"end":{"line":3,"column":72}},"3":{"start":{"line":4,"column":0},"end":{"line":4,"column":49}},"4":{"start":{"line":5,"column":0},"end":{"line":5,"column":81}},"5":{"start":{"line":6,"column":0},"end":{"line":6,"column":2}},"6":{"start":{"line":7,"column":0},"end":{"line":7,"column":0}},"7":{"start":{"line":8,"column":0},"end":{"line":8,"column":114}},"8":{"start":{"line":9,"column":0},"end":{"line":9,"column":0}},"9":{"start":{"line":10,"column":0},"end":{"line":10,"column":20}},"10":{"start":{"line":11,"column":0},"end":{"line":11,"column":54}},"11":{"start":{"line":12,"column":0},"end":{"line":12,"column":44}},"12":{"start":{"line":13,"column":0},"end":{"line":13,"column":2}},"13":{"start":{"line":14,"column":0},"end":{"line":14,"column":0}},"14":{"start":{"line":15,"column":0},"end":{"line":15,"column":25}},"15":{"start":{"line":16,"column":0},"end":{"line":16,"column":53}},"16":{"start":{"line":17,"column":0},"end":{"line":17,"column":73}},"17":{"start":{"line":18,"column":0},"end":{"line":18,"column":93}},"18":{"start":{"line":19,"column":0},"end":{"line":19,"column":59}},"19":{"start":{"line":20,"column":0},"end":{"line":20,"column":2}},"20":{"start":{"line":21,"column":0},"end":{"line":21,"column":0}},"21":{"start":{"line":22,"column":0},"end":{"line":22,"column":27}},"22":{"start":{"line":23,"column":0},"end":{"line":23,"column":27}},"23":{"start":{"line":24,"column":0},"end":{"line":24,"column":27}},"24":{"start":{"line":25,"column":0},"end":{"line":25,"column":2}},"25":{"start":{"line":26,"column":0},"end":{"line":26,"column":0}},"26":{"start":{"line":27,"column":0},"end":{"line":27,"column":25}},"27":{"start":{"line":28,"column":0},"end":{"line":28,"column":48}},"28":{"start":{"line":29,"column":0},"end":{"line":29,"column":60}},"29":{"start":{"line":30,"column":0},"end":{"line":30,"column":133}},"30":{"start":{"line":31,"column":0},"end":{"line":31,"column":79}},"31":{"start":{"line":32,"column":0},"end":{"line":32,"column":2}},"32":{"start":{"line":33,"column":0},"end":{"line":33,"column":0}},"33":{"start":{"line":34,"column":0},"end":{"line":34,"column":102}},"34":{"start":{"line":35,"column":0},"end":{"line":35,"column":0}},"35":{"start":{"line":36,"column":0},"end":{"line":36,"column":26}},"36":{"start":{"line":37,"column":0},"end":{"line":37,"column":49}},"37":{"start":{"line":38,"column":0},"end":{"line":38,"column":60}},"38":{"start":{"line":39,"column":0},"end":{"line":39,"column":133}},"39":{"start":{"line":40,"column":0},"end":{"line":40,"column":79}},"40":{"start":{"line":41,"column":0},"end":{"line":41,"column":2}},"41":{"start":{"line":42,"column":0},"end":{"line":42,"column":0}},"42":{"start":{"line":43,"column":0},"end":{"line":43,"column":31}},"43":{"start":{"line":44,"column":0},"end":{"line":44,"column":30}},"44":{"start":{"line":45,"column":0},"end":{"line":45,"column":37}},"45":{"start":{"line":46,"column":0},"end":{"line":46,"column":35}},"46":{"start":{"line":47,"column":0},"end":{"line":47,"column":40}},"47":{"start":{"line":48,"column":0},"end":{"line":48,"column":72}},"48":{"start":{"line":49,"column":0},"end":{"line":49,"column":81}},"49":{"start":{"line":50,"column":0},"end":{"line":50,"column":58}},"50":{"start":{"line":51,"column":0},"end":{"line":51,"column":2}},"51":{"start":{"line":52,"column":0},"end":{"line":52,"column":0}},"52":{"start":{"line":53,"column":0},"end":{"line":53,"column":37}},"53":{"start":{"line":54,"column":0},"end":{"line":54,"column":12}},"54":{"start":{"line":55,"column":0},"end":{"line":55,"column":23}},"55":{"start":{"line":56,"column":0},"end":{"line":56,"column":45}},"56":{"start":{"line":57,"column":0},"end":{"line":57,"column":2}},"57":{"start":{"line":58,"column":0},"end":{"line":58,"column":0}},"58":{"start":{"line":59,"column":0},"end":{"line":59,"column":27}},"59":{"start":{"line":60,"column":0},"end":{"line":60,"column":13}},"60":{"start":{"line":61,"column":0},"end":{"line":61,"column":26}},"61":{"start":{"line":62,"column":0},"end":{"line":62,"column":17}},"62":{"start":{"line":63,"column":0},"end":{"line":63,"column":1}}},"s":{"0":0,"1":0,"2":0,"3":0,"4":0,"5":0,"6":0,"7":0,"8":0,"9":0,"10":0,"11":0,"12":0,"13":0,"14":0,"15":0,"16":0,"17":0,"18":0,"19":0,"20":0,"21":0,"22":0,"23":0,"24":0,"25":0,"26":0,"27":0,"28":0,"29":0,"30":0,"31":0,"32":0,"33":0,"34":0,"35":0,"36":0,"37":0,"38":0,"39":0,"40":0,"41":0,"42":0,"43":0,"44":0,"45":0,"46":0,"47":0,"48":0,"49":0,"50":0,"51":0,"52":0,"53":0,"54":0,"55":0,"56":0,"57":0,"58":0,"59":0,"60":0,"61":0,"62":0},"branchMap":{"0":{"type":"branch","line":1,"loc":{"start":{"line":1,"column":0},"end":{"line":63,"column":1}},"locations":[{"start":{"line":1,"column":0},"end":{"line":63,"column":1}}]}},"b":{"0":[0]},"fnMap":{"0":{"name":"(empty-report)","decl":{"start":{"line":1,"column":0},"end":{"line":63,"column":1}},"loc":{"start":{"line":1,"column":0},"end":{"line":63,"column":1}},"line":1}},"f":{"0":0}}
,"C:\\Users\\andre\\OneDrive\\Documentos\\uni\\8vo\\arsw\\proyecto arsw\\The-Matrix-Front\\app\\utils\\spriteLoader.ts": {"path":"C:\\Users\\andre\\OneDrive\\Documentos\\uni\\8vo\\arsw\\proyecto arsw\\The-Matrix-Front\\app\\utils\\spriteLoader.ts","all":false,"statementMap":{"2":{"start":{"line":3,"column":0},"end":{"line":3,"column":56}},"4":{"start":{"line":5,"column":0},"end":{"line":5,"column":116}},"5":{"start":{"line":6,"column":0},"end":{"line":6,"column":33}},"6":{"start":{"line":7,"column":0},"end":{"line":7,"column":38}},"7":{"start":{"line":8,"column":0},"end":{"line":8,"column":87}},"8":{"start":{"line":9,"column":0},"end":{"line":9,"column":67}},"10":{"start":{"line":11,"column":0},"end":{"line":11,"column":48}},"12":{"start":{"line":13,"column":0},"end":{"line":13,"column":7}},"13":{"start":{"line":14,"column":0},"end":{"line":14,"column":39}},"14":{"start":{"line":15,"column":0},"end":{"line":15,"column":77}},"15":{"start":{"line":16,"column":0},"end":{"line":16,"column":39}},"16":{"start":{"line":17,"column":0},"end":{"line":17,"column":28}},"17":{"start":{"line":18,"column":0},"end":{"line":18,"column":16}},"18":{"start":{"line":19,"column":0},"end":{"line":19,"column":19}},"19":{"start":{"line":20,"column":0},"end":{"line":20,"column":61}},"20":{"start":{"line":21,"column":0},"end":{"line":21,"column":16}},"21":{"start":{"line":22,"column":0},"end":{"line":22,"column":3}},"22":{"start":{"line":23,"column":0},"end":{"line":23,"column":1}}},"s":{"2":1,"4":1,"5":1,"6":1,"7":0,"8":1,"10":1,"12":1,"13":1,"14":0,"15":0,"16":0,"17":0,"18":1,"19":1,"20":1,"21":1,"22":1},"branchMap":{"0":{"type":"branch","line":5,"loc":{"start":{"line":5,"column":0},"end":{"line":23,"column":1}},"locations":[{"start":{"line":5,"column":0},"end":{"line":23,"column":1}}]},"1":{"type":"branch","line":7,"loc":{"start":{"line":7,"column":28},"end":{"line":8,"column":87}},"locations":[{"start":{"line":7,"column":28},"end":{"line":8,"column":87}}]},"2":{"type":"branch","line":11,"loc":{"start":{"line":11,"column":24},"end":{"line":11,"column":48}},"locations":[{"start":{"line":11,"column":24},"end":{"line":11,"column":48}}]},"3":{"type":"branch","line":14,"loc":{"start":{"line":14,"column":37},"end":{"line":19,"column":11}},"locations":[{"start":{"line":14,"column":37},"end":{"line":19,"column":11}}]}},"b":{"0":[1],"1":[0],"2":[0],"3":[0]},"fnMap":{"0":{"name":"loadSprite","decl":{"start":{"line":5,"column":0},"end":{"line":23,"column":1}},"loc":{"start":{"line":5,"column":0},"end":{"line":23,"column":1}},"line":5}},"f":{"0":1}}
}
