{"C:\\Users\\andre\\OneDrive\\Documentos\\uni\\8vo\\arsw\\proyecto arsw\\The-Matrix-Front\\app\\components\\loadingScreen\\LoadingScreen.tsx": {"path":"C:\\Users\\andre\\OneDrive\\Documentos\\uni\\8vo\\arsw\\proyecto arsw\\The-Matrix-Front\\app\\components\\loadingScreen\\LoadingScreen.tsx","all":false,"statementMap":{"0":{"start":{"line":1,"column":0},"end":{"line":1,"column":44}},"1":{"start":{"line":2,"column":0},"end":{"line":2,"column":22}},"11":{"start":{"line":12,"column":0},"end":{"line":12,"column":39}},"12":{"start":{"line":13,"column":0},"end":{"line":13,"column":34}},"13":{"start":{"line":14,"column":0},"end":{"line":14,"column":17}},"14":{"start":{"line":15,"column":0},"end":{"line":15,"column":15}},"15":{"start":{"line":16,"column":0},"end":{"line":16,"column":14}},"16":{"start":{"line":17,"column":0},"end":{"line":17,"column":25}},"17":{"start":{"line":18,"column":0},"end":{"line":18,"column":24}},"18":{"start":{"line":19,"column":0},"end":{"line":19,"column":58}},"19":{"start":{"line":20,"column":0},"end":{"line":20,"column":58}},"20":{"start":{"line":21,"column":0},"end":{"line":21,"column":66}},"21":{"start":{"line":22,"column":0},"end":{"line":22,"column":60}},"22":{"start":{"line":23,"column":0},"end":{"line":23,"column":56}},"25":{"start":{"line":26,"column":0},"end":{"line":26,"column":21}},"27":{"start":{"line":28,"column":0},"end":{"line":28,"column":75}},"28":{"start":{"line":29,"column":0},"end":{"line":29,"column":49}},"29":{"start":{"line":30,"column":0},"end":{"line":30,"column":38}},"33":{"start":{"line":34,"column":0},"end":{"line":34,"column":31}},"34":{"start":{"line":35,"column":0},"end":{"line":35,"column":65}},"35":{"start":{"line":36,"column":0},"end":{"line":36,"column":38}},"36":{"start":{"line":37,"column":0},"end":{"line":37,"column":67}},"37":{"start":{"line":38,"column":0},"end":{"line":38,"column":38}},"38":{"start":{"line":39,"column":0},"end":{"line":39,"column":65}},"39":{"start":{"line":40,"column":0},"end":{"line":40,"column":38}},"40":{"start":{"line":41,"column":0},"end":{"line":41,"column":60}},"41":{"start":{"line":42,"column":0},"end":{"line":42,"column":16}},"42":{"start":{"line":43,"column":0},"end":{"line":43,"column":74}},"43":{"start":{"line":44,"column":0},"end":{"line":44,"column":9}},"46":{"start":{"line":47,"column":0},"end":{"line":47,"column":48}},"47":{"start":{"line":48,"column":0},"end":{"line":48,"column":32}},"48":{"start":{"line":49,"column":0},"end":{"line":49,"column":29}},"49":{"start":{"line":50,"column":0},"end":{"line":50,"column":95}},"50":{"start":{"line":51,"column":0},"end":{"line":51,"column":13}},"51":{"start":{"line":52,"column":0},"end":{"line":52,"column":9}},"52":{"start":{"line":53,"column":0},"end":{"line":53,"column":67}},"55":{"start":{"line":56,"column":0},"end":{"line":56,"column":21}},"57":{"start":{"line":58,"column":0},"end":{"line":58,"column":31}},"59":{"start":{"line":60,"column":0},"end":{"line":60,"column":39}},"61":{"start":{"line":62,"column":0},"end":{"line":62,"column":28}},"62":{"start":{"line":63,"column":0},"end":{"line":63,"column":29}},"63":{"start":{"line":64,"column":0},"end":{"line":64,"column":28}},"64":{"start":{"line":65,"column":0},"end":{"line":65,"column":27}},"65":{"start":{"line":66,"column":0},"end":{"line":66,"column":25}},"66":{"start":{"line":67,"column":0},"end":{"line":67,"column":25}},"92":{"start":{"line":93,"column":0},"end":{"line":93,"column":10}},"104":{"start":{"line":105,"column":0},"end":{"line":105,"column":28}},"105":{"start":{"line":106,"column":0},"end":{"line":106,"column":57}},"108":{"start":{"line":109,"column":0},"end":{"line":109,"column":38}},"109":{"start":{"line":110,"column":0},"end":{"line":110,"column":26}},"110":{"start":{"line":111,"column":0},"end":{"line":111,"column":93}},"111":{"start":{"line":112,"column":0},"end":{"line":112,"column":42}},"113":{"start":{"line":114,"column":0},"end":{"line":114,"column":46}},"114":{"start":{"line":115,"column":0},"end":{"line":115,"column":38}},"115":{"start":{"line":116,"column":0},"end":{"line":116,"column":13}},"116":{"start":{"line":117,"column":0},"end":{"line":117,"column":10}},"119":{"start":{"line":120,"column":0},"end":{"line":120,"column":46}},"120":{"start":{"line":121,"column":0},"end":{"line":121,"column":36}},"121":{"start":{"line":122,"column":0},"end":{"line":122,"column":40}},"122":{"start":{"line":123,"column":0},"end":{"line":123,"column":97}},"123":{"start":{"line":124,"column":0},"end":{"line":124,"column":26}},"124":{"start":{"line":125,"column":0},"end":{"line":125,"column":11}},"127":{"start":{"line":128,"column":0},"end":{"line":128,"column":43}},"128":{"start":{"line":129,"column":0},"end":{"line":129,"column":32}},"129":{"start":{"line":130,"column":0},"end":{"line":130,"column":96}},"130":{"start":{"line":131,"column":0},"end":{"line":131,"column":38}},"131":{"start":{"line":132,"column":0},"end":{"line":132,"column":73}},"132":{"start":{"line":133,"column":0},"end":{"line":133,"column":13}},"133":{"start":{"line":134,"column":0},"end":{"line":134,"column":50}},"135":{"start":{"line":136,"column":0},"end":{"line":136,"column":44}},"136":{"start":{"line":137,"column":0},"end":{"line":137,"column":20}},"139":{"start":{"line":140,"column":0},"end":{"line":140,"column":21}},"140":{"start":{"line":141,"column":0},"end":{"line":141,"column":27}},"141":{"start":{"line":142,"column":0},"end":{"line":142,"column":39}},"142":{"start":{"line":143,"column":0},"end":{"line":143,"column":9}},"143":{"start":{"line":144,"column":0},"end":{"line":144,"column":19}},"146":{"start":{"line":147,"column":0},"end":{"line":147,"column":12}},"147":{"start":{"line":148,"column":0},"end":{"line":148,"column":40}},"148":{"start":{"line":149,"column":0},"end":{"line":149,"column":47}},"149":{"start":{"line":150,"column":0},"end":{"line":150,"column":67}},"151":{"start":{"line":152,"column":0},"end":{"line":152,"column":51}},"152":{"start":{"line":153,"column":0},"end":{"line":153,"column":60}},"153":{"start":{"line":154,"column":0},"end":{"line":154,"column":22}},"155":{"start":{"line":156,"column":0},"end":{"line":156,"column":67}},"157":{"start":{"line":158,"column":0},"end":{"line":158,"column":56}},"158":{"start":{"line":159,"column":0},"end":{"line":159,"column":24}},"159":{"start":{"line":160,"column":0},"end":{"line":160,"column":53}},"160":{"start":{"line":161,"column":0},"end":{"line":161,"column":62}},"161":{"start":{"line":162,"column":0},"end":{"line":162,"column":27}},"162":{"start":{"line":163,"column":0},"end":{"line":163,"column":22}},"164":{"start":{"line":165,"column":0},"end":{"line":165,"column":70}},"165":{"start":{"line":166,"column":0},"end":{"line":166,"column":18}},"166":{"start":{"line":167,"column":0},"end":{"line":167,"column":14}},"168":{"start":{"line":169,"column":0},"end":{"line":169,"column":1}}},"s":{"0":1,"1":1,"11":53,"12":53,"13":53,"14":53,"15":53,"16":53,"17":53,"18":53,"19":53,"20":53,"21":53,"22":53,"25":53,"27":33,"28":33,"29":33,"33":33,"34":13,"35":33,"36":8,"37":20,"38":5,"39":12,"40":2,"41":7,"42":5,"43":5,"46":33,"47":2,"48":2,"49":2,"50":2,"51":2,"52":53,"55":53,"57":13,"59":1,"61":1,"62":1,"63":1,"64":1,"65":1,"66":1,"92":1,"104":1,"105":1,"108":1,"109":6,"110":6,"111":6,"113":6,"114":1,"115":1,"116":6,"119":1,"120":6,"121":6,"122":6,"123":6,"124":1,"127":1,"128":0,"129":0,"130":0,"131":0,"132":0,"133":1,"135":1,"136":53,"139":53,"140":19,"141":11,"142":11,"143":53,"146":53,"147":53,"148":53,"149":53,"151":53,"152":53,"153":53,"155":53,"157":53,"158":53,"159":53,"160":53,"161":53,"162":53,"164":53,"165":53,"166":53,"168":53},"branchMap":{"0":{"type":"branch","line":12,"loc":{"start":{"line":12,"column":0},"end":{"line":169,"column":1}},"locations":[{"start":{"line":12,"column":0},"end":{"line":169,"column":1}}]},"1":{"type":"branch","line":26,"loc":{"start":{"line":26,"column":14},"end":{"line":53,"column":7}},"locations":[{"start":{"line":26,"column":14},"end":{"line":53,"column":7}}]},"2":{"type":"branch","line":34,"loc":{"start":{"line":34,"column":30},"end":{"line":36,"column":19}},"locations":[{"start":{"line":34,"column":30},"end":{"line":36,"column":19}}]},"3":{"type":"branch","line":36,"loc":{"start":{"line":36,"column":8},"end":{"line":44,"column":9}},"locations":[{"start":{"line":36,"column":8},"end":{"line":44,"column":9}}]},"4":{"type":"branch","line":36,"loc":{"start":{"line":36,"column":37},"end":{"line":38,"column":19}},"locations":[{"start":{"line":36,"column":37},"end":{"line":38,"column":19}}]},"5":{"type":"branch","line":38,"loc":{"start":{"line":38,"column":8},"end":{"line":44,"column":9}},"locations":[{"start":{"line":38,"column":8},"end":{"line":44,"column":9}}]},"6":{"type":"branch","line":38,"loc":{"start":{"line":38,"column":37},"end":{"line":40,"column":19}},"locations":[{"start":{"line":38,"column":37},"end":{"line":40,"column":19}}]},"7":{"type":"branch","line":40,"loc":{"start":{"line":40,"column":8},"end":{"line":44,"column":9}},"locations":[{"start":{"line":40,"column":8},"end":{"line":44,"column":9}}]},"8":{"type":"branch","line":40,"loc":{"start":{"line":40,"column":37},"end":{"line":42,"column":15}},"locations":[{"start":{"line":40,"column":37},"end":{"line":42,"column":15}}]},"9":{"type":"branch","line":42,"loc":{"start":{"line":42,"column":8},"end":{"line":44,"column":9}},"locations":[{"start":{"line":42,"column":8},"end":{"line":44,"column":9}}]},"10":{"type":"branch","line":47,"loc":{"start":{"line":47,"column":27},"end":{"line":47,"column":47}},"locations":[{"start":{"line":47,"column":27},"end":{"line":47,"column":47}}]},"11":{"type":"branch","line":47,"loc":{"start":{"line":47,"column":47},"end":{"line":52,"column":9}},"locations":[{"start":{"line":47,"column":47},"end":{"line":52,"column":9}}]},"12":{"type":"branch","line":50,"loc":{"start":{"line":50,"column":27},"end":{"line":50,"column":47}},"locations":[{"start":{"line":50,"column":27},"end":{"line":50,"column":47}}]},"13":{"type":"branch","line":56,"loc":{"start":{"line":56,"column":14},"end":{"line":137,"column":7}},"locations":[{"start":{"line":56,"column":14},"end":{"line":137,"column":7}}]},"14":{"type":"branch","line":58,"loc":{"start":{"line":58,"column":24},"end":{"line":58,"column":31}},"locations":[{"start":{"line":58,"column":24},"end":{"line":58,"column":31}}]},"15":{"type":"branch","line":58,"loc":{"start":{"line":58,"column":24},"end":{"line":136,"column":44}},"locations":[{"start":{"line":58,"column":24},"end":{"line":136,"column":44}}]},"16":{"type":"branch","line":109,"loc":{"start":{"line":109,"column":31},"end":{"line":117,"column":10}},"locations":[{"start":{"line":109,"column":31},"end":{"line":117,"column":10}}]},"17":{"type":"branch","line":114,"loc":{"start":{"line":114,"column":45},"end":{"line":116,"column":13}},"locations":[{"start":{"line":114,"column":45},"end":{"line":116,"column":13}}]},"18":{"type":"branch","line":120,"loc":{"start":{"line":120,"column":38},"end":{"line":125,"column":9}},"locations":[{"start":{"line":120,"column":38},"end":{"line":125,"column":9}}]},"19":{"type":"branch","line":136,"loc":{"start":{"line":136,"column":15},"end":{"line":136,"column":44}},"locations":[{"start":{"line":136,"column":15},"end":{"line":136,"column":44}}]},"20":{"type":"branch","line":140,"loc":{"start":{"line":140,"column":14},"end":{"line":144,"column":7}},"locations":[{"start":{"line":140,"column":14},"end":{"line":144,"column":7}}]},"21":{"type":"branch","line":141,"loc":{"start":{"line":141,"column":26},"end":{"line":143,"column":9}},"locations":[{"start":{"line":141,"column":26},"end":{"line":143,"column":9}}]}},"b":{"0":[53],"1":[33],"2":[13],"3":[20],"4":[8],"5":[12],"6":[5],"7":[7],"8":[2],"9":[5],"10":[4],"11":[2],"12":[2],"13":[13],"14":[12],"15":[1],"16":[6],"17":[1],"18":[6],"19":[1],"20":[19],"21":[11]},"fnMap":{"0":{"name":"LoadingScreen","decl":{"start":{"line":12,"column":0},"end":{"line":169,"column":1}},"loc":{"start":{"line":12,"column":0},"end":{"line":169,"column":1}},"line":12},"1":{"name":"updateProgress","decl":{"start":{"line":109,"column":31},"end":{"line":117,"column":10}},"loc":{"start":{"line":109,"column":31},"end":{"line":117,"column":10}},"line":109}},"f":{"0":53,"1":6}}
,"C:\\Users\\andre\\OneDrive\\Documentos\\uni\\8vo\\arsw\\proyecto arsw\\The-Matrix-Front\\app\\components\\modal\\Modal.tsx": {"path":"C:\\Users\\andre\\OneDrive\\Documentos\\uni\\8vo\\arsw\\proyecto arsw\\The-Matrix-Front\\app\\components\\modal\\Modal.tsx","all":false,"statementMap":{"0":{"start":{"line":1,"column":0},"end":{"line":1,"column":37}},"12":{"start":{"line":13,"column":0},"end":{"line":13,"column":31}},"13":{"start":{"line":14,"column":0},"end":{"line":14,"column":11}},"14":{"start":{"line":15,"column":0},"end":{"line":15,"column":12}},"15":{"start":{"line":16,"column":0},"end":{"line":16,"column":32}},"16":{"start":{"line":17,"column":0},"end":{"line":17,"column":19}},"17":{"start":{"line":18,"column":0},"end":{"line":18,"column":13}},"18":{"start":{"line":19,"column":0},"end":{"line":19,"column":23}},"19":{"start":{"line":20,"column":0},"end":{"line":20,"column":16}},"20":{"start":{"line":21,"column":0},"end":{"line":21,"column":42}},"21":{"start":{"line":22,"column":0},"end":{"line":22,"column":21}},"22":{"start":{"line":23,"column":0},"end":{"line":23,"column":52}},"23":{"start":{"line":24,"column":0},"end":{"line":24,"column":16}},"24":{"start":{"line":25,"column":0},"end":{"line":25,"column":50}},"25":{"start":{"line":26,"column":0},"end":{"line":26,"column":9}},"26":{"start":{"line":27,"column":0},"end":{"line":27,"column":5}},"28":{"start":{"line":29,"column":0},"end":{"line":29,"column":24}},"29":{"start":{"line":30,"column":0},"end":{"line":30,"column":18}},"30":{"start":{"line":31,"column":0},"end":{"line":31,"column":50}},"31":{"start":{"line":32,"column":0},"end":{"line":32,"column":50}},"32":{"start":{"line":33,"column":0},"end":{"line":33,"column":56}},"33":{"start":{"line":34,"column":0},"end":{"line":34,"column":25}},"34":{"start":{"line":35,"column":0},"end":{"line":35,"column":28}},"35":{"start":{"line":36,"column":0},"end":{"line":36,"column":33}},"36":{"start":{"line":37,"column":0},"end":{"line":37,"column":36}},"37":{"start":{"line":38,"column":0},"end":{"line":38,"column":10}},"38":{"start":{"line":39,"column":0},"end":{"line":39,"column":18}},"39":{"start":{"line":40,"column":0},"end":{"line":40,"column":42}},"40":{"start":{"line":41,"column":0},"end":{"line":41,"column":26}},"41":{"start":{"line":42,"column":0},"end":{"line":42,"column":27}},"42":{"start":{"line":43,"column":0},"end":{"line":43,"column":31}},"43":{"start":{"line":44,"column":0},"end":{"line":44,"column":29}},"44":{"start":{"line":45,"column":0},"end":{"line":45,"column":33}},"45":{"start":{"line":46,"column":0},"end":{"line":46,"column":28}},"46":{"start":{"line":47,"column":0},"end":{"line":47,"column":25}},"47":{"start":{"line":48,"column":0},"end":{"line":48,"column":26}},"48":{"start":{"line":49,"column":0},"end":{"line":49,"column":28}},"49":{"start":{"line":50,"column":0},"end":{"line":50,"column":28}},"50":{"start":{"line":51,"column":0},"end":{"line":51,"column":9}},"51":{"start":{"line":52,"column":0},"end":{"line":52,"column":6}},"53":{"start":{"line":54,"column":0},"end":{"line":54,"column":12}},"54":{"start":{"line":55,"column":0},"end":{"line":55,"column":19}},"55":{"start":{"line":56,"column":0},"end":{"line":56,"column":27}},"56":{"start":{"line":57,"column":0},"end":{"line":57,"column":36}},"57":{"start":{"line":58,"column":0},"end":{"line":58,"column":30}},"58":{"start":{"line":59,"column":0},"end":{"line":59,"column":50}},"59":{"start":{"line":60,"column":0},"end":{"line":60,"column":31}},"61":{"start":{"line":62,"column":0},"end":{"line":62,"column":16}},"62":{"start":{"line":63,"column":0},"end":{"line":63,"column":43}},"63":{"start":{"line":64,"column":0},"end":{"line":64,"column":24}},"64":{"start":{"line":65,"column":0},"end":{"line":65,"column":55}},"65":{"start":{"line":66,"column":0},"end":{"line":66,"column":44}},"66":{"start":{"line":67,"column":0},"end":{"line":67,"column":48}},"67":{"start":{"line":68,"column":0},"end":{"line":68,"column":18}},"69":{"start":{"line":70,"column":0},"end":{"line":70,"column":26}},"71":{"start":{"line":72,"column":0},"end":{"line":72,"column":18}},"72":{"start":{"line":73,"column":0},"end":{"line":73,"column":21}},"74":{"start":{"line":75,"column":0},"end":{"line":75,"column":1}}},"s":{"0":1,"12":31,"13":31,"14":31,"15":31,"16":31,"17":31,"18":31,"19":31,"20":31,"21":31,"22":17,"23":31,"24":14,"25":14,"26":31,"28":31,"29":31,"30":31,"31":31,"32":31,"33":31,"34":31,"35":31,"36":31,"37":31,"38":31,"39":31,"40":31,"41":31,"42":31,"43":31,"44":31,"45":31,"46":31,"47":31,"48":31,"49":31,"50":31,"51":31,"53":31,"54":31,"55":31,"56":31,"57":31,"58":31,"59":31,"61":31,"62":31,"63":31,"64":31,"65":31,"66":31,"67":31,"69":31,"71":31,"72":31,"74":31},"branchMap":{"0":{"type":"branch","line":13,"loc":{"start":{"line":13,"column":0},"end":{"line":75,"column":1}},"locations":[{"start":{"line":13,"column":0},"end":{"line":75,"column":1}}]},"1":{"type":"branch","line":22,"loc":{"start":{"line":22,"column":20},"end":{"line":24,"column":15}},"locations":[{"start":{"line":22,"column":20},"end":{"line":24,"column":15}}]},"2":{"type":"branch","line":24,"loc":{"start":{"line":24,"column":8},"end":{"line":26,"column":9}},"locations":[{"start":{"line":24,"column":8},"end":{"line":26,"column":9}}]}},"b":{"0":[31],"1":[17],"2":[14]},"fnMap":{"0":{"name":"Modal","decl":{"start":{"line":13,"column":0},"end":{"line":75,"column":1}},"loc":{"start":{"line":13,"column":0},"end":{"line":75,"column":1}},"line":13}},"f":{"0":31}}
,"C:\\Users\\andre\\OneDrive\\Documentos\\uni\\8vo\\arsw\\proyecto arsw\\The-Matrix-Front\\app\\components\\shared\\Button.tsx": {"path":"C:\\Users\\andre\\OneDrive\\Documentos\\uni\\8vo\\arsw\\proyecto arsw\\The-Matrix-Front\\app\\components\\shared\\Button.tsx","all":false,"statementMap":{"1":{"start":{"line":2,"column":0},"end":{"line":2,"column":22}},"9":{"start":{"line":10,"column":0},"end":{"line":10,"column":32}},"10":{"start":{"line":11,"column":0},"end":{"line":11,"column":13}},"11":{"start":{"line":12,"column":0},"end":{"line":12,"column":24}},"12":{"start":{"line":13,"column":0},"end":{"line":13,"column":20}},"13":{"start":{"line":14,"column":0},"end":{"line":14,"column":22}},"14":{"start":{"line":15,"column":0},"end":{"line":15,"column":19}},"15":{"start":{"line":16,"column":0},"end":{"line":16,"column":12}},"16":{"start":{"line":17,"column":0},"end":{"line":17,"column":17}},"17":{"start":{"line":18,"column":0},"end":{"line":18,"column":12}},"18":{"start":{"line":19,"column":0},"end":{"line":19,"column":15}},"19":{"start":{"line":20,"column":0},"end":{"line":20,"column":104}},"20":{"start":{"line":21,"column":0},"end":{"line":21,"column":22}},"22":{"start":{"line":23,"column":0},"end":{"line":23,"column":22}},"23":{"start":{"line":24,"column":0},"end":{"line":24,"column":17}},"25":{"start":{"line":26,"column":0},"end":{"line":26,"column":1}}},"s":{"1":1,"9":84,"10":84,"11":84,"12":84,"13":84,"14":84,"15":84,"16":84,"17":84,"18":84,"19":84,"20":84,"22":84,"23":84,"25":84},"branchMap":{"0":{"type":"branch","line":10,"loc":{"start":{"line":10,"column":0},"end":{"line":26,"column":1}},"locations":[{"start":{"line":10,"column":0},"end":{"line":26,"column":1}}]},"1":{"type":"branch","line":20,"loc":{"start":{"line":20,"column":59},"end":{"line":20,"column":86}},"locations":[{"start":{"line":20,"column":59},"end":{"line":20,"column":86}}]},"2":{"type":"branch","line":20,"loc":{"start":{"line":20,"column":71},"end":{"line":20,"column":88}},"locations":[{"start":{"line":20,"column":71},"end":{"line":20,"column":88}}]}},"b":{"0":[84],"1":[1],"2":[83]},"fnMap":{"0":{"name":"Button","decl":{"start":{"line":10,"column":0},"end":{"line":26,"column":1}},"loc":{"start":{"line":10,"column":0},"end":{"line":26,"column":1}},"line":10}},"f":{"0":84}}
,"C:\\Users\\andre\\OneDrive\\Documentos\\uni\\8vo\\arsw\\proyecto arsw\\The-Matrix-Front\\app\\contexts\\UsersContext.tsx": {"path":"C:\\Users\\andre\\OneDrive\\Documentos\\uni\\8vo\\arsw\\proyecto arsw\\The-Matrix-Front\\app\\contexts\\UsersContext.tsx","all":false,"statementMap":{"0":{"start":{"line":1,"column":0},"end":{"line":1,"column":62}},"18":{"start":{"line":19,"column":0},"end":{"line":19,"column":34}},"19":{"start":{"line":20,"column":0},"end":{"line":20,"column":15}},"20":{"start":{"line":21,"column":0},"end":{"line":21,"column":15}},"21":{"start":{"line":22,"column":0},"end":{"line":22,"column":20}},"22":{"start":{"line":23,"column":0},"end":{"line":23,"column":24}},"23":{"start":{"line":24,"column":0},"end":{"line":24,"column":27}},"24":{"start":{"line":25,"column":0},"end":{"line":25,"column":33}},"25":{"start":{"line":26,"column":0},"end":{"line":26,"column":26}},"26":{"start":{"line":27,"column":0},"end":{"line":27,"column":22}},"27":{"start":{"line":28,"column":0},"end":{"line":28,"column":6}},"28":{"start":{"line":29,"column":0},"end":{"line":29,"column":20}},"29":{"start":{"line":30,"column":0},"end":{"line":30,"column":15}},"30":{"start":{"line":31,"column":0},"end":{"line":31,"column":20}},"31":{"start":{"line":32,"column":0},"end":{"line":32,"column":24}},"32":{"start":{"line":33,"column":0},"end":{"line":33,"column":27}},"33":{"start":{"line":34,"column":0},"end":{"line":34,"column":33}},"34":{"start":{"line":35,"column":0},"end":{"line":35,"column":26}},"35":{"start":{"line":36,"column":0},"end":{"line":36,"column":22}},"36":{"start":{"line":37,"column":0},"end":{"line":37,"column":6}},"37":{"start":{"line":38,"column":0},"end":{"line":38,"column":24}},"38":{"start":{"line":39,"column":0},"end":{"line":39,"column":2}},"40":{"start":{"line":41,"column":0},"end":{"line":41,"column":75}},"41":{"start":{"line":42,"column":0},"end":{"line":42,"column":26}},"42":{"start":{"line":43,"column":0},"end":{"line":43,"column":29}},"43":{"start":{"line":44,"column":0},"end":{"line":44,"column":58}},"44":{"start":{"line":45,"column":0},"end":{"line":45,"column":34}},"45":{"start":{"line":46,"column":0},"end":{"line":46,"column":63}},"46":{"start":{"line":47,"column":0},"end":{"line":47,"column":36}},"47":{"start":{"line":48,"column":0},"end":{"line":48,"column":58}},"48":{"start":{"line":49,"column":0},"end":{"line":49,"column":62}},"49":{"start":{"line":50,"column":0},"end":{"line":50,"column":13}},"50":{"start":{"line":51,"column":0},"end":{"line":51,"column":63}},"52":{"start":{"line":53,"column":0},"end":{"line":53,"column":27}},"53":{"start":{"line":54,"column":0},"end":{"line":54,"column":20}},"54":{"start":{"line":55,"column":0},"end":{"line":55,"column":27}},"55":{"start":{"line":56,"column":0},"end":{"line":56,"column":38}},"56":{"start":{"line":57,"column":0},"end":{"line":57,"column":52}},"57":{"start":{"line":58,"column":0},"end":{"line":58,"column":70}},"58":{"start":{"line":59,"column":0},"end":{"line":59,"column":18}},"59":{"start":{"line":60,"column":0},"end":{"line":60,"column":32}},"60":{"start":{"line":61,"column":0},"end":{"line":61,"column":43}},"61":{"start":{"line":62,"column":0},"end":{"line":62,"column":52}},"62":{"start":{"line":63,"column":0},"end":{"line":63,"column":75}},"63":{"start":{"line":64,"column":0},"end":{"line":64,"column":18}},"64":{"start":{"line":65,"column":0},"end":{"line":65,"column":43}},"65":{"start":{"line":66,"column":0},"end":{"line":66,"column":14}},"66":{"start":{"line":67,"column":0},"end":{"line":67,"column":25}},"67":{"start":{"line":68,"column":0},"end":{"line":68,"column":64}},"68":{"start":{"line":69,"column":0},"end":{"line":69,"column":24}},"69":{"start":{"line":70,"column":0},"end":{"line":70,"column":29}},"70":{"start":{"line":71,"column":0},"end":{"line":71,"column":31}},"71":{"start":{"line":72,"column":0},"end":{"line":72,"column":42}},"72":{"start":{"line":73,"column":0},"end":{"line":73,"column":61}},"73":{"start":{"line":74,"column":0},"end":{"line":74,"column":60}},"74":{"start":{"line":75,"column":0},"end":{"line":75,"column":51}},"75":{"start":{"line":76,"column":0},"end":{"line":76,"column":22}},"76":{"start":{"line":77,"column":0},"end":{"line":77,"column":18}},"77":{"start":{"line":78,"column":0},"end":{"line":78,"column":13}},"78":{"start":{"line":79,"column":0},"end":{"line":79,"column":20}},"79":{"start":{"line":80,"column":0},"end":{"line":80,"column":25}},"80":{"start":{"line":81,"column":0},"end":{"line":81,"column":32}},"81":{"start":{"line":82,"column":0},"end":{"line":82,"column":43}},"82":{"start":{"line":83,"column":0},"end":{"line":83,"column":57}},"83":{"start":{"line":84,"column":0},"end":{"line":84,"column":56}},"84":{"start":{"line":85,"column":0},"end":{"line":85,"column":47}},"85":{"start":{"line":86,"column":0},"end":{"line":86,"column":18}},"86":{"start":{"line":87,"column":0},"end":{"line":87,"column":14}},"87":{"start":{"line":88,"column":0},"end":{"line":88,"column":30}},"88":{"start":{"line":89,"column":0},"end":{"line":89,"column":63}},"89":{"start":{"line":90,"column":0},"end":{"line":90,"column":20}},"90":{"start":{"line":91,"column":0},"end":{"line":91,"column":25}},"91":{"start":{"line":92,"column":0},"end":{"line":92,"column":42}},"92":{"start":{"line":93,"column":0},"end":{"line":93,"column":14}},"93":{"start":{"line":94,"column":0},"end":{"line":94,"column":16}},"94":{"start":{"line":95,"column":0},"end":{"line":95,"column":25}},"95":{"start":{"line":96,"column":0},"end":{"line":96,"column":5}},"96":{"start":{"line":97,"column":0},"end":{"line":97,"column":1}},"103":{"start":{"line":104,"column":0},"end":{"line":104,"column":77}},"105":{"start":{"line":106,"column":0},"end":{"line":106,"column":73}},"106":{"start":{"line":107,"column":0},"end":{"line":107,"column":69}},"107":{"start":{"line":108,"column":0},"end":{"line":108,"column":12}},"108":{"start":{"line":109,"column":0},"end":{"line":109,"column":59}},"109":{"start":{"line":110,"column":0},"end":{"line":110,"column":22}},"110":{"start":{"line":111,"column":0},"end":{"line":111,"column":32}},"112":{"start":{"line":113,"column":0},"end":{"line":113,"column":2}},"114":{"start":{"line":115,"column":0},"end":{"line":115,"column":28}},"115":{"start":{"line":116,"column":0},"end":{"line":116,"column":45}},"116":{"start":{"line":117,"column":0},"end":{"line":117,"column":82}},"117":{"start":{"line":118,"column":0},"end":{"line":118,"column":19}},"118":{"start":{"line":119,"column":0},"end":{"line":119,"column":1}}},"s":{"0":1,"18":1,"19":1,"20":1,"21":1,"22":1,"23":1,"24":1,"25":1,"26":1,"27":1,"28":1,"29":1,"30":1,"31":1,"32":1,"33":1,"34":1,"35":1,"36":1,"37":1,"38":1,"40":10,"41":10,"42":10,"43":3,"44":10,"45":1,"46":10,"47":0,"48":0,"49":0,"50":0,"52":10,"53":2,"54":2,"55":2,"56":2,"57":2,"58":2,"59":2,"60":2,"61":2,"62":2,"63":2,"64":2,"65":2,"66":10,"67":2,"68":1,"69":1,"70":1,"71":1,"72":1,"73":1,"74":1,"75":1,"76":1,"77":1,"78":1,"79":1,"80":1,"81":1,"82":1,"83":1,"84":1,"85":1,"86":1,"87":10,"88":2,"89":2,"90":2,"91":2,"92":2,"93":10,"94":0,"95":10,"96":10,"103":1,"105":1,"106":24,"107":24,"108":24,"109":24,"110":24,"112":24,"114":1,"115":36,"116":36,"117":31,"118":31},"branchMap":{"0":{"type":"branch","line":41,"loc":{"start":{"line":41,"column":0},"end":{"line":97,"column":1}},"locations":[{"start":{"line":41,"column":0},"end":{"line":97,"column":1}}]},"1":{"type":"branch","line":43,"loc":{"start":{"line":43,"column":8},"end":{"line":44,"column":58}},"locations":[{"start":{"line":43,"column":8},"end":{"line":44,"column":58}}]},"2":{"type":"branch","line":45,"loc":{"start":{"line":45,"column":8},"end":{"line":46,"column":63}},"locations":[{"start":{"line":45,"column":8},"end":{"line":46,"column":63}}]},"3":{"type":"branch","line":47,"loc":{"start":{"line":47,"column":8},"end":{"line":51,"column":63}},"locations":[{"start":{"line":47,"column":8},"end":{"line":51,"column":63}}]},"4":{"type":"branch","line":53,"loc":{"start":{"line":53,"column":8},"end":{"line":66,"column":14}},"locations":[{"start":{"line":53,"column":8},"end":{"line":66,"column":14}}]},"5":{"type":"branch","line":67,"loc":{"start":{"line":67,"column":8},"end":{"line":87,"column":14}},"locations":[{"start":{"line":67,"column":8},"end":{"line":87,"column":14}}]},"6":{"type":"branch","line":68,"loc":{"start":{"line":68,"column":63},"end":{"line":87,"column":14}},"locations":[{"start":{"line":68,"column":63},"end":{"line":87,"column":14}}]},"7":{"type":"branch","line":88,"loc":{"start":{"line":88,"column":8},"end":{"line":93,"column":14}},"locations":[{"start":{"line":88,"column":8},"end":{"line":93,"column":14}}]},"8":{"type":"branch","line":94,"loc":{"start":{"line":94,"column":8},"end":{"line":95,"column":25}},"locations":[{"start":{"line":94,"column":8},"end":{"line":95,"column":25}}]},"9":{"type":"branch","line":106,"loc":{"start":{"line":106,"column":29},"end":{"line":113,"column":2}},"locations":[{"start":{"line":106,"column":29},"end":{"line":113,"column":2}}]},"10":{"type":"branch","line":115,"loc":{"start":{"line":115,"column":7},"end":{"line":119,"column":1}},"locations":[{"start":{"line":115,"column":7},"end":{"line":119,"column":1}}]},"11":{"type":"branch","line":117,"loc":{"start":{"line":117,"column":18},"end":{"line":117,"column":82}},"locations":[{"start":{"line":117,"column":18},"end":{"line":117,"column":82}}]},"12":{"type":"branch","line":117,"loc":{"start":{"line":117,"column":80},"end":{"line":119,"column":1}},"locations":[{"start":{"line":117,"column":80},"end":{"line":119,"column":1}}]}},"b":{"0":[10],"1":[3],"2":[1],"3":[0],"4":[2],"5":[2],"6":[1],"7":[2],"8":[0],"9":[24],"10":[36],"11":[4],"12":[31]},"fnMap":{"0":{"name":"usersReducer","decl":{"start":{"line":41,"column":0},"end":{"line":97,"column":1}},"loc":{"start":{"line":41,"column":0},"end":{"line":97,"column":1}},"line":41},"1":{"name":"UsersProvider","decl":{"start":{"line":106,"column":29},"end":{"line":113,"column":2}},"loc":{"start":{"line":106,"column":29},"end":{"line":113,"column":2}},"line":106},"2":{"name":"useUsers","decl":{"start":{"line":115,"column":7},"end":{"line":119,"column":1}},"loc":{"start":{"line":115,"column":7},"end":{"line":119,"column":1}},"line":115}},"f":{"0":10,"1":24,"2":36}}
,"C:\\Users\\andre\\OneDrive\\Documentos\\uni\\8vo\\arsw\\proyecto arsw\\The-Matrix-Front\\app\\contexts\\game\\GameWebSocketProvider.tsx": {"path":"C:\\Users\\andre\\OneDrive\\Documentos\\uni\\8vo\\arsw\\proyecto arsw\\The-Matrix-Front\\app\\contexts\\game\\GameWebSocketProvider.tsx","all":false,"statementMap":{"0":{"start":{"line":1,"column":0},"end":{"line":1,"column":92}},"2":{"start":{"line":3,"column":0},"end":{"line":3,"column":51}},"3":{"start":{"line":4,"column":0},"end":{"line":4,"column":48}},"4":{"start":{"line":5,"column":0},"end":{"line":5,"column":57}},"5":{"start":{"line":6,"column":0},"end":{"line":6,"column":51}},"6":{"start":{"line":7,"column":0},"end":{"line":7,"column":54}},"9":{"start":{"line":10,"column":0},"end":{"line":10,"column":78}},"11":{"start":{"line":12,"column":0},"end":{"line":12,"column":44}},"14":{"start":{"line":15,"column":0},"end":{"line":15,"column":26}},"16":{"start":{"line":17,"column":0},"end":{"line":17,"column":78}},"17":{"start":{"line":18,"column":0},"end":{"line":18,"column":51}},"18":{"start":{"line":19,"column":0},"end":{"line":19,"column":49}},"19":{"start":{"line":20,"column":0},"end":{"line":20,"column":77}},"20":{"start":{"line":21,"column":0},"end":{"line":21,"column":68}},"21":{"start":{"line":22,"column":0},"end":{"line":22,"column":55}},"23":{"start":{"line":24,"column":0},"end":{"line":24,"column":74}},"25":{"start":{"line":26,"column":0},"end":{"line":26,"column":38}},"26":{"start":{"line":27,"column":0},"end":{"line":27,"column":63}},"29":{"start":{"line":30,"column":0},"end":{"line":30,"column":46}},"30":{"start":{"line":31,"column":0},"end":{"line":31,"column":50}},"31":{"start":{"line":32,"column":0},"end":{"line":32,"column":78}},"32":{"start":{"line":33,"column":0},"end":{"line":33,"column":13}},"33":{"start":{"line":34,"column":0},"end":{"line":34,"column":5}},"35":{"start":{"line":36,"column":0},"end":{"line":36,"column":13}},"36":{"start":{"line":37,"column":0},"end":{"line":37,"column":17}},"37":{"start":{"line":38,"column":0},"end":{"line":38,"column":5}},"38":{"start":{"line":39,"column":0},"end":{"line":39,"column":24}},"39":{"start":{"line":40,"column":0},"end":{"line":40,"column":98}},"40":{"start":{"line":41,"column":0},"end":{"line":41,"column":18}},"41":{"start":{"line":42,"column":0},"end":{"line":42,"column":20}},"43":{"start":{"line":44,"column":0},"end":{"line":44,"column":44}},"46":{"start":{"line":47,"column":0},"end":{"line":47,"column":59}},"47":{"start":{"line":48,"column":0},"end":{"line":48,"column":49}},"48":{"start":{"line":49,"column":0},"end":{"line":49,"column":67}},"49":{"start":{"line":50,"column":0},"end":{"line":50,"column":12}},"50":{"start":{"line":51,"column":0},"end":{"line":51,"column":82}},"51":{"start":{"line":52,"column":0},"end":{"line":52,"column":5}},"52":{"start":{"line":53,"column":0},"end":{"line":53,"column":11}},"55":{"start":{"line":56,"column":0},"end":{"line":56,"column":19}},"56":{"start":{"line":57,"column":0},"end":{"line":57,"column":20}},"57":{"start":{"line":58,"column":0},"end":{"line":58,"column":53}},"58":{"start":{"line":59,"column":0},"end":{"line":59,"column":23}},"59":{"start":{"line":60,"column":0},"end":{"line":60,"column":42}},"60":{"start":{"line":61,"column":0},"end":{"line":61,"column":6}},"62":{"start":{"line":63,"column":0},"end":{"line":63,"column":29}},"63":{"start":{"line":64,"column":0},"end":{"line":64,"column":27}},"64":{"start":{"line":65,"column":0},"end":{"line":65,"column":98}},"65":{"start":{"line":66,"column":0},"end":{"line":66,"column":14}},"66":{"start":{"line":67,"column":0},"end":{"line":67,"column":23}},"67":{"start":{"line":68,"column":0},"end":{"line":68,"column":35}},"68":{"start":{"line":69,"column":0},"end":{"line":69,"column":38}},"69":{"start":{"line":70,"column":0},"end":{"line":70,"column":13}},"70":{"start":{"line":71,"column":0},"end":{"line":71,"column":87}},"71":{"start":{"line":72,"column":0},"end":{"line":72,"column":41}},"72":{"start":{"line":73,"column":0},"end":{"line":73,"column":125}},"73":{"start":{"line":74,"column":0},"end":{"line":74,"column":55}},"74":{"start":{"line":75,"column":0},"end":{"line":75,"column":31}},"75":{"start":{"line":76,"column":0},"end":{"line":76,"column":91}},"76":{"start":{"line":77,"column":0},"end":{"line":77,"column":33}},"77":{"start":{"line":78,"column":0},"end":{"line":78,"column":16}},"78":{"start":{"line":79,"column":0},"end":{"line":79,"column":70}},"79":{"start":{"line":80,"column":0},"end":{"line":80,"column":9}},"80":{"start":{"line":81,"column":0},"end":{"line":81,"column":7}},"81":{"start":{"line":82,"column":0},"end":{"line":82,"column":6}},"83":{"start":{"line":84,"column":0},"end":{"line":84,"column":29}},"84":{"start":{"line":85,"column":0},"end":{"line":85,"column":47}},"85":{"start":{"line":86,"column":0},"end":{"line":86,"column":6}},"86":{"start":{"line":87,"column":0},"end":{"line":87,"column":31}},"87":{"start":{"line":88,"column":0},"end":{"line":88,"column":11}},"88":{"start":{"line":89,"column":0},"end":{"line":89,"column":47}},"89":{"start":{"line":90,"column":0},"end":{"line":90,"column":70}},"91":{"start":{"line":92,"column":0},"end":{"line":92,"column":45}},"92":{"start":{"line":93,"column":0},"end":{"line":93,"column":88}},"93":{"start":{"line":94,"column":0},"end":{"line":94,"column":88}},"94":{"start":{"line":95,"column":0},"end":{"line":95,"column":9}},"95":{"start":{"line":96,"column":0},"end":{"line":96,"column":50}},"96":{"start":{"line":97,"column":0},"end":{"line":97,"column":25}},"97":{"start":{"line":98,"column":0},"end":{"line":98,"column":30}},"98":{"start":{"line":99,"column":0},"end":{"line":99,"column":22}},"99":{"start":{"line":100,"column":0},"end":{"line":100,"column":43}},"100":{"start":{"line":101,"column":0},"end":{"line":101,"column":55}},"101":{"start":{"line":102,"column":0},"end":{"line":102,"column":51}},"102":{"start":{"line":103,"column":0},"end":{"line":103,"column":43}},"103":{"start":{"line":104,"column":0},"end":{"line":104,"column":13}},"104":{"start":{"line":105,"column":0},"end":{"line":105,"column":13}},"105":{"start":{"line":106,"column":0},"end":{"line":106,"column":47}},"107":{"start":{"line":108,"column":0},"end":{"line":108,"column":83}},"108":{"start":{"line":109,"column":0},"end":{"line":109,"column":56}},"109":{"start":{"line":110,"column":0},"end":{"line":110,"column":93}},"110":{"start":{"line":111,"column":0},"end":{"line":111,"column":11}},"111":{"start":{"line":112,"column":0},"end":{"line":112,"column":9}},"113":{"start":{"line":114,"column":0},"end":{"line":114,"column":51}},"115":{"start":{"line":116,"column":0},"end":{"line":116,"column":74}},"116":{"start":{"line":117,"column":0},"end":{"line":117,"column":9}},"118":{"start":{"line":119,"column":0},"end":{"line":119,"column":42}},"120":{"start":{"line":121,"column":0},"end":{"line":121,"column":25}},"121":{"start":{"line":122,"column":0},"end":{"line":122,"column":35}},"122":{"start":{"line":123,"column":0},"end":{"line":123,"column":43}},"123":{"start":{"line":124,"column":0},"end":{"line":124,"column":13}},"124":{"start":{"line":125,"column":0},"end":{"line":125,"column":9}},"126":{"start":{"line":127,"column":0},"end":{"line":127,"column":52}},"127":{"start":{"line":128,"column":0},"end":{"line":128,"column":65}},"128":{"start":{"line":129,"column":0},"end":{"line":129,"column":80}},"129":{"start":{"line":130,"column":0},"end":{"line":130,"column":93}},"130":{"start":{"line":131,"column":0},"end":{"line":131,"column":9}},"132":{"start":{"line":133,"column":0},"end":{"line":133,"column":58}},"133":{"start":{"line":134,"column":0},"end":{"line":134,"column":57}},"134":{"start":{"line":135,"column":0},"end":{"line":135,"column":26}},"135":{"start":{"line":136,"column":0},"end":{"line":136,"column":39}},"136":{"start":{"line":137,"column":0},"end":{"line":137,"column":22}},"137":{"start":{"line":138,"column":0},"end":{"line":138,"column":43}},"138":{"start":{"line":139,"column":0},"end":{"line":139,"column":53}},"139":{"start":{"line":140,"column":0},"end":{"line":140,"column":13}},"140":{"start":{"line":141,"column":0},"end":{"line":141,"column":11}},"141":{"start":{"line":142,"column":0},"end":{"line":142,"column":9}},"143":{"start":{"line":144,"column":0},"end":{"line":144,"column":49}},"145":{"start":{"line":146,"column":0},"end":{"line":146,"column":93}},"146":{"start":{"line":147,"column":0},"end":{"line":147,"column":93}},"148":{"start":{"line":149,"column":0},"end":{"line":149,"column":50}},"149":{"start":{"line":150,"column":0},"end":{"line":150,"column":51}},"150":{"start":{"line":151,"column":0},"end":{"line":151,"column":68}},"151":{"start":{"line":152,"column":0},"end":{"line":152,"column":25}},"152":{"start":{"line":153,"column":0},"end":{"line":153,"column":34}},"153":{"start":{"line":154,"column":0},"end":{"line":154,"column":22}},"154":{"start":{"line":155,"column":0},"end":{"line":155,"column":37}},"155":{"start":{"line":156,"column":0},"end":{"line":156,"column":63}},"156":{"start":{"line":157,"column":0},"end":{"line":157,"column":65}},"157":{"start":{"line":158,"column":0},"end":{"line":158,"column":13}},"158":{"start":{"line":159,"column":0},"end":{"line":159,"column":13}},"159":{"start":{"line":160,"column":0},"end":{"line":160,"column":25}},"160":{"start":{"line":161,"column":0},"end":{"line":161,"column":39}},"161":{"start":{"line":162,"column":0},"end":{"line":162,"column":22}},"162":{"start":{"line":163,"column":0},"end":{"line":163,"column":42}},"163":{"start":{"line":164,"column":0},"end":{"line":164,"column":64}},"164":{"start":{"line":165,"column":0},"end":{"line":165,"column":66}},"165":{"start":{"line":166,"column":0},"end":{"line":166,"column":13}},"166":{"start":{"line":167,"column":0},"end":{"line":167,"column":13}},"169":{"start":{"line":170,"column":0},"end":{"line":170,"column":79}},"171":{"start":{"line":172,"column":0},"end":{"line":172,"column":25}},"172":{"start":{"line":173,"column":0},"end":{"line":173,"column":35}},"173":{"start":{"line":174,"column":0},"end":{"line":174,"column":30}},"174":{"start":{"line":175,"column":0},"end":{"line":175,"column":13}},"175":{"start":{"line":176,"column":0},"end":{"line":176,"column":9}},"177":{"start":{"line":178,"column":0},"end":{"line":178,"column":59}},"179":{"start":{"line":180,"column":0},"end":{"line":180,"column":63}},"180":{"start":{"line":181,"column":0},"end":{"line":181,"column":84}},"181":{"start":{"line":182,"column":0},"end":{"line":182,"column":9}},"182":{"start":{"line":183,"column":0},"end":{"line":183,"column":45}},"183":{"start":{"line":184,"column":0},"end":{"line":184,"column":25}},"184":{"start":{"line":185,"column":0},"end":{"line":185,"column":35}},"185":{"start":{"line":186,"column":0},"end":{"line":186,"column":68}},"186":{"start":{"line":187,"column":0},"end":{"line":187,"column":13}},"187":{"start":{"line":188,"column":0},"end":{"line":188,"column":80}},"188":{"start":{"line":189,"column":0},"end":{"line":189,"column":9}},"189":{"start":{"line":190,"column":0},"end":{"line":190,"column":14}},"190":{"start":{"line":191,"column":0},"end":{"line":191,"column":58}},"191":{"start":{"line":192,"column":0},"end":{"line":192,"column":9}},"192":{"start":{"line":193,"column":0},"end":{"line":193,"column":23}},"193":{"start":{"line":194,"column":0},"end":{"line":194,"column":93}},"194":{"start":{"line":195,"column":0},"end":{"line":195,"column":7}},"195":{"start":{"line":196,"column":0},"end":{"line":196,"column":6}},"196":{"start":{"line":197,"column":0},"end":{"line":197,"column":52}},"197":{"start":{"line":198,"column":0},"end":{"line":198,"column":11}},"200":{"start":{"line":201,"column":0},"end":{"line":201,"column":10}},"201":{"start":{"line":202,"column":0},"end":{"line":202,"column":77}},"202":{"start":{"line":203,"column":0},"end":{"line":203,"column":16}},"203":{"start":{"line":204,"column":0},"end":{"line":204,"column":36}},"205":{"start":{"line":206,"column":0},"end":{"line":206,"column":1}},"207":{"start":{"line":208,"column":0},"end":{"line":208,"column":36}},"208":{"start":{"line":209,"column":0},"end":{"line":209,"column":47}},"209":{"start":{"line":210,"column":0},"end":{"line":210,"column":92}},"210":{"start":{"line":211,"column":0},"end":{"line":211,"column":13}},"211":{"start":{"line":212,"column":0},"end":{"line":212,"column":1}}},"s":{"0":1,"2":1,"3":1,"4":1,"5":1,"6":1,"9":1,"11":1,"14":1,"16":1,"17":15,"18":15,"19":15,"20":15,"21":15,"23":15,"25":15,"26":15,"29":15,"30":5,"31":0,"32":0,"33":0,"35":5,"36":0,"37":0,"38":5,"39":5,"40":5,"41":5,"43":15,"46":15,"47":1,"48":1,"49":1,"50":0,"51":0,"52":15,"55":15,"56":11,"57":5,"58":5,"59":5,"60":5,"62":5,"63":1,"64":1,"65":1,"66":0,"67":0,"68":0,"69":0,"70":0,"71":0,"72":0,"73":0,"74":0,"75":0,"76":0,"77":0,"78":0,"79":0,"80":0,"81":1,"83":5,"84":1,"85":1,"86":5,"87":4,"88":4,"89":4,"91":4,"92":1,"93":1,"94":1,"95":3,"96":1,"97":1,"98":1,"99":1,"100":1,"101":1,"102":1,"103":1,"104":1,"105":1,"107":1,"108":1,"109":1,"110":1,"111":1,"113":2,"115":1,"116":1,"118":1,"120":0,"121":0,"122":0,"123":0,"124":0,"126":1,"127":1,"128":1,"129":1,"130":1,"132":0,"133":0,"134":0,"135":0,"136":0,"137":0,"138":0,"139":0,"140":0,"141":0,"143":0,"145":0,"146":0,"148":0,"149":0,"150":0,"151":0,"152":0,"153":0,"154":0,"155":0,"156":0,"157":0,"158":0,"159":0,"160":0,"161":0,"162":0,"163":0,"164":0,"165":0,"166":0,"169":0,"171":0,"172":0,"173":0,"174":0,"175":0,"177":0,"179":0,"180":0,"181":0,"182":0,"183":0,"184":0,"185":0,"186":0,"187":0,"188":0,"189":0,"190":0,"191":0,"192":4,"193":0,"194":0,"195":4,"196":5,"197":15,"200":15,"201":15,"202":15,"203":15,"205":15,"207":1,"208":19,"209":19,"210":14,"211":14},"branchMap":{"0":{"type":"branch","line":10,"loc":{"start":{"line":10,"column":36},"end":{"line":10,"column":78}},"locations":[{"start":{"line":10,"column":36},"end":{"line":10,"column":78}}]},"1":{"type":"branch","line":17,"loc":{"start":{"line":17,"column":7},"end":{"line":206,"column":1}},"locations":[{"start":{"line":17,"column":7},"end":{"line":206,"column":1}}]},"2":{"type":"branch","line":30,"loc":{"start":{"line":30,"column":39},"end":{"line":44,"column":5}},"locations":[{"start":{"line":30,"column":39},"end":{"line":44,"column":5}}]},"3":{"type":"branch","line":31,"loc":{"start":{"line":31,"column":49},"end":{"line":34,"column":5}},"locations":[{"start":{"line":31,"column":49},"end":{"line":34,"column":5}}]},"4":{"type":"branch","line":36,"loc":{"start":{"line":36,"column":12},"end":{"line":38,"column":5}},"locations":[{"start":{"line":36,"column":12},"end":{"line":38,"column":5}}]},"5":{"type":"branch","line":47,"loc":{"start":{"line":47,"column":34},"end":{"line":53,"column":5}},"locations":[{"start":{"line":47,"column":34},"end":{"line":53,"column":5}}]},"6":{"type":"branch","line":49,"loc":{"start":{"line":49,"column":29},"end":{"line":49,"column":46}},"locations":[{"start":{"line":49,"column":29},"end":{"line":49,"column":46}}]},"7":{"type":"branch","line":50,"loc":{"start":{"line":50,"column":4},"end":{"line":52,"column":5}},"locations":[{"start":{"line":50,"column":4},"end":{"line":52,"column":5}}]},"8":{"type":"branch","line":56,"loc":{"start":{"line":56,"column":12},"end":{"line":198,"column":5}},"locations":[{"start":{"line":56,"column":12},"end":{"line":198,"column":5}}]},"9":{"type":"branch","line":57,"loc":{"start":{"line":57,"column":13},"end":{"line":57,"column":20}},"locations":[{"start":{"line":57,"column":13},"end":{"line":57,"column":20}}]},"10":{"type":"branch","line":57,"loc":{"start":{"line":57,"column":13},"end":{"line":197,"column":52}},"locations":[{"start":{"line":57,"column":13},"end":{"line":197,"column":52}}]},"11":{"type":"branch","line":59,"loc":{"start":{"line":59,"column":16},"end":{"line":61,"column":6}},"locations":[{"start":{"line":59,"column":16},"end":{"line":61,"column":6}}]},"12":{"type":"branch","line":63,"loc":{"start":{"line":63,"column":17},"end":{"line":82,"column":6}},"locations":[{"start":{"line":63,"column":17},"end":{"line":82,"column":6}}]},"13":{"type":"branch","line":66,"loc":{"start":{"line":66,"column":6},"end":{"line":81,"column":7}},"locations":[{"start":{"line":66,"column":6},"end":{"line":81,"column":7}}]},"14":{"type":"branch","line":84,"loc":{"start":{"line":84,"column":17},"end":{"line":86,"column":6}},"locations":[{"start":{"line":84,"column":17},"end":{"line":86,"column":6}}]},"15":{"type":"branch","line":87,"loc":{"start":{"line":87,"column":19},"end":{"line":196,"column":6}},"locations":[{"start":{"line":87,"column":19},"end":{"line":196,"column":6}}]},"16":{"type":"branch","line":92,"loc":{"start":{"line":92,"column":44},"end":{"line":95,"column":9}},"locations":[{"start":{"line":92,"column":44},"end":{"line":95,"column":9}}]},"17":{"type":"branch","line":95,"loc":{"start":{"line":95,"column":8},"end":{"line":192,"column":9}},"locations":[{"start":{"line":95,"column":8},"end":{"line":192,"column":9}}]},"18":{"type":"branch","line":96,"loc":{"start":{"line":96,"column":49},"end":{"line":112,"column":9}},"locations":[{"start":{"line":96,"column":49},"end":{"line":112,"column":9}}]},"19":{"type":"branch","line":112,"loc":{"start":{"line":112,"column":8},"end":{"line":192,"column":9}},"locations":[{"start":{"line":112,"column":8},"end":{"line":192,"column":9}}]},"20":{"type":"branch","line":114,"loc":{"start":{"line":114,"column":50},"end":{"line":192,"column":9}},"locations":[{"start":{"line":114,"column":50},"end":{"line":192,"column":9}}]},"21":{"type":"branch","line":119,"loc":{"start":{"line":119,"column":41},"end":{"line":125,"column":9}},"locations":[{"start":{"line":119,"column":41},"end":{"line":125,"column":9}}]},"22":{"type":"branch","line":131,"loc":{"start":{"line":131,"column":8},"end":{"line":192,"column":9}},"locations":[{"start":{"line":131,"column":8},"end":{"line":192,"column":9}}]},"23":{"type":"branch","line":193,"loc":{"start":{"line":193,"column":6},"end":{"line":195,"column":7}},"locations":[{"start":{"line":193,"column":6},"end":{"line":195,"column":7}}]},"24":{"type":"branch","line":208,"loc":{"start":{"line":208,"column":7},"end":{"line":212,"column":1}},"locations":[{"start":{"line":208,"column":7},"end":{"line":212,"column":1}}]},"25":{"type":"branch","line":210,"loc":{"start":{"line":210,"column":12},"end":{"line":210,"column":92}},"locations":[{"start":{"line":210,"column":12},"end":{"line":210,"column":92}}]},"26":{"type":"branch","line":210,"loc":{"start":{"line":210,"column":90},"end":{"line":212,"column":1}},"locations":[{"start":{"line":210,"column":90},"end":{"line":212,"column":1}}]}},"b":{"0":[0],"1":[15],"2":[5],"3":[0],"4":[0],"5":[1],"6":[0],"7":[0],"8":[11],"9":[6],"10":[5],"11":[5],"12":[1],"13":[0],"14":[1],"15":[4],"16":[1],"17":[3],"18":[1],"19":[2],"20":[1],"21":[0],"22":[0],"23":[0],"24":[19],"25":[4],"26":[14]},"fnMap":{"0":{"name":"GameWebSocketProvider","decl":{"start":{"line":17,"column":7},"end":{"line":206,"column":1}},"loc":{"start":{"line":17,"column":7},"end":{"line":206,"column":1}},"line":17},"1":{"name":"ws.onopen","decl":{"start":{"line":59,"column":16},"end":{"line":61,"column":6}},"loc":{"start":{"line":59,"column":16},"end":{"line":61,"column":6}},"line":59},"2":{"name":"ws.onclose","decl":{"start":{"line":63,"column":17},"end":{"line":82,"column":6}},"loc":{"start":{"line":63,"column":17},"end":{"line":82,"column":6}},"line":63},"3":{"name":"ws.onerror","decl":{"start":{"line":84,"column":17},"end":{"line":86,"column":6}},"loc":{"start":{"line":84,"column":17},"end":{"line":86,"column":6}},"line":84},"4":{"name":"ws.onmessage","decl":{"start":{"line":87,"column":19},"end":{"line":196,"column":6}},"loc":{"start":{"line":87,"column":19},"end":{"line":196,"column":6}},"line":87},"5":{"name":"useGameWebSocket","decl":{"start":{"line":208,"column":7},"end":{"line":212,"column":1}},"loc":{"start":{"line":208,"column":7},"end":{"line":212,"column":1}},"line":208}},"f":{"0":15,"1":5,"2":1,"3":1,"4":4,"5":19}}
,"C:\\Users\\andre\\OneDrive\\Documentos\\uni\\8vo\\arsw\\proyecto arsw\\The-Matrix-Front\\app\\contexts\\game\\Board\\BoardContext.tsx": {"path":"C:\\Users\\andre\\OneDrive\\Documentos\\uni\\8vo\\arsw\\proyecto arsw\\The-Matrix-Front\\app\\contexts\\game\\Board\\BoardContext.tsx","all":false,"statementMap":{"0":{"start":{"line":1,"column":0},"end":{"line":1,"column":81}},"28":{"start":{"line":29,"column":0},"end":{"line":29,"column":34}},"29":{"start":{"line":30,"column":0},"end":{"line":30,"column":13}},"30":{"start":{"line":31,"column":0},"end":{"line":31,"column":14}},"31":{"start":{"line":32,"column":0},"end":{"line":32,"column":16}},"32":{"start":{"line":33,"column":0},"end":{"line":33,"column":29}},"33":{"start":{"line":34,"column":0},"end":{"line":34,"column":18}},"34":{"start":{"line":35,"column":0},"end":{"line":35,"column":22}},"35":{"start":{"line":36,"column":0},"end":{"line":36,"column":2}},"37":{"start":{"line":38,"column":0},"end":{"line":38,"column":75}},"38":{"start":{"line":39,"column":0},"end":{"line":39,"column":24}},"39":{"start":{"line":40,"column":0},"end":{"line":40,"column":21}},"40":{"start":{"line":41,"column":0},"end":{"line":41,"column":38}},"41":{"start":{"line":42,"column":0},"end":{"line":42,"column":22}},"42":{"start":{"line":43,"column":0},"end":{"line":43,"column":46}},"43":{"start":{"line":44,"column":0},"end":{"line":44,"column":24}},"44":{"start":{"line":45,"column":0},"end":{"line":45,"column":48}},"45":{"start":{"line":46,"column":0},"end":{"line":46,"column":29}},"46":{"start":{"line":47,"column":0},"end":{"line":47,"column":14}},"47":{"start":{"line":48,"column":0},"end":{"line":48,"column":17}},"48":{"start":{"line":49,"column":0},"end":{"line":49,"column":53}},"49":{"start":{"line":50,"column":0},"end":{"line":50,"column":47}},"50":{"start":{"line":51,"column":0},"end":{"line":51,"column":8}},"51":{"start":{"line":52,"column":0},"end":{"line":52,"column":22}},"52":{"start":{"line":53,"column":0},"end":{"line":53,"column":48}},"53":{"start":{"line":54,"column":0},"end":{"line":54,"column":38}},"54":{"start":{"line":55,"column":0},"end":{"line":55,"column":14}},"55":{"start":{"line":56,"column":0},"end":{"line":56,"column":17}},"56":{"start":{"line":57,"column":0},"end":{"line":57,"column":58}},"57":{"start":{"line":58,"column":0},"end":{"line":58,"column":48}},"58":{"start":{"line":59,"column":0},"end":{"line":59,"column":8}},"59":{"start":{"line":60,"column":0},"end":{"line":60,"column":39}},"60":{"start":{"line":61,"column":0},"end":{"line":61,"column":99}},"61":{"start":{"line":62,"column":0},"end":{"line":62,"column":63}},"63":{"start":{"line":64,"column":0},"end":{"line":64,"column":85}},"64":{"start":{"line":65,"column":0},"end":{"line":65,"column":14}},"65":{"start":{"line":66,"column":0},"end":{"line":66,"column":24}},"66":{"start":{"line":67,"column":0},"end":{"line":67,"column":37}},"67":{"start":{"line":68,"column":0},"end":{"line":68,"column":8}},"68":{"start":{"line":69,"column":0},"end":{"line":69,"column":5}},"69":{"start":{"line":70,"column":0},"end":{"line":70,"column":32}},"70":{"start":{"line":71,"column":0},"end":{"line":71,"column":14}},"71":{"start":{"line":72,"column":0},"end":{"line":72,"column":17}},"72":{"start":{"line":73,"column":0},"end":{"line":73,"column":37}},"73":{"start":{"line":74,"column":0},"end":{"line":74,"column":10}},"74":{"start":{"line":75,"column":0},"end":{"line":75,"column":12}},"75":{"start":{"line":76,"column":0},"end":{"line":76,"column":19}},"76":{"start":{"line":77,"column":0},"end":{"line":77,"column":3}},"77":{"start":{"line":78,"column":0},"end":{"line":78,"column":1}},"81":{"start":{"line":82,"column":0},"end":{"line":82,"column":53}},"82":{"start":{"line":83,"column":0},"end":{"line":83,"column":10}},"83":{"start":{"line":84,"column":0},"end":{"line":84,"column":64}},"84":{"start":{"line":85,"column":0},"end":{"line":85,"column":70}},"85":{"start":{"line":86,"column":0},"end":{"line":86,"column":70}},"86":{"start":{"line":87,"column":0},"end":{"line":87,"column":24}},"87":{"start":{"line":88,"column":0},"end":{"line":88,"column":3}},"88":{"start":{"line":89,"column":0},"end":{"line":89,"column":1}},"90":{"start":{"line":91,"column":0},"end":{"line":91,"column":70}},"91":{"start":{"line":92,"column":0},"end":{"line":92,"column":10}},"92":{"start":{"line":93,"column":0},"end":{"line":93,"column":13}},"93":{"start":{"line":94,"column":0},"end":{"line":94,"column":82}},"94":{"start":{"line":95,"column":0},"end":{"line":95,"column":4}},"95":{"start":{"line":96,"column":0},"end":{"line":96,"column":1}},"96":{"start":{"line":97,"column":0},"end":{"line":97,"column":75}},"97":{"start":{"line":98,"column":0},"end":{"line":98,"column":10}},"98":{"start":{"line":99,"column":0},"end":{"line":99,"column":13}},"99":{"start":{"line":100,"column":0},"end":{"line":100,"column":27}},"100":{"start":{"line":101,"column":0},"end":{"line":101,"column":4}},"101":{"start":{"line":102,"column":0},"end":{"line":102,"column":1}},"103":{"start":{"line":104,"column":0},"end":{"line":104,"column":106}},"104":{"start":{"line":105,"column":0},"end":{"line":105,"column":38}},"105":{"start":{"line":106,"column":0},"end":{"line":106,"column":42}},"108":{"start":{"line":109,"column":0},"end":{"line":109,"column":33}},"109":{"start":{"line":110,"column":0},"end":{"line":110,"column":39}},"110":{"start":{"line":111,"column":0},"end":{"line":111,"column":12}},"111":{"start":{"line":112,"column":0},"end":{"line":112,"column":62}},"112":{"start":{"line":113,"column":0},"end":{"line":113,"column":59}},"113":{"start":{"line":114,"column":0},"end":{"line":114,"column":8}},"114":{"start":{"line":115,"column":0},"end":{"line":115,"column":46}},"115":{"start":{"line":116,"column":0},"end":{"line":116,"column":27}},"116":{"start":{"line":117,"column":0},"end":{"line":117,"column":15}},"117":{"start":{"line":118,"column":0},"end":{"line":118,"column":34}},"118":{"start":{"line":119,"column":0},"end":{"line":119,"column":28}},"119":{"start":{"line":120,"column":0},"end":{"line":120,"column":9}},"120":{"start":{"line":121,"column":0},"end":{"line":121,"column":26}},"121":{"start":{"line":122,"column":0},"end":{"line":122,"column":20}},"122":{"start":{"line":123,"column":0},"end":{"line":123,"column":35}},"123":{"start":{"line":124,"column":0},"end":{"line":124,"column":7}},"124":{"start":{"line":125,"column":0},"end":{"line":125,"column":5}},"126":{"start":{"line":127,"column":0},"end":{"line":127,"column":10}},"127":{"start":{"line":128,"column":0},"end":{"line":128,"column":41}},"128":{"start":{"line":129,"column":0},"end":{"line":129,"column":12}},"129":{"start":{"line":130,"column":0},"end":{"line":130,"column":64}},"130":{"start":{"line":131,"column":0},"end":{"line":131,"column":62}},"131":{"start":{"line":132,"column":0},"end":{"line":132,"column":8}},"132":{"start":{"line":133,"column":0},"end":{"line":133,"column":5}},"133":{"start":{"line":134,"column":0},"end":{"line":134,"column":72}},"134":{"start":{"line":135,"column":0},"end":{"line":135,"column":99}},"135":{"start":{"line":136,"column":0},"end":{"line":136,"column":30}},"136":{"start":{"line":137,"column":0},"end":{"line":137,"column":33}},"137":{"start":{"line":138,"column":0},"end":{"line":138,"column":35}},"138":{"start":{"line":139,"column":0},"end":{"line":139,"column":41}},"139":{"start":{"line":140,"column":0},"end":{"line":140,"column":15}},"140":{"start":{"line":141,"column":0},"end":{"line":141,"column":40}},"141":{"start":{"line":142,"column":0},"end":{"line":142,"column":83}},"142":{"start":{"line":143,"column":0},"end":{"line":143,"column":28}},"143":{"start":{"line":144,"column":0},"end":{"line":144,"column":10}},"144":{"start":{"line":145,"column":0},"end":{"line":145,"column":10}},"145":{"start":{"line":146,"column":0},"end":{"line":146,"column":7}},"146":{"start":{"line":147,"column":0},"end":{"line":147,"column":5}},"148":{"start":{"line":149,"column":0},"end":{"line":149,"column":10}},"149":{"start":{"line":150,"column":0},"end":{"line":150,"column":13}},"150":{"start":{"line":151,"column":0},"end":{"line":151,"column":22}},"151":{"start":{"line":152,"column":0},"end":{"line":152,"column":28}},"152":{"start":{"line":153,"column":0},"end":{"line":153,"column":4}},"153":{"start":{"line":154,"column":0},"end":{"line":154,"column":1}},"155":{"start":{"line":156,"column":0},"end":{"line":156,"column":75}},"156":{"start":{"line":157,"column":0},"end":{"line":157,"column":10}},"157":{"start":{"line":158,"column":0},"end":{"line":158,"column":13}},"158":{"start":{"line":159,"column":0},"end":{"line":159,"column":39}},"159":{"start":{"line":160,"column":0},"end":{"line":160,"column":47}},"160":{"start":{"line":161,"column":0},"end":{"line":161,"column":11}},"161":{"start":{"line":162,"column":0},"end":{"line":162,"column":21}},"162":{"start":{"line":163,"column":0},"end":{"line":163,"column":47}},"163":{"start":{"line":164,"column":0},"end":{"line":164,"column":24}},"164":{"start":{"line":165,"column":0},"end":{"line":165,"column":33}},"165":{"start":{"line":166,"column":0},"end":{"line":166,"column":46}},"166":{"start":{"line":167,"column":0},"end":{"line":167,"column":13}},"167":{"start":{"line":168,"column":0},"end":{"line":168,"column":11}},"168":{"start":{"line":169,"column":0},"end":{"line":169,"column":15}},"169":{"start":{"line":170,"column":0},"end":{"line":170,"column":5}},"170":{"start":{"line":171,"column":0},"end":{"line":171,"column":4}},"171":{"start":{"line":172,"column":0},"end":{"line":172,"column":1}},"181":{"start":{"line":182,"column":0},"end":{"line":182,"column":77}},"183":{"start":{"line":184,"column":0},"end":{"line":184,"column":73}},"184":{"start":{"line":185,"column":0},"end":{"line":185,"column":67}},"185":{"start":{"line":186,"column":0},"end":{"line":186,"column":55}},"187":{"start":{"line":188,"column":0},"end":{"line":188,"column":19}},"188":{"start":{"line":189,"column":0},"end":{"line":189,"column":82}},"189":{"start":{"line":190,"column":0},"end":{"line":190,"column":43}},"190":{"start":{"line":191,"column":0},"end":{"line":191,"column":56}},"191":{"start":{"line":192,"column":0},"end":{"line":192,"column":14}},"192":{"start":{"line":193,"column":0},"end":{"line":193,"column":34}},"193":{"start":{"line":194,"column":0},"end":{"line":194,"column":37}},"194":{"start":{"line":195,"column":0},"end":{"line":195,"column":5}},"195":{"start":{"line":196,"column":0},"end":{"line":196,"column":18}},"196":{"start":{"line":197,"column":0},"end":{"line":197,"column":59}},"197":{"start":{"line":198,"column":0},"end":{"line":198,"column":6}},"198":{"start":{"line":199,"column":0},"end":{"line":199,"column":37}},"200":{"start":{"line":201,"column":0},"end":{"line":201,"column":10}},"201":{"start":{"line":202,"column":0},"end":{"line":202,"column":55}},"202":{"start":{"line":203,"column":0},"end":{"line":203,"column":16}},"203":{"start":{"line":204,"column":0},"end":{"line":204,"column":28}},"205":{"start":{"line":206,"column":0},"end":{"line":206,"column":2}},"207":{"start":{"line":208,"column":0},"end":{"line":208,"column":28}},"208":{"start":{"line":209,"column":0},"end":{"line":209,"column":43}},"209":{"start":{"line":210,"column":0},"end":{"line":210,"column":80}},"210":{"start":{"line":211,"column":0},"end":{"line":211,"column":17}},"211":{"start":{"line":212,"column":0},"end":{"line":212,"column":1}}},"s":{"0":1,"28":1,"29":1,"30":1,"31":1,"32":1,"33":1,"34":1,"35":1,"37":12,"38":12,"39":12,"40":3,"41":12,"42":3,"43":12,"44":2,"45":12,"46":0,"47":0,"48":0,"49":0,"50":0,"51":12,"52":2,"53":12,"54":0,"55":0,"56":0,"57":0,"58":0,"59":12,"60":0,"61":0,"63":0,"64":0,"65":0,"66":0,"67":0,"68":0,"69":12,"70":0,"71":0,"72":0,"73":0,"74":12,"75":2,"76":12,"77":12,"81":3,"82":3,"83":3,"84":3,"85":3,"86":3,"87":3,"88":3,"90":2,"91":2,"92":2,"93":2,"94":2,"95":2,"96":3,"97":3,"98":3,"99":3,"100":3,"101":3,"103":0,"104":0,"105":0,"108":0,"109":0,"110":0,"111":0,"112":0,"113":0,"114":0,"115":0,"116":0,"117":0,"118":0,"119":0,"120":0,"121":0,"122":0,"123":0,"124":0,"126":0,"127":0,"128":0,"129":0,"130":0,"131":0,"132":0,"133":0,"134":0,"135":0,"136":0,"137":0,"138":0,"139":0,"140":0,"141":0,"142":0,"143":0,"144":0,"145":0,"146":0,"148":0,"149":0,"150":0,"151":0,"152":0,"153":0,"155":2,"156":2,"157":2,"158":2,"159":1,"160":0,"161":0,"162":0,"163":0,"164":0,"165":0,"166":0,"167":0,"168":1,"169":2,"170":2,"171":2,"181":1,"183":1,"184":25,"185":25,"187":25,"188":16,"189":0,"190":0,"191":0,"192":16,"193":0,"194":0,"195":16,"196":16,"197":16,"198":25,"200":25,"201":25,"202":25,"203":25,"205":25,"207":1,"208":34,"209":34,"210":29,"211":29},"branchMap":{"0":{"type":"branch","line":38,"loc":{"start":{"line":38,"column":0},"end":{"line":78,"column":1}},"locations":[{"start":{"line":38,"column":0},"end":{"line":78,"column":1}}]},"1":{"type":"branch","line":40,"loc":{"start":{"line":40,"column":4},"end":{"line":41,"column":38}},"locations":[{"start":{"line":40,"column":4},"end":{"line":41,"column":38}}]},"2":{"type":"branch","line":42,"loc":{"start":{"line":42,"column":4},"end":{"line":43,"column":46}},"locations":[{"start":{"line":42,"column":4},"end":{"line":43,"column":46}}]},"3":{"type":"branch","line":44,"loc":{"start":{"line":44,"column":4},"end":{"line":45,"column":48}},"locations":[{"start":{"line":44,"column":4},"end":{"line":45,"column":48}}]},"4":{"type":"branch","line":46,"loc":{"start":{"line":46,"column":4},"end":{"line":51,"column":8}},"locations":[{"start":{"line":46,"column":4},"end":{"line":51,"column":8}}]},"5":{"type":"branch","line":52,"loc":{"start":{"line":52,"column":4},"end":{"line":53,"column":48}},"locations":[{"start":{"line":52,"column":4},"end":{"line":53,"column":48}}]},"6":{"type":"branch","line":54,"loc":{"start":{"line":54,"column":4},"end":{"line":59,"column":8}},"locations":[{"start":{"line":54,"column":4},"end":{"line":59,"column":8}}]},"7":{"type":"branch","line":60,"loc":{"start":{"line":60,"column":4},"end":{"line":69,"column":5}},"locations":[{"start":{"line":60,"column":4},"end":{"line":69,"column":5}}]},"8":{"type":"branch","line":70,"loc":{"start":{"line":70,"column":4},"end":{"line":74,"column":10}},"locations":[{"start":{"line":70,"column":4},"end":{"line":74,"column":10}}]},"9":{"type":"branch","line":75,"loc":{"start":{"line":75,"column":4},"end":{"line":76,"column":19}},"locations":[{"start":{"line":75,"column":4},"end":{"line":76,"column":19}}]},"10":{"type":"branch","line":82,"loc":{"start":{"line":82,"column":0},"end":{"line":89,"column":1}},"locations":[{"start":{"line":82,"column":0},"end":{"line":89,"column":1}}]},"11":{"type":"branch","line":84,"loc":{"start":{"line":84,"column":27},"end":{"line":84,"column":62}},"locations":[{"start":{"line":84,"column":27},"end":{"line":84,"column":62}}]},"12":{"type":"branch","line":84,"loc":{"start":{"line":84,"column":40},"end":{"line":84,"column":55}},"locations":[{"start":{"line":84,"column":40},"end":{"line":84,"column":55}}]},"13":{"type":"branch","line":85,"loc":{"start":{"line":85,"column":28},"end":{"line":85,"column":68}},"locations":[{"start":{"line":85,"column":28},"end":{"line":85,"column":68}}]},"14":{"type":"branch","line":85,"loc":{"start":{"line":85,"column":41},"end":{"line":85,"column":61}},"locations":[{"start":{"line":85,"column":41},"end":{"line":85,"column":61}}]},"15":{"type":"branch","line":86,"loc":{"start":{"line":86,"column":30},"end":{"line":86,"column":68}},"locations":[{"start":{"line":86,"column":30},"end":{"line":86,"column":68}}]},"16":{"type":"branch","line":86,"loc":{"start":{"line":86,"column":43},"end":{"line":86,"column":58}},"locations":[{"start":{"line":86,"column":43},"end":{"line":86,"column":58}}]},"17":{"type":"branch","line":91,"loc":{"start":{"line":91,"column":0},"end":{"line":96,"column":1}},"locations":[{"start":{"line":91,"column":0},"end":{"line":96,"column":1}}]},"18":{"type":"branch","line":94,"loc":{"start":{"line":94,"column":32},"end":{"line":94,"column":80}},"locations":[{"start":{"line":94,"column":32},"end":{"line":94,"column":80}}]},"19":{"type":"branch","line":97,"loc":{"start":{"line":97,"column":0},"end":{"line":102,"column":1}},"locations":[{"start":{"line":97,"column":0},"end":{"line":102,"column":1}}]},"20":{"type":"branch","line":156,"loc":{"start":{"line":156,"column":0},"end":{"line":172,"column":1}},"locations":[{"start":{"line":156,"column":0},"end":{"line":172,"column":1}}]},"21":{"type":"branch","line":159,"loc":{"start":{"line":159,"column":31},"end":{"line":169,"column":15}},"locations":[{"start":{"line":159,"column":31},"end":{"line":169,"column":15}}]},"22":{"type":"branch","line":160,"loc":{"start":{"line":160,"column":40},"end":{"line":168,"column":11}},"locations":[{"start":{"line":160,"column":40},"end":{"line":168,"column":11}}]},"23":{"type":"branch","line":184,"loc":{"start":{"line":184,"column":29},"end":{"line":206,"column":2}},"locations":[{"start":{"line":184,"column":29},"end":{"line":206,"column":2}}]},"24":{"type":"branch","line":188,"loc":{"start":{"line":188,"column":12},"end":{"line":199,"column":5}},"locations":[{"start":{"line":188,"column":12},"end":{"line":199,"column":5}}]},"25":{"type":"branch","line":189,"loc":{"start":{"line":189,"column":14},"end":{"line":189,"column":81}},"locations":[{"start":{"line":189,"column":14},"end":{"line":189,"column":81}}]},"26":{"type":"branch","line":189,"loc":{"start":{"line":189,"column":81},"end":{"line":193,"column":15}},"locations":[{"start":{"line":189,"column":81},"end":{"line":193,"column":15}}]},"27":{"type":"branch","line":193,"loc":{"start":{"line":193,"column":33},"end":{"line":195,"column":5}},"locations":[{"start":{"line":193,"column":33},"end":{"line":195,"column":5}}]},"28":{"type":"branch","line":196,"loc":{"start":{"line":196,"column":11},"end":{"line":198,"column":6}},"locations":[{"start":{"line":196,"column":11},"end":{"line":198,"column":6}}]},"29":{"type":"branch","line":197,"loc":{"start":{"line":197,"column":28},"end":{"line":197,"column":59}},"locations":[{"start":{"line":197,"column":28},"end":{"line":197,"column":59}}]},"30":{"type":"branch","line":208,"loc":{"start":{"line":208,"column":7},"end":{"line":212,"column":1}},"locations":[{"start":{"line":208,"column":7},"end":{"line":212,"column":1}}]},"31":{"type":"branch","line":210,"loc":{"start":{"line":210,"column":16},"end":{"line":210,"column":80}},"locations":[{"start":{"line":210,"column":16},"end":{"line":210,"column":80}}]},"32":{"type":"branch","line":210,"loc":{"start":{"line":210,"column":78},"end":{"line":212,"column":1}},"locations":[{"start":{"line":210,"column":78},"end":{"line":212,"column":1}}]}},"b":{"0":[12],"1":[3],"2":[3],"3":[2],"4":[0],"5":[2],"6":[0],"7":[0],"8":[0],"9":[2],"10":[3],"11":[9],"12":[6],"13":[9],"14":[3],"15":[9],"16":[6],"17":[2],"18":[1],"19":[3],"20":[2],"21":[1],"22":[0],"23":[25],"24":[16],"25":[13],"26":[0],"27":[0],"28":[16],"29":[0],"30":[34],"31":[4],"32":[29]},"fnMap":{"0":{"name":"boardReducer","decl":{"start":{"line":38,"column":0},"end":{"line":78,"column":1}},"loc":{"start":{"line":38,"column":0},"end":{"line":78,"column":1}},"line":38},"1":{"name":"setBoard","decl":{"start":{"line":82,"column":0},"end":{"line":89,"column":1}},"loc":{"start":{"line":82,"column":0},"end":{"line":89,"column":1}},"line":82},"2":{"name":"deleteFruit","decl":{"start":{"line":91,"column":0},"end":{"line":96,"column":1}},"loc":{"start":{"line":91,"column":0},"end":{"line":96,"column":1}},"line":91},"3":{"name":"setFruits","decl":{"start":{"line":97,"column":0},"end":{"line":102,"column":1}},"loc":{"start":{"line":97,"column":0},"end":{"line":102,"column":1}},"line":97},"4":{"name":"updateIceBlocks","decl":{"start":{"line":104,"column":0},"end":{"line":154,"column":1}},"loc":{"start":{"line":104,"column":0},"end":{"line":154,"column":1}},"line":104},"5":{"name":"updateEnemy","decl":{"start":{"line":156,"column":0},"end":{"line":172,"column":1}},"loc":{"start":{"line":156,"column":0},"end":{"line":172,"column":1}},"line":156},"6":{"name":"BoardProvider","decl":{"start":{"line":184,"column":29},"end":{"line":206,"column":2}},"loc":{"start":{"line":184,"column":29},"end":{"line":206,"column":2}},"line":184},"7":{"name":"useBoard","decl":{"start":{"line":208,"column":7},"end":{"line":212,"column":1}},"loc":{"start":{"line":208,"column":7},"end":{"line":212,"column":1}},"line":208}},"f":{"0":12,"1":3,"2":2,"3":3,"4":0,"5":2,"6":25,"7":34}}
,"C:\\Users\\andre\\OneDrive\\Documentos\\uni\\8vo\\arsw\\proyecto arsw\\The-Matrix-Front\\app\\contexts\\game\\FruitBar\\FruitBarContext.tsx": {"path":"C:\\Users\\andre\\OneDrive\\Documentos\\uni\\8vo\\arsw\\proyecto arsw\\The-Matrix-Front\\app\\contexts\\game\\FruitBar\\FruitBarContext.tsx","all":false,"statementMap":{"0":{"start":{"line":1,"column":0},"end":{"line":1,"column":62}},"12":{"start":{"line":13,"column":0},"end":{"line":13,"column":37}},"13":{"start":{"line":14,"column":0},"end":{"line":14,"column":13}},"14":{"start":{"line":15,"column":0},"end":{"line":15,"column":18}},"15":{"start":{"line":16,"column":0},"end":{"line":16,"column":2}},"17":{"start":{"line":18,"column":0},"end":{"line":18,"column":87}},"18":{"start":{"line":19,"column":0},"end":{"line":19,"column":24}},"19":{"start":{"line":20,"column":0},"end":{"line":20,"column":22}},"20":{"start":{"line":21,"column":0},"end":{"line":21,"column":50}},"21":{"start":{"line":22,"column":0},"end":{"line":22,"column":28}},"22":{"start":{"line":23,"column":0},"end":{"line":23,"column":55}},"23":{"start":{"line":24,"column":0},"end":{"line":24,"column":12}},"24":{"start":{"line":25,"column":0},"end":{"line":25,"column":19}},"25":{"start":{"line":26,"column":0},"end":{"line":26,"column":3}},"26":{"start":{"line":27,"column":0},"end":{"line":27,"column":1}},"33":{"start":{"line":34,"column":0},"end":{"line":34,"column":83}},"35":{"start":{"line":36,"column":0},"end":{"line":36,"column":76}},"36":{"start":{"line":37,"column":0},"end":{"line":37,"column":70}},"37":{"start":{"line":38,"column":0},"end":{"line":38,"column":10}},"38":{"start":{"line":39,"column":0},"end":{"line":39,"column":58}},"39":{"start":{"line":40,"column":0},"end":{"line":40,"column":16}},"40":{"start":{"line":41,"column":0},"end":{"line":41,"column":31}},"42":{"start":{"line":43,"column":0},"end":{"line":43,"column":2}},"44":{"start":{"line":45,"column":0},"end":{"line":45,"column":31}},"45":{"start":{"line":46,"column":0},"end":{"line":46,"column":46}},"46":{"start":{"line":47,"column":0},"end":{"line":47,"column":86}},"47":{"start":{"line":48,"column":0},"end":{"line":48,"column":17}},"48":{"start":{"line":49,"column":0},"end":{"line":49,"column":1}}},"s":{"0":1,"12":1,"13":1,"14":1,"15":1,"17":5,"18":5,"19":5,"20":2,"21":5,"22":3,"23":5,"24":0,"25":5,"26":5,"33":1,"35":1,"36":15,"37":15,"38":15,"39":15,"40":15,"42":15,"44":1,"45":28,"46":28,"47":23,"48":23},"branchMap":{"0":{"type":"branch","line":18,"loc":{"start":{"line":18,"column":0},"end":{"line":27,"column":1}},"locations":[{"start":{"line":18,"column":0},"end":{"line":27,"column":1}}]},"1":{"type":"branch","line":20,"loc":{"start":{"line":20,"column":4},"end":{"line":21,"column":50}},"locations":[{"start":{"line":20,"column":4},"end":{"line":21,"column":50}}]},"2":{"type":"branch","line":22,"loc":{"start":{"line":22,"column":4},"end":{"line":23,"column":55}},"locations":[{"start":{"line":22,"column":4},"end":{"line":23,"column":55}}]},"3":{"type":"branch","line":24,"loc":{"start":{"line":24,"column":4},"end":{"line":25,"column":19}},"locations":[{"start":{"line":24,"column":4},"end":{"line":25,"column":19}}]},"4":{"type":"branch","line":36,"loc":{"start":{"line":36,"column":32},"end":{"line":43,"column":2}},"locations":[{"start":{"line":36,"column":32},"end":{"line":43,"column":2}}]},"5":{"type":"branch","line":45,"loc":{"start":{"line":45,"column":7},"end":{"line":49,"column":1}},"locations":[{"start":{"line":45,"column":7},"end":{"line":49,"column":1}}]},"6":{"type":"branch","line":47,"loc":{"start":{"line":47,"column":16},"end":{"line":47,"column":86}},"locations":[{"start":{"line":47,"column":16},"end":{"line":47,"column":86}}]},"7":{"type":"branch","line":47,"loc":{"start":{"line":47,"column":84},"end":{"line":49,"column":1}},"locations":[{"start":{"line":47,"column":84},"end":{"line":49,"column":1}}]}},"b":{"0":[5],"1":[2],"2":[3],"3":[0],"4":[15],"5":[28],"6":[4],"7":[23]},"fnMap":{"0":{"name":"fruitBarReducer","decl":{"start":{"line":18,"column":0},"end":{"line":27,"column":1}},"loc":{"start":{"line":18,"column":0},"end":{"line":27,"column":1}},"line":18},"1":{"name":"FruitBarProvider","decl":{"start":{"line":36,"column":32},"end":{"line":43,"column":2}},"loc":{"start":{"line":36,"column":32},"end":{"line":43,"column":2}},"line":36},"2":{"name":"useFruitBar","decl":{"start":{"line":45,"column":7},"end":{"line":49,"column":1}},"loc":{"start":{"line":45,"column":7},"end":{"line":49,"column":1}},"line":45}},"f":{"0":5,"1":15,"2":28}}
,"C:\\Users\\andre\\OneDrive\\Documentos\\uni\\8vo\\arsw\\proyecto arsw\\The-Matrix-Front\\app\\contexts\\game\\Header\\HeaderContext.tsx": {"path":"C:\\Users\\andre\\OneDrive\\Documentos\\uni\\8vo\\arsw\\proyecto arsw\\The-Matrix-Front\\app\\contexts\\game\\Header\\HeaderContext.tsx","all":false,"statementMap":{"0":{"start":{"line":1,"column":0},"end":{"line":1,"column":69}},"21":{"start":{"line":22,"column":0},"end":{"line":22,"column":35}},"22":{"start":{"line":23,"column":0},"end":{"line":23,"column":11}},"23":{"start":{"line":24,"column":0},"end":{"line":24,"column":13}},"24":{"start":{"line":25,"column":0},"end":{"line":25,"column":13}},"25":{"start":{"line":26,"column":0},"end":{"line":26,"column":16}},"26":{"start":{"line":27,"column":0},"end":{"line":27,"column":23}},"27":{"start":{"line":28,"column":0},"end":{"line":28,"column":17}},"28":{"start":{"line":29,"column":0},"end":{"line":29,"column":2}},"30":{"start":{"line":31,"column":0},"end":{"line":31,"column":79}},"31":{"start":{"line":32,"column":0},"end":{"line":32,"column":24}},"32":{"start":{"line":33,"column":0},"end":{"line":33,"column":21}},"33":{"start":{"line":34,"column":0},"end":{"line":34,"column":49}},"34":{"start":{"line":35,"column":0},"end":{"line":35,"column":27}},"35":{"start":{"line":36,"column":0},"end":{"line":36,"column":50}},"36":{"start":{"line":37,"column":0},"end":{"line":37,"column":23}},"37":{"start":{"line":38,"column":0},"end":{"line":38,"column":51}},"38":{"start":{"line":39,"column":0},"end":{"line":39,"column":23}},"39":{"start":{"line":40,"column":0},"end":{"line":40,"column":51}},"40":{"start":{"line":41,"column":0},"end":{"line":41,"column":21}},"41":{"start":{"line":42,"column":0},"end":{"line":42,"column":51}},"42":{"start":{"line":43,"column":0},"end":{"line":43,"column":29}},"43":{"start":{"line":44,"column":0},"end":{"line":44,"column":58}},"44":{"start":{"line":45,"column":0},"end":{"line":45,"column":26}},"45":{"start":{"line":46,"column":0},"end":{"line":46,"column":53}},"46":{"start":{"line":47,"column":0},"end":{"line":47,"column":12}},"47":{"start":{"line":48,"column":0},"end":{"line":48,"column":19}},"48":{"start":{"line":49,"column":0},"end":{"line":49,"column":3}},"49":{"start":{"line":50,"column":0},"end":{"line":50,"column":1}},"56":{"start":{"line":57,"column":0},"end":{"line":57,"column":79}},"58":{"start":{"line":59,"column":0},"end":{"line":59,"column":74}},"59":{"start":{"line":60,"column":0},"end":{"line":60,"column":68}},"60":{"start":{"line":61,"column":0},"end":{"line":61,"column":10}},"61":{"start":{"line":62,"column":0},"end":{"line":62,"column":56}},"62":{"start":{"line":63,"column":0},"end":{"line":63,"column":16}},"63":{"start":{"line":64,"column":0},"end":{"line":64,"column":29}},"65":{"start":{"line":66,"column":0},"end":{"line":66,"column":2}},"67":{"start":{"line":68,"column":0},"end":{"line":68,"column":29}},"68":{"start":{"line":69,"column":0},"end":{"line":69,"column":44}},"69":{"start":{"line":70,"column":0},"end":{"line":70,"column":82}},"70":{"start":{"line":71,"column":0},"end":{"line":71,"column":17}},"71":{"start":{"line":72,"column":0},"end":{"line":72,"column":1}}},"s":{"0":1,"21":1,"22":1,"23":1,"24":1,"25":1,"26":1,"27":1,"28":1,"30":14,"31":14,"32":14,"33":2,"34":14,"35":2,"36":14,"37":3,"38":14,"39":3,"40":14,"41":2,"42":14,"43":1,"44":14,"45":1,"46":14,"47":0,"48":14,"49":14,"56":1,"58":1,"59":25,"60":25,"61":25,"62":25,"63":25,"65":25,"67":1,"68":37,"69":37,"70":32,"71":32},"branchMap":{"0":{"type":"branch","line":31,"loc":{"start":{"line":31,"column":0},"end":{"line":50,"column":1}},"locations":[{"start":{"line":31,"column":0},"end":{"line":50,"column":1}}]},"1":{"type":"branch","line":33,"loc":{"start":{"line":33,"column":4},"end":{"line":34,"column":49}},"locations":[{"start":{"line":33,"column":4},"end":{"line":34,"column":49}}]},"2":{"type":"branch","line":35,"loc":{"start":{"line":35,"column":4},"end":{"line":36,"column":50}},"locations":[{"start":{"line":35,"column":4},"end":{"line":36,"column":50}}]},"3":{"type":"branch","line":37,"loc":{"start":{"line":37,"column":4},"end":{"line":38,"column":51}},"locations":[{"start":{"line":37,"column":4},"end":{"line":38,"column":51}}]},"4":{"type":"branch","line":39,"loc":{"start":{"line":39,"column":4},"end":{"line":40,"column":51}},"locations":[{"start":{"line":39,"column":4},"end":{"line":40,"column":51}}]},"5":{"type":"branch","line":41,"loc":{"start":{"line":41,"column":4},"end":{"line":42,"column":51}},"locations":[{"start":{"line":41,"column":4},"end":{"line":42,"column":51}}]},"6":{"type":"branch","line":43,"loc":{"start":{"line":43,"column":4},"end":{"line":44,"column":58}},"locations":[{"start":{"line":43,"column":4},"end":{"line":44,"column":58}}]},"7":{"type":"branch","line":45,"loc":{"start":{"line":45,"column":4},"end":{"line":46,"column":53}},"locations":[{"start":{"line":45,"column":4},"end":{"line":46,"column":53}}]},"8":{"type":"branch","line":47,"loc":{"start":{"line":47,"column":4},"end":{"line":48,"column":19}},"locations":[{"start":{"line":47,"
[...]
1,"28":1,"29":1,"30":1,"32":9,"33":9,"34":9,"35":9,"36":9,"37":9,"38":9,"39":9,"40":9,"41":9,"42":9,"43":9,"44":9,"45":9,"46":9,"47":9,"48":9,"49":9,"50":9,"51":9,"53":9,"54":9,"55":9,"56":9,"57":9,"58":9,"60":9,"61":9,"62":1,"63":1,"64":1,"66":9,"68":9,"70":6,"71":6,"72":6,"73":6,"74":6,"75":6,"77":6,"78":2,"79":2,"80":2,"81":2,"82":2,"83":2,"84":2,"86":1,"87":2,"88":1,"89":0,"90":0,"91":0,"93":1,"94":1,"95":1,"96":1,"97":1,"98":1,"99":1,"100":1,"101":1,"104":1,"105":1,"106":2,"107":0,"108":0,"109":0,"110":2,"111":1,"112":1,"113":1,"115":1,"116":1,"117":1,"118":0,"119":0,"120":0,"121":0,"122":1,"123":2,"125":6,"126":6,"127":6,"128":6,"129":6,"130":6,"131":6,"132":6,"133":6,"134":6,"136":6,"137":6,"138":6,"139":6,"140":6,"141":6,"143":6,"144":6,"145":6,"146":6,"147":6,"148":1,"149":1,"150":1,"154":6,"155":6,"156":6,"157":6,"158":6,"159":6,"161":6,"162":6,"163":6,"164":6,"165":6,"166":6,"167":6,"168":6,"170":6,"171":6,"172":6,"173":60,"174":60,"175":60,"176":60,"177":60,"178":60,"179":60,"180":6,"181":6,"182":6,"183":6,"184":6,"185":6,"186":6,"187":6,"188":6,"189":6,"190":6,"191":6,"193":6,"194":6,"195":6,"196":6,"198":6},"branchMap":{"0":{"type":"branch","line":24,"loc":{"start":{"line":24,"column":7},"end":{"line":69,"column":1}},"locations":[{"start":{"line":24,"column":7},"end":{"line":69,"column":1}}]},"1":{"type":"branch","line":62,"loc":{"start":{"line":62,"column":31},"end":{"line":65,"column":22}},"locations":[{"start":{"line":62,"column":31},"end":{"line":65,"column":22}}]},"2":{"type":"branch","line":27,"loc":{"start":{"line":27,"column":24},"end":{"line":31,"column":6}},"locations":[{"start":{"line":27,"column":24},"end":{"line":31,"column":6}}]},"3":{"type":"branch","line":71,"loc":{"start":{"line":71,"column":0},"end":{"line":199,"column":1}},"locations":[{"start":{"line":71,"column":0},"end":{"line":199,"column":1}}]},"4":{"type":"branch","line":148,"loc":{"start":{"line":148,"column":13},"end":{"line":151,"column":22}},"locations":[{"start":{"line":148,"column":13},"end":{"line":151,"column":22}}]},"5":{"type":"branch","line":78,"loc":{"start":{"line":78,"column":28},"end":{"line":124,"column":6}},"locations":[{"start":{"line":78,"column":28},"end":{"line":124,"column":6}}]},"6":{"type":"branch","line":85,"loc":{"start":{"line":85,"column":13},"end":{"line":87,"column":50}},"locations":[{"start":{"line":85,"column":13},"end":{"line":87,"column":50}}]},"7":{"type":"branch","line":88,"loc":{"start":{"line":88,"column":24},"end":{"line":107,"column":19}},"locations":[{"start":{"line":88,"column":24},"end":{"line":107,"column":19}}]},"8":{"type":"branch","line":89,"loc":{"start":{"line":89,"column":55},"end":{"line":92,"column":17}},"locations":[{"start":{"line":89,"column":55},"end":{"line":92,"column":17}}]},"9":{"type":"branch","line":106,"loc":{"start":{"line":106,"column":37},"end":{"line":106,"column":53}},"locations":[{"start":{"line":106,"column":37},"end":{"line":106,"column":53}}]},"10":{"type":"branch","line":107,"loc":{"start":{"line":107,"column":12},"end":{"line":110,"column":13}},"locations":[{"start":{"line":107,"column":12},"end":{"line":110,"column":13}}]},"11":{"type":"branch","line":111,"loc":{"start":{"line":111,"column":8},"end":{"line":123,"column":9}},"locations":[{"start":{"line":111,"column":8},"end":{"line":123,"column":9}}]},"12":{"type":"branch","line":117,"loc":{"start":{"line":117,"column":66},"end":{"line":117,"column":105}},"locations":[{"start":{"line":117,"column":66},"end":{"line":117,"column":105}}]},"13":{"type":"branch","line":118,"loc":{"start":{"line":118,"column":12},"end":{"line":122,"column":13}},"locations":[{"start":{"line":118,"column":12},"end":{"line":122,"column":13}}]},"14":{"type":"branch","line":141,"loc":{"start":{"line":141,"column":33},"end":{"line":141,"column":63}},"locations":[{"start":{"line":141,"column":33},"end":{"line":141,"column":63}}]},"15":{"type":"branch","line":173,"loc":{"start":{"line":173,"column":56},"end":{"line":180,"column":30}},"locations":[{"start":{"line":173,"column":56},"end":{"line":180,"column":30}}]}},"b":{"0":[9],"1":[1],"2":[1],"3":[6],"4":[1],"5":[2],"6":[1],"7":[1],"8":[0],"9":[0],"10":[0],"11":[1],"12":[0],"13":[0],"14":[1],"15":[60]},"fnMap":{"0":{"name":"MicrosoftLoginButton","decl":{"start":{"line":24,"column":7},"end":{"line":69,"column":1}},"loc":{"start":{"line":24,"column":7},"end":{"line":69,"column":1}},"line":24},"1":{"name":"handleLogin","decl":{"start":{"line":27,"column":24},"end":{"line":31,"column":6}},"loc":{"start":{"line":27,"column":24},"end":{"line":31,"column":6}},"line":27},"2":{"name":"StartScreen","decl":{"start":{"line":71,"column":0},"end":{"line":199,"column":1}},"loc":{"start":{"line":71,"column":0},"end":{"line":199,"column":1}},"line":71},"3":{"name":"handleStartGame","decl":{"start":{"line":78,"column":28},"end":{"line":124,"column":6}},"loc":{"start":{"line":78,"column":28},"end":{"line":124,"column":6}},"line":78},"4":{"name":"onClick","decl":{"start":{"line":141,"column":33},"end":{"line":141,"column":63}},"loc":{"start":{"line":141,"column":33},"end":{"line":141,"column":63}},"line":141},"5":{"name":"onClose","decl":{"start":{"line":157,"column":25},"end":{"line":157,"column":56}},"loc":{"start":{"line":157,"column":25},"end":{"line":157,"column":56}},"line":157},"6":{"name":"onClick","decl":{"start":{"line":190,"column":33},"end":{"line":190,"column":64}},"loc":{"start":{"line":190,"column":33},"end":{"line":190,"column":64}},"line":190}},"f":{"0":9,"1":1,"2":6,"3":2,"4":1,"5":0,"6":0}}
,"C:\\Users\\andre\\OneDrive\\Documentos\\uni\\8vo\\arsw\\proyecto arsw\\The-Matrix-Front\\app\\types\\animation.ts": {"path":"C:\\Users\\andre\\OneDrive\\Documentos\\uni\\8vo\\arsw\\proyecto arsw\\The-Matrix-Front\\app\\types\\animation.ts","all":true,"statementMap":{"0":{"start":{"line":1,"column":0},"end":{"line":1,"column":35}},"1":{"start":{"line":2,"column":0},"end":{"line":2,"column":24}},"2":{"start":{"line":3,"column":0},"end":{"line":3,"column":53}},"3":{"start":{"line":4,"column":0},"end":{"line":4,"column":48}},"4":{"start":{"line":5,"column":0},"end":{"line":5,"column":37}},"5":{"start":{"line":6,"column":0},"end":{"line":6,"column":36}},"6":{"start":{"line":7,"column":0},"end":{"line":7,"column":1}},"7":{"start":{"line":8,"column":0},"end":{"line":8,"column":0}},"8":{"start":{"line":9,"column":0},"end":{"line":9,"column":26}},"9":{"start":{"line":10,"column":0},"end":{"line":10,"column":28}},"10":{"start":{"line":11,"column":0},"end":{"line":11,"column":47}},"11":{"start":{"line":12,"column":0},"end":{"line":12,"column":45}},"12":{"start":{"line":13,"column":0},"end":{"line":13,"column":1}},"13":{"start":{"line":14,"column":0},"end":{"line":14,"column":0}},"14":{"start":{"line":15,"column":0},"end":{"line":15,"column":47}},"15":{"start":{"line":16,"column":0},"end":{"line":16,"column":34}},"16":{"start":{"line":17,"column":0},"end":{"line":17,"column":19}},"17":{"start":{"line":18,"column":0},"end":{"line":18,"column":40}},"18":{"start":{"line":19,"column":0},"end":{"line":19,"column":1}}},"s":{"0":0,"1":0,"2":0,"3":0,"4":0,"5":0,"6":0,"7":0,"8":0,"9":0,"10":0,"11":0,"12":0,"13":0,"14":0,"15":0,"16":0,"17":0,"18":0},"branchMap":{"0":{"type":"branch","line":1,"loc":{"start":{"line":1,"column":0},"end":{"line":19,"column":1}},"locations":[{"start":{"line":1,"column":0},"end":{"line":19,"column":1}}]}},"b":{"0":[0]},"fnMap":{"0":{"name":"(empty-report)","decl":{"start":{"line":1,"column":0},"end":{"line":19,"column":1}},"loc":{"start":{"line":1,"column":0},"end":{"line":19,"column":1}},"line":1}},"f":{"0":0}}
,"C:\\Users\\andre\\OneDrive\\Documentos\\uni\\8vo\\arsw\\proyecto arsw\\The-Matrix-Front\\app\\types\\enemyTypes.ts": {"path":"C:\\Users\\andre\\OneDrive\\Documentos\\uni\\8vo\\arsw\\proyecto arsw\\The-Matrix-Front\\app\\types\\enemyTypes.ts","all":true,"statementMap":{"0":{"start":{"line":1,"column":0},"end":{"line":1,"column":47}},"1":{"start":{"line":2,"column":0},"end":{"line":2,"column":0}},"2":{"start":{"line":3,"column":0},"end":{"line":3,"column":64}},"3":{"start":{"line":4,"column":0},"end":{"line":4,"column":15}},"4":{"start":{"line":5,"column":0},"end":{"line":5,"column":13}},"5":{"start":{"line":6,"column":0},"end":{"line":6,"column":22}},"6":{"start":{"line":7,"column":0},"end":{"line":7,"column":26}},"7":{"start":{"line":8,"column":0},"end":{"line":8,"column":24}},"8":{"start":{"line":9,"column":0},"end":{"line":9,"column":2}}},"s":{"0":0,"1":0,"2":0,"3":0,"4":0,"5":0,"6":0,"7":0,"8":0},"branchMap":{"0":{"type":"branch","line":1,"loc":{"start":{"line":1,"column":0},"end":{"line":9,"column":2}},"locations":[{"start":{"line":1,"column":0},"end":{"line":9,"column":2}}]}},"b":{"0":[0]},"fnMap":{"0":{"name":"(empty-report)","decl":{"start":{"line":1,"column":0},"end":{"line":9,"column":2}},"loc":{"start":{"line":1,"column":0},"end":{"line":9,"column":2}},"line":1}},"f":{"0":0}}
,"C:\\Users\\andre\\OneDrive\\Documentos\\uni\\8vo\\arsw\\proyecto arsw\\The-Matrix-Front\\app\\types\\outputMessage.ts": {"path":"C:\\Users\\andre\\OneDrive\\Documentos\\uni\\8vo\\arsw\\proyecto arsw\\The-Matrix-Front\\app\\types\\outputMessage.ts","all":true,"statementMap":{"0":{"start":{"line":1,"column":0},"end":{"line":1,"column":31}},"1":{"start":{"line":2,"column":0},"end":{"line":2,"column":21}},"2":{"start":{"line":3,"column":0},"end":{"line":3,"column":46}},"3":{"start":{"line":4,"column":0},"end":{"line":4,"column":2}},"4":{"start":{"line":5,"column":0},"end":{"line":5,"column":0}},"5":{"start":{"line":6,"column":0},"end":{"line":6,"column":38}},"6":{"start":{"line":7,"column":0},"end":{"line":7,"column":19}},"7":{"start":{"line":8,"column":0},"end":{"line":8,"column":46}},"8":{"start":{"line":9,"column":0},"end":{"line":9,"column":2}},"9":{"start":{"line":10,"column":0},"end":{"line":10,"column":0}},"10":{"start":{"line":11,"column":0},"end":{"line":11,"column":31}},"11":{"start":{"line":12,"column":0},"end":{"line":12,"column":22}},"12":{"start":{"line":13,"column":0},"end":{"line":13,"column":20}},"13":{"start":{"line":14,"column":0},"end":{"line":14,"column":2}},"14":{"start":{"line":15,"column":0},"end":{"line":15,"column":0}},"15":{"start":{"line":16,"column":0},"end":{"line":16,"column":32}},"16":{"start":{"line":17,"column":0},"end":{"line":17,"column":23}},"17":{"start":{"line":18,"column":0},"end":{"line":18,"column":20}},"18":{"start":{"line":19,"column":0},"end":{"line":19,"column":2}},"19":{"start":{"line":20,"column":0},"end":{"line":20,"column":0}},"20":{"start":{"line":21,"column":0},"end":{"line":21,"column":32}},"21":{"start":{"line":22,"column":0},"end":{"line":22,"column":23}},"22":{"start":{"line":23,"column":0},"end":{"line":23,"column":27}},"23":{"start":{"line":24,"column":0},"end":{"line":24,"column":2}},"24":{"start":{"line":25,"column":0},"end":{"line":25,"column":0}},"25":{"start":{"line":26,"column":0},"end":{"line":26,"column":34}},"26":{"start":{"line":27,"column":0},"end":{"line":27,"column":29}},"27":{"start":{"line":28,"column":0},"end":{"line":28,"column":20}},"28":{"start":{"line":29,"column":0},"end":{"line":29,"column":2}},"29":{"start":{"line":30,"column":0},"end":{"line":30,"column":0}},"30":{"start":{"line":31,"column":0},"end":{"line":31,"column":27}},"31":{"start":{"line":32,"column":0},"end":{"line":32,"column":21}},"32":{"start":{"line":33,"column":0},"end":{"line":33,"column":28}},"33":{"start":{"line":34,"column":0},"end":{"line":34,"column":21}},"34":{"start":{"line":35,"column":0},"end":{"line":35,"column":22}},"35":{"start":{"line":36,"column":0},"end":{"line":36,"column":22}},"36":{"start":{"line":37,"column":0},"end":{"line":37,"column":25}}},"s":{"0":0,"1":0,"2":0,"3":0,"4":0,"5":0,"6":0,"7":0,"8":0,"9":0,"10":0,"11":0,"12":0,"13":0,"14":0,"15":0,"16":0,"17":0,"18":0,"19":0,"20":0,"21":0,"22":0,"23":0,"24":0,"25":0,"26":0,"27":0,"28":0,"29":0,"30":0,"31":0,"32":0,"33":0,"34":0,"35":0,"36":0},"branchMap":{"0":{"type":"branch","line":1,"loc":{"start":{"line":1,"column":0},"end":{"line":37,"column":25}},"locations":[{"start":{"line":1,"column":0},"end":{"line":37,"column":25}}]}},"b":{"0":[0]},"fnMap":{"0":{"name":"(empty-report)","decl":{"start":{"line":1,"column":0},"end":{"line":37,"column":25}},"loc":{"start":{"line":1,"column":0},"end":{"line":37,"column":25}},"line":1}},"f":{"0":0}}
,"C:\\Users\\andre\\OneDrive\\Documentos\\uni\\8vo\\arsw\\proyecto arsw\\The-Matrix-Front\\app\\types\\types.ts": {"path":"C:\\Users\\andre\\OneDrive\\Documentos\\uni\\8vo\\arsw\\proyecto arsw\\The-Matrix-Front\\app\\types\\types.ts","all":true,"statementMap":{"0":{"start":{"line":1,"column":0},"end":{"line":1,"column":25}},"1":{"start":{"line":2,"column":0},"end":{"line":2,"column":59}},"2":{"start":{"line":3,"column":0},"end":{"line":3,"column":72}},"3":{"start":{"line":4,"column":0},"end":{"line":4,"column":49}},"4":{"start":{"line":5,"column":0},"end":{"line":5,"column":2}},"5":{"start":{"line":6,"column":0},"end":{"line":6,"column":0}},"6":{"start":{"line":7,"column":0},"end":{"line":7,"column":22}},"7":{"start":{"line":8,"column":0},"end":{"line":8,"column":57}},"8":{"start":{"line":9,"column":0},"end":{"line":9,"column":70}},"9":{"start":{"line":10,"column":0},"end":{"line":10,"column":47}},"10":{"start":{"line":11,"column":0},"end":{"line":11,"column":80}},"11":{"start":{"line":12,"column":0},"end":{"line":12,"column":2}},"12":{"start":{"line":13,"column":0},"end":{"line":13,"column":0}},"13":{"start":{"line":14,"column":0},"end":{"line":14,"column":114}},"14":{"start":{"line":15,"column":0},"end":{"line":15,"column":0}},"15":{"start":{"line":16,"column":0},"end":{"line":16,"column":20}},"16":{"start":{"line":17,"column":0},"end":{"line":17,"column":54}},"17":{"start":{"line":18,"column":0},"end":{"line":18,"column":44}},"18":{"start":{"line":19,"column":0},"end":{"line":19,"column":2}},"19":{"start":{"line":20,"column":0},"end":{"line":20,"column":0}},"20":{"start":{"line":21,"column":0},"end":{"line":21,"column":25}},"21":{"start":{"line":22,"column":0},"end":{"line":22,"column":53}},"22":{"start":{"line":23,"column":0},"end":{"line":23,"column":73}},"23":{"start":{"line":24,"column":0},"end":{"line":24,"column":93}},"24":{"start":{"line":25,"column":0},"end":{"line":25,"column":59}},"25":{"start":{"line":26,"column":0},"end":{"line":26,"column":2}},"26":{"start":{"line":27,"column":0},"end":{"line":27,"column":0}},"27":{"start":{"line":28,"column":0},"end":{"line":28,"column":27}},"28":{"start":{"line":29,"column":0},"end":{"line":29,"column":27}},"29":{"start":{"line":30,"column":0},"end":{"line":30,"column":27}},"30":{"start":{"line":31,"column":0},"end":{"line":31,"column":2}},"31":{"start":{"line":32,"column":0},"end":{"line":32,"column":0}},"32":{"start":{"line":33,"column":0},"end":{"line":33,"column":25}},"33":{"start":{"line":34,"column":0},"end":{"line":34,"column":48}},"34":{"start":{"line":35,"column":0},"end":{"line":35,"column":60}},"35":{"start":{"line":36,"column":0},"end":{"line":36,"column":133}},"36":{"start":{"line":37,"column":0},"end":{"line":37,"column":2}},"37":{"start":{"line":38,"column":0},"end":{"line":38,"column":0}},"38":{"start":{"line":39,"column":0},"end":{"line":39,"column":102}},"39":{"start":{"line":40,"column":0},"end":{"line":40,"column":0}},"40":{"start":{"line":41,"column":0},"end":{"line":41,"column":26}},"41":{"start":{"line":42,"column":0},"end":{"line":42,"column":49}},"42":{"start":{"line":43,"column":0},"end":{"line":43,"column":60}},"43":{"start":{"line":44,"column":0},"end":{"line":44,"column":133}},"44":{"start":{"line":45,"column":0},"end":{"line":45,"column":79}},"45":{"start":{"line":46,"column":0},"end":{"line":46,"column":2}},"46":{"start":{"line":47,"column":0},"end":{"line":47,"column":0}},"47":{"start":{"line":48,"column":0},"end":{"line":48,"column":31}},"48":{"start":{"line":49,"column":0},"end":{"line":49,"column":30}},"49":{"start":{"line":50,"column":0},"end":{"line":50,"column":37}},"50":{"start":{"line":51,"column":0},"end":{"line":51,"column":35}},"51":{"start":{"line":52,"column":0},"end":{"line":52,"column":40}},"52":{"start":{"line":53,"column":0},"end":{"line":53,"column":72}},"53":{"start":{"line":54,"column":0},"end":{"line":54,"column":81}},"54":{"start":{"line":55,"column":0},"end":{"line":55,"column":58}},"55":{"start":{"line":56,"column":0},"end":{"line":56,"column":2}},"56":{"start":{"line":57,"column":0},"end":{"line":57,"column":0}},"57":{"start":{"line":58,"column":0},"end":{"line":58,"column":37}},"58":{"start":{"line":59,"column":0},"end":{"line":59,"column":12}},"59":{"start":{"line":60,"column":0},"end":{"line":60,"column":23}},"60":{"start":{"line":61,"column":0},"end":{"line":61,"column":45}},"61":{"start":{"line":62,"column":0},"end":{"line":62,"column":3}},"62":{"start":{"line":63,"column":0},"end":{"line":63,"column":0}},"63":{"start":{"line":64,"column":0},"end":{"line":64,"column":40}},"64":{"start":{"line":65,"column":0},"end":{"line":65,"column":27}},"65":{"start":{"line":66,"column":0},"end":{"line":66,"column":2}}},"s":{"0":0,"1":0,"2":0,"3":0,"4":0,"5":0,"6":0,"7":0,"8":0,"9":0,"10":0,"11":0,"12":0,"13":0,"14":0,"15":0,"16":0,"17":0,"18":0,"19":0,"20":0,"21":0,"22":0,"23":0,"24":0,"25":0,"26":0,"27":0,"28":0,"29":0,"30":0,"31":0,"32":0,"33":0,"34":0,"35":0,"36":0,"37":0,"38":0,"39":0,"40":0,"41":0,"42":0,"43":0,"44":0,"45":0,"46":0,"47":0,"48":0,"49":0,"50":0,"51":0,"52":0,"53":0,"54":0,"55":0,"56":0,"57":0,"58":0,"59":0,"60":0,"61":0,"62":0,"63":0,"64":0,"65":0},"branchMap":{"0":{"type":"branch","line":1,"loc":{"start":{"line":1,"column":0},"end":{"line":66,"column":2}},"locations":[{"start":{"line":1,"column":0},"end":{"line":66,"column":2}}]}},"b":{"0":[0]},"fnMap":{"0":{"name":"(empty-report)","decl":{"start":{"line":1,"column":0},"end":{"line":66,"column":2}},"loc":{"start":{"line":1,"column":0},"end":{"line":66,"column":2}},"line":1}},"f":{"0":0}}
,"C:\\Users\\andre\\OneDrive\\Documentos\\uni\\8vo\\arsw\\proyecto arsw\\The-Matrix-Front\\app\\utils\\spriteLoader.ts": {"path":"C:\\Users\\andre\\OneDrive\\Documentos\\uni\\8vo\\arsw\\proyecto arsw\\The-Matrix-Front\\app\\utils\\spriteLoader.ts","all":true,"statementMap":{"0":{"start":{"line":1,"column":0},"end":{"line":1,"column":57}},"1":{"start":{"line":2,"column":0},"end":{"line":2,"column":0}},"2":{"start":{"line":3,"column":0},"end":{"line":3,"column":56}},"3":{"start":{"line":4,"column":0},"end":{"line":4,"column":0}},"4":{"start":{"line":5,"column":0},"end":{"line":5,"column":74}},"5":{"start":{"line":6,"column":0},"end":{"line":6,"column":33}},"6":{"start":{"line":7,"column":0},"end":{"line":7,"column":0}},"7":{"start":{"line":8,"column":0},"end":{"line":8,"column":48}},"8":{"start":{"line":9,"column":0},"end":{"line":9,"column":0}},"9":{"start":{"line":10,"column":0},"end":{"line":10,"column":7}},"10":{"start":{"line":11,"column":0},"end":{"line":11,"column":80}},"11":{"start":{"line":12,"column":0},"end":{"line":12,"column":103}},"12":{"start":{"line":13,"column":0},"end":{"line":13,"column":39}},"13":{"start":{"line":14,"column":0},"end":{"line":14,"column":28}},"14":{"start":{"line":15,"column":0},"end":{"line":15,"column":16}},"15":{"start":{"line":16,"column":0},"end":{"line":16,"column":19}},"16":{"start":{"line":17,"column":0},"end":{"line":17,"column":65}},"17":{"start":{"line":18,"column":0},"end":{"line":18,"column":16}},"18":{"start":{"line":19,"column":0},"end":{"line":19,"column":3}},"19":{"start":{"line":20,"column":0},"end":{"line":20,"column":1}}},"s":{"0":0,"1":0,"2":0,"3":0,"4":0,"5":0,"6":0,"7":0,"8":0,"9":0,"10":0,"11":0,"12":0,"13":0,"14":0,"15":0,"16":0,"17":0,"18":0,"19":0},"branchMap":{"0":{"type":"branch","line":1,"loc":{"start":{"line":1,"column":0},"end":{"line":20,"column":1}},"locations":[{"start":{"line":1,"column":0},"end":{"line":20,"column":1}}]}},"b":{"0":[0]},"fnMap":{"0":{"name":"(empty-report)","decl":{"start":{"line":1,"column":0},"end":{"line":20,"column":1}},"loc":{"start":{"line":1,"column":0},"end":{"line":20,"column":1}},"line":1}},"f":{"0":0}}
}
