TN:
SF:app\components\loadingScreen\LoadingScreen.tsx
FN:12,LoadingScreen
FN:109,updateProgress
FNF:2
FNH:2
FNDA:53,LoadingScreen
FNDA:6,updateProgress
DA:1,1
DA:2,1
DA:12,53
DA:13,53
DA:14,53
DA:15,53
DA:16,53
DA:17,53
DA:18,53
DA:19,53
DA:20,53
DA:21,53
DA:22,53
DA:23,53
DA:26,53
DA:28,33
DA:29,33
DA:30,33
DA:34,33
DA:35,13
DA:36,33
DA:37,8
DA:38,20
DA:39,5
DA:40,12
DA:41,2
DA:42,7
DA:43,5
DA:44,5
DA:47,33
DA:48,2
DA:49,2
DA:50,2
DA:51,2
DA:52,2
DA:53,53
DA:56,53
DA:58,13
DA:60,1
DA:62,1
DA:63,1
DA:64,1
DA:65,1
DA:66,1
DA:67,1
DA:93,1
DA:105,1
DA:106,1
DA:109,1
DA:110,6
DA:111,6
DA:112,6
DA:114,6
DA:115,1
DA:116,1
DA:117,6
DA:120,1
DA:121,6
DA:122,6
DA:123,6
DA:124,6
DA:125,1
DA:128,1
DA:129,0
DA:130,0
DA:131,0
DA:132,0
DA:133,0
DA:134,1
DA:136,1
DA:137,53
DA:140,53
DA:141,19
DA:142,11
DA:143,11
DA:144,53
DA:147,53
DA:148,53
DA:149,53
DA:150,53
DA:152,53
DA:153,53
DA:154,53
DA:156,53
DA:158,53
DA:159,53
DA:160,53
DA:161,53
DA:162,53
DA:163,53
DA:165,53
DA:166,53
DA:167,53
DA:169,53
LF:94
LH:89
BRDA:12,0,0,53
BRDA:26,1,0,33
BRDA:34,2,0,13
BRDA:36,3,0,20
BRDA:36,4,0,8
BRDA:38,5,0,12
BRDA:38,6,0,5
BRDA:40,7,0,7
BRDA:40,8,0,2
BRDA:42,9,0,5
BRDA:47,10,0,4
BRDA:47,11,0,2
BRDA:50,12,0,2
BRDA:56,13,0,13
BRDA:58,14,0,12
BRDA:58,15,0,1
BRDA:109,16,0,6
BRDA:114,17,0,1
BRDA:120,18,0,6
BRDA:136,19,0,1
BRDA:140,20,0,19
BRDA:141,21,0,11
BRF:22
BRH:22
end_of_record
TN:
SF:app\components\modal\Modal.tsx
FN:13,Modal
FNF:1
FNH:1
FNDA:31,Modal
DA:1,1
DA:13,31
DA:14,31
DA:15,31
DA:16,31
DA:17,31
DA:18,31
DA:19,31
DA:20,31
DA:21,31
DA:22,31
DA:23,17
DA:24,31
DA:25,14
DA:26,14
DA:27,31
DA:29,31
DA:30,31
DA:31,31
DA:32,31
DA:33,31
DA:34,31
DA:35,31
DA:36,31
DA:37,31
DA:38,31
DA:39,31
DA:40,31
DA:41,31
DA:42,31
DA:43,31
DA:44,31
DA:45,31
DA:46,31
DA:47,31
DA:48,31
DA:49,31
DA:50,31
DA:51,31
DA:52,31
DA:54,31
DA:55,31
DA:56,31
DA:57,31
DA:58,31
DA:59,31
DA:60,31
DA:62,31
DA:63,31
DA:64,31
DA:65,31
DA:66,31
DA:67,31
DA:68,31
DA:70,31
DA:72,31
DA:73,31
DA:75,31
LF:58
LH:58
BRDA:13,0,0,31
BRDA:22,1,0,17
BRDA:24,2,0,14
BRF:3
BRH:3
end_of_record
TN:
SF:app\components\shared\Button.tsx
FN:10,Button
FNF:1
FNH:1
FNDA:138,Button
DA:2,1
DA:10,138
DA:11,138
DA:12,138
DA:13,138
DA:14,138
DA:15,138
DA:16,138
DA:17,138
DA:18,138
DA:19,138
DA:20,138
DA:21,138
DA:23,138
DA:24,138
DA:26,138
LF:16
LH:16
BRDA:10,0,0,138
BRDA:20,1,0,1
BRDA:20,2,0,137
BRF:3
BRH:3
end_of_record
TN:
SF:app\contexts\UsersContext.tsx
FN:41,usersReducer
FN:106,UsersProvider
FN:115,useUsers
FNF:3
FNH:3
FNDA:10,usersReducer
FNDA:24,UsersProvider
FNDA:36,useUsers
DA:1,1
DA:19,1
DA:20,1
DA:21,1
DA:22,1
DA:23,1
DA:24,1
DA:25,1
DA:26,1
DA:27,1
DA:28,1
DA:29,1
DA:30,1
DA:31,1
DA:32,1
DA:33,1
DA:34,1
DA:35,1
DA:36,1
DA:37,1
DA:38,1
DA:39,1
DA:41,10
DA:42,10
DA:43,10
DA:44,3
DA:45,10
DA:46,1
DA:47,10
DA:48,0
DA:49,0
DA:50,0
DA:51,0
DA:53,10
DA:54,2
DA:55,2
DA:56,2
DA:57,2
DA:58,2
DA:59,2
DA:60,2
DA:61,2
DA:62,2
DA:63,2
DA:64,2
DA:65,2
DA:66,2
DA:67,10
DA:68,2
DA:69,1
DA:70,1
DA:71,1
DA:72,1
DA:73,1
DA:74,1
DA:75,1
DA:76,1
DA:77,1
DA:78,1
DA:79,1
DA:80,1
DA:81,1
DA:82,1
DA:83,1
DA:84,1
DA:85,1
DA:86,1
DA:87,1
DA:88,10
DA:89,2
DA:90,2
DA:91,2
DA:92,2
DA:93,2
DA:94,10
DA:95,0
DA:96,10
DA:97,10
DA:104,1
DA:106,1
DA:107,24
DA:108,24
DA:109,24
DA:110,24
DA:111,24
DA:113,24
DA:115,1
DA:116,36
DA:117,36
DA:118,31
DA:119,31
LF:91
LH:86
BRDA:41,0,0,10
BRDA:43,1,0,3
BRDA:45,2,0,1
BRDA:47,3,0,0
BRDA:53,4,0,2
BRDA:67,5,0,2
BRDA:68,6,0,1
BRDA:88,7,0,2
BRDA:94,8,0,0
BRDA:106,9,0,24
BRDA:115,10,0,36
BRDA:117,11,0,4
BRDA:117,12,0,31
BRF:13
BRH:11
end_of_record
TN:
SF:app\contexts\game\GameWebSocketProvider.tsx
FN:17,GameWebSocketProvider
FN:59,ws.onopen
FN:63,ws.onclose
FN:84,ws.onerror
FN:87,ws.onmessage
FN:208,useGameWebSocket
FNF:6
FNH:6
FNDA:15,GameWebSocketProvider
FNDA:5,ws.onopen
FNDA:1,ws.onclose
FNDA:1,ws.onerror
FNDA:4,ws.onmessage
FNDA:19,useGameWebSocket
DA:1,1
DA:3,1
DA:4,1
DA:5,1
DA:6,1
DA:7,1
DA:10,1
DA:12,1
DA:15,1
DA:17,1
DA:18,15
DA:19,15
DA:20,15
DA:21,15
DA:22,15
DA:24,15
DA:26,15
DA:27,15
DA:30,15
DA:31,5
DA:32,0
DA:33,0
DA:34,0
DA:36,5
DA:37,0
DA:38,0
DA:39,5
DA:40,5
DA:41,5
DA:42,5
DA:44,15
DA:47,15
DA:48,1
DA:49,1
DA:50,1
DA:51,0
DA:52,0
DA:53,15
DA:56,15
DA:57,11
DA:58,5
DA:59,5
DA:60,5
DA:61,5
DA:63,5
DA:64,1
DA:65,1
DA:66,1
DA:67,0
DA:68,0
DA:69,0
DA:70,0
DA:71,0
DA:72,0
DA:73,0
DA:74,0
DA:75,0
DA:76,0
DA:77,0
DA:78,0
DA:79,0
DA:80,0
DA:81,0
DA:82,1
DA:84,5
DA:85,1
DA:86,1
DA:87,5
DA:88,4
DA:89,4
DA:90,4
DA:92,4
DA:93,1
DA:94,1
DA:95,1
DA:96,3
DA:97,1
DA:98,1
DA:99,1
DA:100,1
DA:101,1
DA:102,1
DA:103,1
DA:104,1
DA:105,1
DA:106,1
DA:108,1
DA:109,1
DA:110,1
DA:111,1
DA:112,1
DA:114,2
DA:116,1
DA:117,1
DA:119,1
DA:121,0
DA:122,0
DA:123,0
DA:124,0
DA:125,0
DA:127,1
DA:128,1
DA:129,1
DA:130,1
DA:131,1
DA:133,0
DA:134,0
DA:135,0
DA:136,0
DA:137,0
DA:138,0
DA:139,0
DA:140,0
DA:141,0
DA:142,0
DA:144,0
DA:146,0
DA:147,0
DA:149,0
DA:150,0
DA:151,0
DA:152,0
DA:153,0
DA:154,0
DA:155,0
DA:156,0
DA:157,0
DA:158,0
DA:159,0
DA:160,0
DA:161,0
DA:162,0
DA:163,0
DA:164,0
DA:165,0
DA:166,0
DA:167,0
DA:170,0
DA:172,0
DA:173,0
DA:174,0
DA:175,0
DA:176,0
DA:178,0
DA:180,0
DA:181,0
DA:182,0
DA:183,0
DA:184,0
DA:185,0
DA:186,0
DA:187,0
DA:188,0
DA:189,0
DA:190,0
DA:191,0
DA:192,0
DA:193,4
DA:194,0
DA:195,0
DA:196,4
DA:197,5
DA:198,15
DA:201,15
DA:202,15
DA:203,15
DA:204,15
DA:206,15
DA:208,1
DA:209,19
DA:210,19
DA:211,14
DA:212,14
LF:173
LH:92
BRDA:10,0,0,0
BRDA:17,1,0,15
BRDA:30,2,0,5
BRDA:31,3,0,0
BRDA:36,4,0,0
BRDA:47,5,0,1
BRDA:49,6,0,0
BRDA:50,7,0,0
BRDA:56,8,0,11
BRDA:57,9,0,6
BRDA:57,10,0,5
BRDA:59,11,0,5
BRDA:63,12,0,1
BRDA:66,13,0,0
BRDA:84,14,0,1
BRDA:87,15,0,4
BRDA:92,16,0,1
BRDA:95,17,0,3
BRDA:96,18,0,1
BRDA:112,19,0,2
BRDA:114,20,0,1
BRDA:119,21,0,0
BRDA:131,22,0,0
BRDA:193,23,0,0
BRDA:208,24,0,19
BRDA:210,25,0,4
BRDA:210,26,0,14
BRF:27
BRH:18
end_of_record
TN:
SF:app\contexts\game\Board\BoardContext.tsx
FN:38,boardReducer
FN:82,setBoard
FN:91,deleteFruit
FN:97,setFruits
FN:104,updateIceBlocks
FN:156,updateEnemy
FN:184,BoardProvider
FN:208,useBoard
FNF:8
FNH:7
FNDA:12,boardReducer
FNDA:3,setBoard
FNDA:2,deleteFruit
FNDA:3,setFruits
FNDA:0,updateIceBlocks
FNDA:2,updateEnemy
FNDA:25,BoardProvider
FNDA:34,useBoard
DA:1,1
DA:29,1
DA:30,1
DA:31,1
DA:32,1
DA:33,1
DA:34,1
DA:35,1
DA:36,1
DA:38,12
DA:39,12
DA:40,12
DA:41,3
DA:42,12
DA:43,3
DA:44,12
DA:45,2
DA:46,12
DA:47,0
DA:48,0
DA:49,0
DA:50,0
DA:51,0
DA:52,12
DA:53,2
DA:54,12
DA:55,0
DA:56,0
DA:57,0
DA:58,0
DA:59,0
DA:60,12
DA:61,0
DA:62,0
DA:64,0
DA:65,0
DA:66,0
DA:67,0
DA:68,0
DA:69,0
DA:70,12
DA:71,0
DA:72,0
DA:73,0
DA:74,0
DA:75,12
DA:76,2
DA:77,12
DA:78,12
DA:82,3
DA:83,3
DA:84,3
DA:85,3
DA:86,3
DA:87,3
DA:88,3
DA:89,3
DA:91,2
DA:92,2
DA:93,2
DA:94,2
DA:95,2
DA:96,2
DA:97,3
DA:98,3
DA:99,3
DA:100,3
DA:101,3
DA:102,3
DA:104,0
DA:105,0
DA:106,0
DA:109,0
DA:110,0
DA:111,0
DA:112,0
DA:113,0
DA:114,0
DA:115,0
DA:116,0
DA:117,0
DA:118,0
DA:119,0
DA:120,0
DA:121,0
DA:122,0
DA:123,0
DA:124,0
DA:125,0
DA:127,0
DA:128,0
DA:129,0
DA:130,0
DA:131,0
DA:132,0
DA:133,0
DA:134,0
DA:135,0
DA:136,0
DA:137,0
DA:138,0
DA:139,0
DA:140,0
DA:141,0
DA:142,0
DA:143,0
DA:144,0
DA:145,0
DA:146,0
DA:147,0
DA:149,0
DA:150,0
DA:151,0
DA:152,0
DA:153,0
DA:154,0
DA:156,2
DA:157,2
DA:158,2
DA:159,2
DA:160,1
DA:161,0
DA:162,0
DA:163,0
DA:164,0
DA:165,0
DA:166,0
DA:167,0
DA:168,0
DA:169,1
DA:170,2
DA:171,2
DA:172,2
DA:182,1
DA:184,1
DA:185,25
DA:186,25
DA:188,25
DA:189,16
DA:190,0
DA:191,0
DA:192,0
DA:193,16
DA:194,0
DA:195,0
DA:196,16
DA:197,16
DA:198,16
DA:199,25
DA:201,25
DA:202,25
DA:203,25
DA:204,25
DA:206,25
DA:208,1
DA:209,34
DA:210,34
DA:211,29
DA:212,29
LF:159
LH:77
BRDA:38,0,0,12
BRDA:40,1,0,3
BRDA:42,2,0,3
BRDA:44,3,0,2
BRDA:46,4,0,0
BRDA:52,5,0,2
BRDA:54,6,0,0
BRDA:60,7,0,0
BRDA:70,8,0,0
BRDA:75,9,0,2
BRDA:82,10,0,3
BRDA:84,11,0,9
BRDA:84,12,0,6
BRDA:85,13,0,9
BRDA:85,14,0,3
BRDA:86,15,0,9
BRDA:86,16,0,6
BRDA:91,17,0,2
BRDA:94,18,0,1
BRDA:97,19,0,3
BRDA:156,20,0,2
BRDA:159,21,0,1
BRDA:160,22,0,0
BRDA:184,23,0,25
BRDA:188,24,0,16
BRDA:189,25,0,13
BRDA:189,26,0,0
BRDA:193,27,0,0
BRDA:196,28,0,16
BRDA:197,29,0,0
BRDA:208,30,0,34
BRDA:210,31,0,4
BRDA:210,32,0,29
BRF:33
BRH:25
end_of_record
TN:
SF:app\contexts\game\FruitBar\FruitBarContext.tsx
FN:18,fruitBarReducer
FN:36,FruitBarProvider
FN:45,useFruitBar
FNF:3
FNH:3
FNDA:5,fruitBarReducer
FNDA:15,FruitBarProvider
FNDA:28,useFruitBar
DA:1,1
DA:13,1
DA:14,1
DA:15,1
DA:16,1
DA:18,5
DA:19,5
DA:20,5
DA:21,2
DA:22,5
DA:23,3
DA:24,5
DA:25,0
DA:26,5
DA:27,5
DA:34,1
DA:36,1
DA:37,15
DA:38,15
DA:39,15
DA:40,15
DA:41,15
DA:43,15
DA:45,1
DA:46,28
DA:47,28
DA:48,23
DA:49,23
LF:28
LH:27
BRDA:18,0,0,5
BRDA:20,1,0,2
BRDA:22,2,0,3
BRDA:24,3,0,0
BRDA:36,4,0,15
BRDA:45,5,0,28
BRDA:47,6,0,4
BRDA:47,7,0,23
BRF:8
BRH:7
end_of_record
TN:
SF:app\contexts\game\Header\HeaderContext.tsx
FN:31,headerReducer
FN:59,HeaderProvider
FN:68,useHeader
FNF:3
FNH:3
FNDA:14,headerReducer
FNDA:25,HeaderProvider
FNDA:37,useHeader
DA:1,1
DA:22,1
DA:23,1
DA:24,1
DA:25,1
DA:26,1
DA:27,1
DA:28,1
DA:29,1
DA:31,14
DA:32,14
DA:33,14
DA:34,2
DA:35,14
DA:36,2
DA:37,14
DA:38,3
DA:39,14
DA:40,3
DA:41,14
DA:42,2
DA:43,14
DA:44,1
DA:45,14
DA:46,1
DA:47,14
DA:48,0
DA:49,14
DA:50,14
DA:57,1
DA:59,1
DA:60,25
DA:61,25
DA:62,25
DA:63,25
DA:64,25
DA:66,25
DA:68,1
DA:69,37
DA:70,37
DA:71,32
DA:72,32
LF:42
LH:41
BRDA:31,0,0,14
BRDA:33,1,0,2
BRDA:35,2,0,2
BRDA:37,3,0,3
BRDA:39,4,0,3
BRDA:41,5,0,2
BRDA:43,6,0,1
BRDA:45,7,0,1
BRDA:47,8,0,0
BRDA:59,9,0,25
BRDA:68,10,0,37
BRDA:70,11,0,4
BRDA:70,12,0,32
BRF:13
BRH:12
end_of_record
TN:
SF:app\contexts\user\UserProvider.tsx
FN:5,UserProviders
FNF:1
FNH:1
FNDA:5,UserProviders
DA:1,1
DA:5,1
DA:6,5
DA:7,5
DA:8,5
DA:9,5
DA:11,5
LF:7
LH:7
BRDA:5,0,0,5
BRF:1
BRH:1
end_of_record
TN:
SF:app\contexts\user\UserProviders.tsx
FN:6,UserProviders
FNF:1
FNH:1
FNDA:7,UserProviders
DA:1,1
DA:6,1
DA:7,7
DA:8,7
DA:9,7
DA:10,7
DA:12,7
LF:7
LH:7
BRDA:6,0,0,7
BRF:1
BRH:1
end_of_record
TN:
SF:app\contexts\user\userContext.tsx
FN:28,setUserData
FN:29,setSecondaryUserData
FN:34,useUser
FN:37,UserProvider
FN:57,setUserData
FN:78,setSecondaryUserData
FNF:6
FNH:4
FNDA:0,setUserData
FNDA:0,setSecondaryUserData
FNDA:40,useUser
FNDA:34,UserProvider
FNDA:4,setUserData
FNDA:4,setSecondaryUserData
DA:1,1
DA:25,1
DA:26,1
DA:27,1
DA:28,1
DA:29,1
DA:30,1
DA:31,1
DA:34,1
DA:37,1
DA:39,34
DA:40,24
DA:41,24
DA:42,24
DA:43,24
DA:44,0
DA:45,34
DA:48,34
DA:49,24
DA:50,24
DA:51,24
DA:52,24
DA:53,0
DA:54,34
DA:57,34
DA:58,4
DA:60,4
DA:61,1
DA:62,4
DA:63,2
DA:64,2
DA:66,4
DA:67,4
DA:68,3
DA:69,4
DA:70,1
DA:71,1
DA:72,4
DA:74,4
DA:75,4
DA:78,34
DA:79,4
DA:81,4
DA:82,1
DA:83,4
DA:84,2
DA:85,2
DA:87,4
DA:88,4
DA:89,3
DA:90,4
DA:91,1
DA:92,1
DA:93,4
DA:95,4
DA:96,4
DA:99,34
DA:102,34
DA:103,32
DA:104,32
DA:105,34
DA:108,34
DA:109,34
DA:110,34
DA:111,34
DA:112,34
DA:113,34
DA:114,34
DA:116,34
DA:117,34
DA:118,34
DA:119,34
DA:121,34
LF:73
LH:71
BRDA:34,0,0,40
BRDA:37,1,0,34
BRDA:99,2,0,10
BRDA:99,3,0,0
BRDA:39,4,0,24
BRDA:42,5,0,7
BRDA:42,6,0,17
BRDA:43,7,0,0
BRDA:48,8,0,24
BRDA:51,9,0,0
BRDA:52,10,0,0
BRDA:57,11,0,4
BRDA:60,12,0,1
BRDA:62,13,0,3
BRDA:62,14,0,2
BRDA:62,15,0,2
BRDA:67,16,0,3
BRDA:69,17,0,1
BRDA:78,18,0,4
BRDA:81,19,0,1
BRDA:83,20,0,3
BRDA:83,21,0,2
BRDA:83,22,0,2
BRDA:88,23,0,3
BRDA:90,24,0,1
BRDA:102,25,0,32
BRF:26
BRH:22
end_of_record
TN:
SF:app\hooks\useFreezeFrames.ts
FN:1,(empty-report)
FNF:1
FNH:0
FNDA:0,(empty-report)
DA:1,0
DA:2,0
DA:3,0
DA:4,0
DA:5,0
DA:6,0
DA:7,0
DA:8,0
DA:9,0
DA:10,0
DA:11,0
DA:12,0
DA:13,0
DA:14,0
DA:15,0
DA:16,0
DA:17,0
DA:18,0
DA:19,0
DA:20,0
DA:21,0
DA:22,0
DA:23,0
DA:24,0
DA:25,0
DA:26,0
DA:27,0
DA:28,0
DA:29,0
DA:30,0
DA:31,0
DA:32,0
DA:33,0
DA:34,0
DA:35,0
LF:35
LH:0
BRDA:1,0,0,0
BRF:1
BRH:0
end_of_record
TN:
SF:app\hooks\useWebSocket.ts
FN:1,(empty-report)
FNF:1
FNH:0
FNDA:0,(empty-report)
DA:1,0
DA:2,0
DA:3,0
DA:4,0
DA:5,0
DA:6,0
DA:7,0
DA:8,0
DA:9,0
DA:10,0
DA:11,0
DA:12,0
DA:13,0
DA:14,0
DA:15,0
DA:16,0
DA:17,0
DA:18,0
DA:19,0
DA:20,0
DA:21,0
DA:22,0
DA:23,0
DA:24,0
DA:25,0
DA:26,0
DA:27,0
DA:28,0
DA:29,0
DA:30,0
DA:31,0
DA:32,0
DA:33,0
DA:34,0
DA:35,0
DA:36,0
DA:37,0
DA:38,0
DA:39,0
DA:40,0
DA:41,0
DA:42,0
DA:43,0
DA:44,0
DA:45,0
DA:46,0
DA:47,0
DA:48,0
DA:49,0
DA:50,0
DA:51,0
DA:52,0
DA:53,0
DA:54,0
DA:55,0
DA:56,0
DA:57,0
DA:58,0
LF:58
LH:0
BRDA:1,0,0,0
BRF:1
BRH:0
end_of_record
TN:
SF:app\routes\_index.tsx
FN:4,Index
FNF:1
FNH:1
FNDA:1,Index
DA:1,1
DA:4,1
DA:5,1
DA:6,1
DA:8,1
LF:5
LH:5
BRDA:4,0,0,1
BRF:1
BRH:1
end_of_record
TN:
SF:app\routes\createlobby\index.tsx
FN:26,Lobby
FN:62,handleSelectLevel
FN:69,handleBack
FN:97,loadRoomCode
FN:113,togglePlayer1Ready
FN:114,togglePlayer2Ready
FN:187,setWebSocketHandlers
FN:190,websocket.onopen
FN:194,websocket.onmessage
FN:321,websocket.onerror
FN:326,websocket.onclose
FN:332,handleStartGame
FN:357,handleBackButton
FN:361,handleFindOpponent
FN:388,cancelMatchmaking
FN:394,formatSearchTime
FN:484,onClick
FNF:17
FNH:11
FNDA:61,Lobby
FNDA:0,handleSelectLevel
FNDA:0,handleBack
FNDA:14,loadRoomCode
FNDA:4,togglePlayer1Ready
FNDA:0,togglePlayer2Ready
FNDA:7,setWebSocketHandlers
FNDA:0,websocket.onopen
FNDA:2,websocket.onmessage
FNDA:1,websocket.onerror
FNDA:1,websocket.onclose
FNDA:0,handleStartGame
FNDA:1,handleBackButton
FNDA:7,handleFindOpponent
FNDA:1,cancelMatchmaking
FNDA:14,formatSearchTime
FNDA:0,onClick
DA:1,1
DA:2,1
DA:3,1
DA:4,1
DA:5,1
DA:6,1
DA:7,1
DA:8,1
DA:9,1
DA:10,1
DA:11,1
DA:17,1
DA:18,1
DA:19,1
DA:20,1
DA:21,1
DA:22,1
DA:23,1
DA:24,1
DA:26,61
DA:27,61
DA:28,61
DA:29,61
DA:31,61
DA:33,61
DA:34,61
DA:35,61
DA:36,61
DA:37,61
DA:38,61
DA:39,61
DA:40,61
DA:43,61
DA:44,61
DA:45,61
DA:46,61
DA:49,61
DA:52,61
DA:55,61
DA:56,61
DA:59,61
DA:62,61
DA:64,0
DA:65,0
DA:66,0
DA:69,61
DA:70,0
DA:71,0
DA:96,61
DA:97,14
DA:98,14
DA:99,14
DA:100,14
DA:101,14
DA:102,14
DA:103,14
DA:104,14
DA:105,0
DA:106,0
DA:107,0
DA:108,14
DA:110,14
DA:111,61
DA:113,61
DA:114,61
DA:117,61
DA:118,23
DA:119,23
DA:120,7
DA:121,0
DA:122,7
DA:123,7
DA:124,23
DA:125,61
DA:128,61
DA:129,28
DA:131,14
DA:132,14
DA:133,0
DA:134,14
DA:136,14
DA:137,14
DA:138,14
DA:139,61
DA:142,61
DA:143,60
DA:144,0
DA:149,61
DA:151,20
DA:152,20
DA:153,20
DA:154,20
DA:155,20
DA:156,20
DA:157,20
DA:158,20
DA:159,20
DA:160,20
DA:161,20
DA:163,20
DA:165,20
DA:167,20
DA:168,20
DA:169,6
DA:170,0
DA:171,0
DA:172,0
DA:173,0
DA:175,0
DA:176,0
DA:177,0
DA:178,0
DA:179,0
DA:180,0
DA:181,6
DA:182,6
DA:183,20
DA:184,61
DA:187,61
DA:188,7
DA:190,7
DA:191,0
DA:192,0
DA:194,7
DA:195,2
DA:196,2
DA:197,2
DA:198,2
DA:200,2
DA:202,2
DA:203,2
DA:204,2
DA:208,2
DA:210,1
DA:211,1
DA:214,1
DA:215,1
DA:216,1
DA:217,1
DA:218,1
DA:220,1
DA:221,1
DA:222,1
DA:223,1
DA:224,1
DA:225,1
DA:226,1
DA:227,1
DA:230,1
DA:231,1
DA:232,1
DA:233,1
DA:234,1
DA:236,1
DA:237,1
DA:238,1
DA:239,1
DA:240,1
DA:241,1
DA:242,1
DA:243,1
DA:244,1
DA:246,1
DA:247,1
DA:248,1
DA:249,1
DA:250,1
DA:251,1
DA:252,1
DA:253,1
DA:254,1
DA:255,1
DA:256,1
DA:258,1
DA:261,1
DA:262,1
DA:263,1
DA:264,1
DA:265,1
DA:267,1
DA:268,1
DA:269,1
DA:270,1
DA:271,1
DA:272,1
DA:273,1
DA:274,1
DA:275,1
DA:278,1
DA:279,1
DA:280,1
DA:281,1
DA:282,1
DA:284,1
DA:285,1
DA:286,1
DA:287,1
DA:288,1
DA:289,1
DA:290,1
DA:291,1
DA:292,1
DA:294,1
DA:295,1
DA:296,1
DA:297,1
DA:298,1
DA:299,1
DA:300,1
DA:301,1
DA:302,1
DA:303,1
DA:304,1
DA:305,2
DA:307,2
DA:308,2
DA:309,2
DA:310,2
DA:311,2
DA:316,2
DA:317,0
DA:318,0
DA:319,2
DA:321,7
DA:322,1
DA:323,1
DA:324,1
DA:326,7
DA:327,1
DA:328,1
DA:329,1
DA:330,7
DA:332,61
DA:334,0
DA:336,0
DA:338,0
DA:339,0
DA:340,0
DA:341,0
DA:342,0
DA:343,0
DA:344,0
DA:345,0
DA:347,0
DA:348,0
DA:349,0
DA:350,0
DA:351,0
DA:352,0
DA:353,0
DA:354,0
DA:355,0
DA:357,61
DA:358,1
DA:359,1
DA:361,61
DA:362,7
DA:364,7
DA:365,7
DA:367,7
DA:370,7
DA:372,7
DA:373,7
DA:376,7
DA:378,7
DA:379,7
DA:380,0
DA:381,0
DA:382,7
DA:383,0
DA:384,0
DA:385,0
DA:386,7
DA:388,61
DA:389,1
DA:390,1
DA:391,1
DA:394,61
DA:395,14
DA:396,14
DA:397,14
DA:398,14
DA:401,61
DA:402,61
DA:404,61
DA:405,1
DA:406,1
DA:407,1
DA:411,61
DA:412,0
DA:413,0
DA:414,0
DA:418,61
DA:420,61
DA:421,61
DA:422,61
DA:423,61
DA:424,61
DA:425,61
DA:426,61
DA:427,61
DA:428,61
DA:429,61
DA:430,61
DA:431,61
DA:432,61
DA:435,61
DA:437,61
DA:438,60
DA:439,60
DA:440,60
DA:443,61
DA:444,61
DA:445,61
DA:446,61
DA:447,61
DA:448,61
DA:450,61
DA:451,14
DA:452,14
DA:453,14
DA:454,14
DA:455,14
DA:456,14
DA:457,14
DA:458,14
DA:459,14
DA:460,14
DA:461,14
DA:463,14
DA:464,14
DA:466,46
DA:467,46
DA:468,46
DA:469,46
DA:470,46
DA:471,46
DA:473,46
DA:474,46
DA:475,46
DA:476,12
DA:477,34
DA:478,46
DA:479,46
DA:483,61
DA:484,60
DA:486,60
DA:488,0
DA:489,0
DA:490,0
DA:491,0
DA:493,61
DA:495,61
DA:496,16
DA:497,16
DA:498,16
DA:499,16
DA:500,16
DA:501,16
DA:502,16
DA:503,16
DA:504,16
DA:506,16
DA:507,16
DA:510,61
DA:511,34
DA:512,34
DA:513,34
DA:514,34
DA:515,34
DA:519,61
DA:522,61
DA:523,61
DA:524,61
DA:525,61
DA:526,61
DA:527,61
DA:528,61
DA:529,61
DA:530,61
DA:531,61
DA:532,61
DA:533,61
DA:534,61
DA:535,61
DA:536,61
DA:537,61
DA:539,61
LF:388
LH:332
BRDA:26,0,0,61
BRDA:111,1,0,60
BRDA:142,2,0,60
BRDA:143,3,0,16
BRDA:143,4,0,0
BRDA:404,5,0,1
BRDA:411,6,0,0
BRDA:411,7,0,0
BRDA:418,8,0,60
BRDA:418,9,0,0
BRDA:418,10,0,0
BRDA:418,11,0,60
BRDA:437,12,0,60
BRDA:437,13,0,60
BRDA:450,14,0,14
BRDA:464,15,0,46
BRDA:475,16,0,12
BRDA:475,17,0,12
BRDA:476,18,0,34
BRDA:483,19,0,60
BRDA:486,20,0,0
BRDA:495,21,0,16
BRDA:510,22,0,44
BRDA:510,23,0,34
BRDA:514,24,0,20
BRDA:514,25,0,0
BRDA:96,26,0,14
BRDA:97,27,0,14
BRDA:104,28,0,0
BRDA:113,29,0,4
BRDA:113,30,0,4
BRDA:117,31,0,23
BRDA:119,32,0,7
BRDA:124,33,0,23
BRDA:128,34,0,28
BRDA:129,35,0,14
BRDA:129,36,0,14
BRDA:131,37,0,0
BRDA:132,38,0,0
BRDA:136,39,0,0
BRDA:149,40,0,20
BRDA:165,41,0,0
BRDA:168,42,0,6
BRDA:183,43,0,20
BRDA:187,44,0,7
BRDA:188,45,0,0
BRDA:194,46,0,2
BRDA:208,47,0,1
BRDA:316,48,0,0
BRDA:321,49,0,1
BRDA:326,50,0,1
BRDA:357,51,0,1
BRDA:361,52,0,7
BRDA:379,53,0,0
BRDA:382,54,0,0
BRDA:388,55,0,1
BRDA:394,56,0,14
BRF:57
BRH:41
end_of_record
TN:
SF:app\routes\createlobby\components\GameControls.tsx
FN:7,GameControls
FNF:1
FNH:1
FNDA:34,GameControls
DA:7,34
DA:8,34
DA:9,34
DA:11,34
DA:12,34
DA:13,34
DA:14,34
DA:16,34
DA:17,34
DA:19,34
LF:10
LH:10
BRDA:7,0,0,34
BRF:1
BRH:1
end_of_record
TN:
SF:app\routes\createlobby\components\IceCreamSelector.tsx
FN:22,IceCreamSelector
FN:56,onClick
FN:87,onChange
FNF:3
FNH:3
FNDA:120,IceCreamSelector
FNDA:1,onClick
FNDA:2,onChange
DA:1,1
DA:22,120
DA:23,120
DA:24,120
DA:25,120
DA:26,120
DA:27,120
DA:28,120
DA:29,120
DA:30,120
DA:31,120
DA:32,120
DA:33,120
DA:35,120
DA:36,68
DA:38,18
DA:39,18
DA:40,18
DA:41,120
DA:44,120
DA:46,120
DA:47,120
DA:48,120
DA:50,120
DA:51,120
DA:52,684
DA:53,684
DA:54,684
DA:55,684
DA:56,684
DA:57,684
DA:59,684
DA:60,684
DA:61,684
DA:62,684
DA:63,684
DA:64,684
DA:65,684
DA:66,120
DA:67,120
DA:69,120
DA:70,87
DA:71,87
DA:72,87
DA:73,87
DA:74,87
DA:75,87
DA:76,87
DA:79,87
DA:80,87
DA:82,87
DA:83,87
DA:84,87
DA:85,87
DA:86,87
DA:87,87
DA:88,87
DA:89,87
DA:90,87
DA:91,87
DA:92,87
DA:93,87
DA:95,87
DA:96,45
DA:97,45
DA:98,45
DA:99,45
DA:100,45
DA:102,45
DA:103,45
DA:106,87
DA:107,42
DA:109,42
DA:112,87
DA:113,87
DA:115,120
DA:117,120
LF:77
LH:77
BRDA:22,0,0,120
BRDA:44,1,0,109
BRDA:47,2,0,11
BRDA:47,3,0,109
BRDA:47,4,0,57
BRDA:47,5,0,63
BRDA:69,6,0,87
BRDA:75,7,0,42
BRDA:75,8,0,45
BRDA:89,9,0,42
BRDA:89,10,0,45
BRDA:95,11,0,45
BRDA:98,12,0,11
BRDA:98,13,0,34
BRDA:102,14,0,11
BRDA:102,15,0,34
BRDA:106,16,0,42
BRDA:112,17,0,11
BRDA:112,18,0,11
BRDA:35,19,0,68
BRDA:36,20,0,33
BRDA:36,21,0,33
BRDA:36,22,0,18
BRDA:38,23,0,17
BRDA:38,24,0,1
BRDA:51,25,0,684
BRDA:55,26,0,501
BRDA:55,27,0,87
BRDA:55,28,0,597
BRDA:62,29,0,333
BRDA:62,30,0,351
BRDA:56,31,0,1
BRDA:87,32,0,2
BRDA:87,33,0,1
BRF:34
BRH:34
end_of_record
TN:
SF:app\routes\createlobby\components\LvlSelector.tsx
FN:12,LvlSelector
FNF:1
FNH:0
FNDA:0,LvlSelector
DA:2,1
DA:12,1
DA:13,0
DA:14,0
DA:15,0
DA:16,0
DA:17,0
DA:18,0
DA:19,0
DA:20,0
DA:21,0
DA:23,0
DA:24,0
DA:25,0
DA:26,0
DA:27,0
DA:28,0
DA:29,0
DA:30,0
DA:31,0
DA:32,0
DA:33,0
DA:34,0
DA:36,0
DA:37,0
DA:39,0
DA:40,0
DA:41,0
DA:42,0
DA:43,0
DA:44,0
DA:45,0
DA:46,0
DA:48,0
DA:50,1
LF:35
LH:3
BRF:0
BRH:0
end_of_record
TN:
SF:app\routes\joinscreen\index.tsx
FN:9,JoinScreen
FN:17,openModal
FN:24,closeModal
FN:26,handleRoomCodeChange
FN:37,handleJoinLobby
FN:68,handleCreateLobby
FNF:6
FNH:5
FNDA:16,JoinScreen
FNDA:4,openModal
FNDA:0,closeModal
FNDA:3,handleRoomCodeChange
FNDA:1,handleJoinLobby
FNDA:2,handleCreateLobby
DA:1,1
DA:2,1
DA:3,1
DA:4,1
DA:5,1
DA:6,1
DA:7,1
DA:9,16
DA:10,16
DA:11,16
DA:12,16
DA:13,16
DA:14,16
DA:15,16
DA:17,16
DA:18,4
DA:19,4
DA:20,4
DA:21,4
DA:22,4
DA:24,16
DA:26,16
DA:28,3
DA:29,3
DA:32,3
DA:33,0
DA:34,0
DA:35,3
DA:37,16
DA:38,1
DA:39,0
DA:40,0
DA:41,0
DA:44,1
DA:46,1
DA:48,1
DA:52,1
DA:54,1
DA:55,1
DA:57,0
DA:58,0
DA:59,1
DA:60,0
DA:61,0
DA:62,1
DA:63,1
DA:64,1
DA:65,1
DA:68,16
DA:70,2
DA:71,2
DA:72,2
DA:73,2
DA:75,2
DA:78,2
DA:80,1
DA:81,1
DA:82,1
DA:83,1
DA:84,1
DA:85,1
DA:86,1
DA:87,0
DA:88,0
DA:89,0
DA:90,0
DA:91,1
DA:92,2
DA:96,16
DA:97,16
DA:98,16
DA:99,16
DA:100,16
DA:101,16
DA:102,16
DA:103,16
DA:104,16
DA:105,16
DA:106,16
DA:107,16
DA:109,16
DA:110,16
DA:111,16
DA:112,16
DA:113,16
DA:114,16
DA:116,16
DA:117,16
DA:119,16
DA:120,16
DA:121,16
DA:122,16
DA:124,16
DA:125,16
DA:126,16
DA:127,16
DA:128,16
DA:129,16
DA:130,16
DA:131,16
DA:132,16
DA:133,16
DA:134,16
DA:135,16
DA:137,16
DA:138,0
DA:139,0
DA:140,0
DA:143,16
DA:144,16
DA:145,16
DA:146,16
DA:147,16
DA:148,16
DA:149,16
DA:151,16
DA:152,16
DA:153,16
DA:154,16
DA:155,16
DA:156,16
DA:158,16
DA:159,16
DA:160,16
DA:161,16
DA:162,16
DA:163,16
DA:164,16
DA:166,16
LF:129
LH:113
BRDA:9,0,0,16
BRDA:130,1,0,0
BRDA:137,2,0,0
BRDA:156,3,0,15
BRDA:158,4,0,1
BRDA:158,5,0,15
BRDA:17,6,0,4
BRDA:26,7,0,3
BRDA:32,8,0,0
BRDA:37,9,0,1
BRDA:38,10,0,0
BRDA:55,11,0,0
BRDA:59,12,0,0
BRDA:48,13,0,1
BRDA:68,14,0,2
BRDA:78,15,0,1
BRDA:85,16,0,0
BRDA:86,17,0,0
BRF:18
BRH:10
end_of_record
TN:
SF:app\routes\startscreen\index.tsx
FN:24,MicrosoftLoginButton
FN:27,handleLogin
FN:71,StartScreen
FN:78,handleStartGame
FN:141,onClick
FN:157,onClose
FN:190,onClick
FNF:7
FNH:5
FNDA:9,MicrosoftLoginButton
FNDA:1,handleLogin
FNDA:6,StartScreen
FNDA:2,handleStartGame
FNDA:1,onClick
FNDA:0,onClose
FNDA:0,onClick
DA:1,1
DA:2,1
DA:3,1
DA:4,1
DA:5,1
DA:6,1
DA:7,1
DA:8,1
DA:9,1
DA:10,1
DA:24,1
DA:25,9
DA:27,9
DA:28,1
DA:29,1
DA:30,1
DA:31,1
DA:33,9
DA:34,9
DA:35,9
DA:36,9
DA:37,9
DA:38,9
DA:39,9
DA:40,9
DA:41,9
DA:42,9
DA:43,9
DA:44,9
DA:45,9
DA:46,9
DA:47,9
DA:48,9
DA:49,9
DA:50,9
DA:51,9
DA:52,9
DA:54,9
DA:55,9
DA:56,9
DA:57,9
DA:58,9
DA:59,9
DA:61,9
DA:62,9
DA:63,1
DA:64,1
DA:65,1
DA:67,9
DA:69,9
DA:71,6
DA:72,6
DA:73,6
DA:74,6
DA:75,6
DA:76,6
DA:78,6
DA:79,2
DA:80,2
DA:81,2
DA:82,2
DA:83,2
DA:84,2
DA:85,2
DA:87,1
DA:88,2
DA:89,1
DA:90,0
DA:91,0
DA:92,0
DA:94,1
DA:95,1
DA:96,1
DA:97,1
DA:98,1
DA:99,1
DA:100,1
DA:101,1
DA:102,1
DA:105,1
DA:106,1
DA:107,2
DA:108,0
DA:109,0
DA:110,0
DA:111,2
DA:112,1
DA:113,1
DA:114,1
DA:116,1
DA:117,1
DA:118,1
DA:119,0
DA:120,0
DA:121,0
DA:122,0
DA:123,1
DA:124,2
DA:126,6
DA:127,6
DA:128,6
DA:129,6
DA:130,6
DA:131,6
DA:132,6
DA:133,6
DA:134,6
DA:135,6
DA:137,6
DA:138,6
DA:139,6
DA:140,6
DA:141,6
DA:142,6
DA:144,6
DA:145,6
DA:146,6
DA:147,6
DA:148,6
DA:149,1
DA:150,1
DA:151,1
DA:155,6
DA:156,6
DA:157,6
DA:158,6
DA:159,6
DA:160,6
DA:162,6
DA:163,6
DA:164,6
DA:165,6
DA:166,6
DA:167,6
DA:168,6
DA:169,6
DA:171,6
DA:172,6
DA:173,6
DA:174,60
DA:175,60
DA:176,60
DA:177,60
DA:178,60
DA:179,60
DA:180,60
DA:181,6
DA:182,6
DA:183,6
DA:184,6
DA:185,6
DA:186,6
DA:187,6
DA:188,6
DA:189,6
DA:190,6
DA:191,6
DA:192,6
DA:194,6
DA:195,6
DA:196,6
DA:197,6
DA:199,6
LF:163
LH:153
BRDA:24,0,0,9
BRDA:62,1,0,1
BRDA:27,2,0,1
BRDA:71,3,0,6
BRDA:148,4,0,1
BRDA:78,5,0,2
BRDA:85,6,0,1
BRDA:88,7,0,1
BRDA:89,8,0,0
BRDA:106,9,0,0
BRDA:107,10,0,0
BRDA:111,11,0,1
BRDA:117,12,0,0
BRDA:118,13,0,0
BRDA:141,14,0,1
BRDA:173,15,0,60
BRF:16
BRH:11
end_of_record
TN:
SF:app\types\animation.ts
FN:1,(empty-report)
FNF:1
FNH:0
FNDA:0,(empty-report)
DA:1,0
DA:2,0
DA:3,0
DA:4,0
DA:5,0
DA:6,0
DA:7,0
DA:8,0
DA:9,0
DA:10,0
DA:11,0
DA:12,0
DA:13,0
DA:14,0
DA:15,0
DA:16,0
DA:17,0
DA:18,0
DA:19,0
LF:19
LH:0
BRDA:1,0,0,0
BRF:1
BRH:0
end_of_record
TN:
SF:app\types\enemyTypes.ts
FN:1,(empty-report)
FNF:1
FNH:0
FNDA:0,(empty-report)
DA:1,0
DA:2,0
DA:3,0
DA:4,0
DA:5,0
DA:6,0
DA:7,0
DA:8,0
DA:9,0
LF:9
LH:0
BRDA:1,0,0,0
BRF:1
BRH:0
end_of_record
TN:
SF:app\types\outputMessage.ts
FN:1,(empty-report)
FNF:1
FNH:0
FNDA:0,(empty-report)
DA:1,0
DA:2,0
DA:3,0
DA:4,0
DA:5,0
DA:6,0
DA:7,0
DA:8,0
DA:9,0
DA:10,0
DA:11,0
DA:12,0
DA:13,0
DA:14,0
DA:15,0
DA:16,0
DA:17,0
DA:18,0
DA:19,0
DA:20,0
DA:21,0
DA:22,0
DA:23,0
DA:24,0
DA:25,0
DA:26,0
DA:27,0
DA:28,0
DA:29,0
DA:30,0
DA:31,0
DA:32,0
DA:33,0
DA:34,0
DA:35,0
DA:36,0
DA:37,0
LF:37
LH:0
BRDA:1,0,0,0
BRF:1
BRH:0
end_of_record
TN:
SF:app\types\types.ts
FN:1,(empty-report)
FNF:1
FNH:0
FNDA:0,(empty-report)
DA:1,0
DA:2,0
DA:3,0
DA:4,0
DA:5,0
DA:6,0
DA:7,0
DA:8,0
DA:9,0
DA:10,0
DA:11,0
DA:12,0
DA:13,0
DA:14,0
DA:15,0
DA:16,0
DA:17,0
DA:18,0
DA:19,0
DA:20,0
DA:21,0
DA:22,0
DA:23,0
DA:24,0
DA:25,0
DA:26,0
DA:27,0
DA:28,0
DA:29,0
DA:30,0
DA:31,0
DA:32,0
DA:33,0
DA:34,0
DA:35,0
DA:36,0
DA:37,0
DA:38,0
DA:39,0
DA:40,0
DA:41,0
DA:42,0
DA:43,0
DA:44,0
DA:45,0
DA:46,0
DA:47,0
DA:48,0
DA:49,0
DA:50,0
DA:51,0
DA:52,0
DA:53,0
DA:54,0
DA:55,0
DA:56,0
DA:57,0
DA:58,0
DA:59,0
DA:60,0
DA:61,0
DA:62,0
DA:63,0
DA:64,0
DA:65,0
DA:66,0
LF:66
LH:0
BRDA:1,0,0,0
BRF:1
BRH:0
end_of_record
TN:
SF:app\utils\spriteLoader.ts
FN:1,(empty-report)
FNF:1
FNH:0
FNDA:0,(empty-report)
DA:1,0
DA:2,0
DA:3,0
DA:4,0
DA:5,0
DA:6,0
DA:7,0
DA:8,0
DA:9,0
DA:10,0
DA:11,0
DA:12,0
DA:13,0
DA:14,0
DA:15,0
DA:16,0
DA:17,0
DA:18,0
DA:19,0
DA:20,0
LF:20
LH:0
BRDA:1,0,0,0
BRF:1
BRH:0
end_of_record
